ASSERTION	AAMEAAEBBgAAAAAAAECfQA==
RUN	com.loadtest.simulations.SimulationFirst	simulationfirst	1547029094986	 	3.0.0
USER	Loadtest	1	START	1547029097312	1547029097312
REQUEST	1		rest_Api_checkEmpSalary	1547029097406	1547029097744	OK	 
USER	Loadtest	2	START	1547029098415	1547029098415
REQUEST	1		rest_Api_checkEmpSalary	1547029098366	1547029098591	OK	 
REQUEST	2		rest_Api_checkEmpSalary	1547029098416	1547029098654	OK	 
USER	Loadtest	3	START	1547029099415	1547029099415
REQUEST	1		rest_Api_checkEmpSalary	1547029099385	1547029099605	OK	 
REQUEST	2		rest_Api_checkEmpSalary	1547029099435	1547029099656	OK	 
REQUEST	3		rest_Api_checkEmpSalary	1547029099416	1547029099806	OK	 
USER	Loadtest	4	START	1547029100264	1547029100264
REQUEST	4		rest_Api_checkEmpSalary	1547029100265	1547029100514	OK	 
REQUEST	3		rest_Api_checkEmpSalary	1547029100436	1547029100722	OK	 
REQUEST	1		rest_Api_checkEmpSalary	1547029100405	1547029100724	OK	 
REQUEST	2		rest_Api_checkEmpSalary	1547029100455	1547029100833	OK	 
USER	Loadtest	5	START	1547029101265	1547029101265
REQUEST	4		rest_Api_checkEmpSalary	1547029101285	1547029101505	OK	 
REQUEST	5		rest_Api_checkEmpSalary	1547029101266	1547029101515	OK	 
REQUEST	1		rest_Api_checkEmpSalary	1547029101426	1547029101705	OK	 
REQUEST	3		rest_Api_checkEmpSalary	1547029101456	1547029101711	OK	 
REQUEST	2		rest_Api_checkEmpSalary	1547029101486	1547029101947	OK	 
USER	Loadtest	6	START	1547029102265	1547029102265
REQUEST	5		rest_Api_checkEmpSalary	1547029102286	1547029102508	OK	 
REQUEST	6		rest_Api_checkEmpSalary	1547029102269	1547029102518	OK	 
REQUEST	4		rest_Api_checkEmpSalary	1547029102305	1547029102710	OK	 
REQUEST	1		rest_Api_checkEmpSalary	1547029102446	1547029102709	OK	 
REQUEST	2		rest_Api_checkEmpSalary	1547029102505	1547029102972	OK	 
REQUEST	3		rest_Api_checkEmpSalary	1547029102475	1547029102972	OK	 
USER	Loadtest	7	START	1547029103265	1547029103265
REQUEST	7		rest_Api_checkEmpSalary	1547029103266	1547029103501	OK	 
REQUEST	6		rest_Api_checkEmpSalary	1547029103285	1547029103503	OK	 
REQUEST	4		rest_Api_checkEmpSalary	1547029103325	1547029103704	OK	 
REQUEST	5		rest_Api_checkEmpSalary	1547029103307	1547029103704	OK	 
REQUEST	3		rest_Api_checkEmpSalary	1547029103496	1547029103904	OK	 
REQUEST	1		rest_Api_checkEmpSalary	1547029103465	1547029103903	OK	 
REQUEST	2		rest_Api_checkEmpSalary	1547029103525	1547029104202	OK	 
USER	Loadtest	8	START	1547029104265	1547029104265
REQUEST	8		rest_Api_checkEmpSalary	1547029104266	1547029104501	OK	 
REQUEST	7		rest_Api_checkEmpSalary	1547029104285	1547029104502	OK	 
REQUEST	6		rest_Api_checkEmpSalary	1547029104295	1547029104712	OK	 
REQUEST	5		rest_Api_checkEmpSalary	1547029104326	1547029104712	OK	 
REQUEST	1		rest_Api_checkEmpSalary	1547029104476	1547029104919	OK	 
REQUEST	4		rest_Api_checkEmpSalary	1547029104346	1547029104919	OK	 
REQUEST	3		rest_Api_checkEmpSalary	1547029104507	1547029105146	OK	 
REQUEST	2		rest_Api_checkEmpSalary	1547029104546	1547029105146	OK	 
USER	Loadtest	9	START	1547029105265	1547029105265
REQUEST	7		rest_Api_checkEmpSalary	1547029105305	1547029105524	OK	 
REQUEST	8		rest_Api_checkEmpSalary	1547029105286	1547029105525	OK	 
REQUEST	5		rest_Api_checkEmpSalary	1547029105346	1547029105727	OK	 
REQUEST	9		rest_Api_checkEmpSalary	1547029105266	1547029105728	OK	 
REQUEST	6		rest_Api_checkEmpSalary	1547029105315	1547029105944	OK	 
REQUEST	4		rest_Api_checkEmpSalary	1547029105365	1547029105944	OK	 
REQUEST	3		rest_Api_checkEmpSalary	1547029105529	1547029106146	OK	 
REQUEST	1		rest_Api_checkEmpSalary	1547029105495	1547029106147	OK	 
USER	Loadtest	10	START	1547029106264	1547029106264
REQUEST	2		rest_Api_checkEmpSalary	1547029105565	1547029106332	OK	 
REQUEST	10		rest_Api_checkEmpSalary	1547029106265	1547029106500	OK	 
REQUEST	9		rest_Api_checkEmpSalary	1547029106285	1547029106531	OK	 
REQUEST	8		rest_Api_checkEmpSalary	1547029106305	1547029106702	OK	 
REQUEST	6		rest_Api_checkEmpSalary	1547029106325	1547029106731	OK	 
REQUEST	7		rest_Api_checkEmpSalary	1547029106326	1547029106908	OK	 
REQUEST	5		rest_Api_checkEmpSalary	1547029106365	1547029106933	OK	 
REQUEST	4		rest_Api_checkEmpSalary	1547029106375	1547029107169	OK	 
REQUEST	1		rest_Api_checkEmpSalary	1547029106516	1547029107170	OK	 
USER	Loadtest	11	START	1547029107265	1547029107265
REQUEST	3		rest_Api_checkEmpSalary	1547029106545	1547029107309	OK	 
REQUEST	2		rest_Api_checkEmpSalary	1547029106585	1547029107334	OK	 
REQUEST	11		rest_Api_checkEmpSalary	1547029107266	1547029107508	OK	 
REQUEST	10		rest_Api_checkEmpSalary	1547029107285	1547029107534	OK	 
REQUEST	9		rest_Api_checkEmpSalary	1547029107305	1547029107740	OK	 
REQUEST	8		rest_Api_checkEmpSalary	1547029107326	1547029107754	OK	 
REQUEST	6		rest_Api_checkEmpSalary	1547029107345	1547029107943	OK	 
REQUEST	7		rest_Api_checkEmpSalary	1547029107346	1547029107965	OK	 
REQUEST	5		rest_Api_checkEmpSalary	1547029107385	1547029108112	OK	 
REQUEST	4		rest_Api_checkEmpSalary	1547029107395	1547029108147	OK	 
USER	Loadtest	12	START	1547029108265	1547029108265
REQUEST	1		rest_Api_checkEmpSalary	1547029107535	1547029108311	OK	 
REQUEST	3		rest_Api_checkEmpSalary	1547029107565	1547029108341	OK	 
REQUEST	2		rest_Api_checkEmpSalary	1547029107596	1547029108513	OK	 
REQUEST	11		rest_Api_checkEmpSalary	1547029108285	1547029108540	OK	 
REQUEST	12		rest_Api_checkEmpSalary	1547029108266	1547029108713	OK	 
REQUEST	10		rest_Api_checkEmpSalary	1547029108306	1547029108741	OK	 
REQUEST	9		rest_Api_checkEmpSalary	1547029108325	1547029108916	OK	 
REQUEST	8		rest_Api_checkEmpSalary	1547029108345	1547029108940	OK	 
REQUEST	6		rest_Api_checkEmpSalary	1547029108355	1547029109218	OK	 
REQUEST	7		rest_Api_checkEmpSalary	1547029108365	1547029109218	OK	 
USER	Loadtest	13	START	1547029109264	1547029109264
REQUEST	5		rest_Api_checkEmpSalary	1547029108405	1547029109320	OK	 
REQUEST	4		rest_Api_checkEmpSalary	1547029108415	1547029109344	OK	 
REQUEST	1		rest_Api_checkEmpSalary	1547029108555	1547029109518	OK	 
REQUEST	3		rest_Api_checkEmpSalary	1547029108586	1547029109543	OK	 
REQUEST	2		rest_Api_checkEmpSalary	1547029108615	1547029109723	OK	 
REQUEST	13		rest_Api_checkEmpSalary	1547029109265	1547029109746	OK	 
REQUEST	12		rest_Api_checkEmpSalary	1547029109285	1547029109931	OK	 
REQUEST	11		rest_Api_checkEmpSalary	1547029109305	1547029109946	OK	 
REQUEST	10		rest_Api_checkEmpSalary	1547029109326	1547029110142	OK	 
REQUEST	9		rest_Api_checkEmpSalary	1547029109346	1547029110148	OK	 
USER	Loadtest	14	START	1547029110265	1547029110265
REQUEST	8		rest_Api_checkEmpSalary	1547029109365	1547029110322	OK	 
REQUEST	6		rest_Api_checkEmpSalary	1547029109376	1547029110348	OK	 
REQUEST	7		rest_Api_checkEmpSalary	1547029109386	1547029110549	OK	 
REQUEST	5		rest_Api_checkEmpSalary	1547029109425	1547029110550	OK	 
REQUEST	4		rest_Api_checkEmpSalary	1547029109435	1547029110726	OK	 
REQUEST	1		rest_Api_checkEmpSalary	1547029109575	1547029110749	OK	 
REQUEST	2		rest_Api_checkEmpSalary	1547029109724	1547029110959	OK	 
REQUEST	3		rest_Api_checkEmpSalary	1547029109606	1547029110958	OK	 
REQUEST	14		rest_Api_checkEmpSalary	1547029110266	1547029111127	OK	 
REQUEST	13		rest_Api_checkEmpSalary	1547029110286	1547029111152	OK	 
USER	Loadtest	15	START	1547029111265	1547029111265
REQUEST	12		rest_Api_checkEmpSalary	1547029110306	1547029111328	OK	 
REQUEST	11		rest_Api_checkEmpSalary	1547029110325	1547029111353	OK	 
REQUEST	10		rest_Api_checkEmpSalary	1547029110345	1547029111529	OK	 
REQUEST	9		rest_Api_checkEmpSalary	1547029110365	1547029111554	OK	 
REQUEST	8		rest_Api_checkEmpSalary	1547029110385	1547029111730	OK	 
REQUEST	6		rest_Api_checkEmpSalary	1547029110396	1547029111755	OK	 
REQUEST	5		rest_Api_checkEmpSalary	1547029110551	1547029111933	OK	 
REQUEST	7		rest_Api_checkEmpSalary	1547029110550	1547029111954	OK	 
REQUEST	4		rest_Api_checkEmpSalary	1547029110727	1547029112134	OK	 
REQUEST	1		rest_Api_checkEmpSalary	1547029110750	1547029112154	OK	 
USER	Loadtest	16	START	1547029112265	1547029112265
REQUEST	2		rest_Api_checkEmpSalary	1547029110960	1547029112336	OK	 
REQUEST	3		rest_Api_checkEmpSalary	1547029110959	1547029112355	OK	 
REQUEST	15		rest_Api_checkEmpSalary	1547029111266	1547029112537	OK	 
REQUEST	14		