ASSERTION	AAMEAAEBBgAAAAAAAECfQA==
RUN	com.loadtest.simulations.SimulationFirst	simulationfirst	1547028882045	 	3.0.0
USER	Loadtest	1	START	1547028884625	1547028884625
REQUEST	1		rest_Api_checkEmpSalary	1547028884689	1547028885004	OK	 
USER	Loadtest	2	START	1547028885694	1547028885694
REQUEST	1		rest_Api_checkEmpSalary	1547028885665	1547028885893	OK	 
REQUEST	2		rest_Api_checkEmpSalary	1547028885695	1547028885936	OK	 
USER	Loadtest	3	START	1547028886694	1547028886694
REQUEST	1		rest_Api_checkEmpSalary	1547028886684	1547028886908	OK	 
REQUEST	3		rest_Api_checkEmpSalary	1547028886695	1547028886936	OK	 
REQUEST	2		rest_Api_checkEmpSalary	1547028886719	1547028887109	OK	 
USER	Loadtest	4	START	1547028887594	1547028887594
REQUEST	4		rest_Api_checkEmpSalary	1547028887596	1547028887921	OK	 
REQUEST	1		rest_Api_checkEmpSalary	1547028887705	1547028887948	OK	 
REQUEST	3		rest_Api_checkEmpSalary	1547028887714	1547028888106	OK	 
REQUEST	2		rest_Api_checkEmpSalary	1547028887735	1547028888133	OK	 
USER	Loadtest	5	START	1547028888595	1547028888595
REQUEST	4		rest_Api_checkEmpSalary	1547028888614	1547028888842	OK	 
REQUEST	5		rest_Api_checkEmpSalary	1547028888595	1547028888842	OK	 
REQUEST	1		rest_Api_checkEmpSalary	1547028888725	1547028889056	OK	 
REQUEST	3		rest_Api_checkEmpSalary	1547028888735	1547028889056	OK	 
REQUEST	2		rest_Api_checkEmpSalary	1547028888755	1547028889260	OK	 
USER	Loadtest	6	START	1547028889594	1547028889594
REQUEST	5		rest_Api_checkEmpSalary	1547028889615	1547028889837	OK	 
REQUEST	6		rest_Api_checkEmpSalary	1547028889595	1547028889839	OK	 
REQUEST	1		rest_Api_checkEmpSalary	1547028889744	1547028890040	OK	 
REQUEST	4		rest_Api_checkEmpSalary	1547028889638	1547028890041	OK	 
REQUEST	3		rest_Api_checkEmpSalary	1547028889755	1547028890288	OK	 
REQUEST	2		rest_Api_checkEmpSalary	1547028889775	1547028890287	OK	 
USER	Loadtest	7	START	1547028890594	1547028890594
REQUEST	6		rest_Api_checkEmpSalary	1547028890615	1547028890837	OK	 
REQUEST	7		rest_Api_checkEmpSalary	1547028890595	1547028890836	OK	 
REQUEST	4		rest_Api_checkEmpSalary	1547028890664	1547028891038	OK	 
REQUEST	5		rest_Api_checkEmpSalary	1547028890634	1547028891039	OK	 
REQUEST	1		rest_Api_checkEmpSalary	1547028890764	1547028891240	OK	 
REQUEST	3		rest_Api_checkEmpSalary	1547028890774	1547028891243	OK	 
REQUEST	2		rest_Api_checkEmpSalary	1547028890795	1547028891442	OK	 
USER	Loadtest	8	START	1547028891594	1547028891594
REQUEST	7		rest_Api_checkEmpSalary	1547028891615	1547028891835	OK	 
REQUEST	8		rest_Api_checkEmpSalary	1547028891595	1547028891843	OK	 
REQUEST	6		rest_Api_checkEmpSalary	1547028891635	1547028892038	OK	 
REQUEST	5		rest_Api_checkEmpSalary	1547028891655	1547028892047	OK	 
REQUEST	4		rest_Api_checkEmpSalary	1547028891685	1547028892242	OK	 
REQUEST	3		rest_Api_checkEmpSalary	1547028891786	1547028892247	OK	 
REQUEST	1		rest_Api_checkEmpSalary	1547028891785	1547028892443	OK	 
REQUEST	2		rest_Api_checkEmpSalary	1547028891805	1547028892447	OK	 
USER	Loadtest	9	START	1547028892595	1547028892595
REQUEST	9		rest_Api_checkEmpSalary	1547028892595	1547028892830	OK	 
REQUEST	8		rest_Api_checkEmpSalary	1547028892614	1547028892833	OK	 
REQUEST	7		rest_Api_checkEmpSalary	1547028892635	1547028893033	OK	 
REQUEST	6		rest_Api_checkEmpSalary	1547028892655	1547028893038	OK	 
REQUEST	5		rest_Api_checkEmpSalary	1547028892675	1547028893253	OK	 
REQUEST	4		rest_Api_checkEmpSalary	1547028892695	1547028893253	OK	 
REQUEST	3		rest_Api_checkEmpSalary	1547028892804	1547028893441	OK	 
REQUEST	1		rest_Api_checkEmpSalary	1547028892804	1547028893441	OK	 
USER	Loadtest	10	START	1547028893594	1547028893594
REQUEST	2		rest_Api_checkEmpSalary	1547028892827	1547028893640	OK	 
REQUEST	10		rest_Api_checkEmpSalary	1547028893596	1547028893836	OK	 
REQUEST	9		rest_Api_checkEmpSalary	1547028893615	1547028893843	OK	 
REQUEST	7		rest_Api_checkEmpSalary	1547028893645	1547028894073	OK	 
REQUEST	8		rest_Api_checkEmpSalary	1547028893635	1547028894074	OK	 
REQUEST	6		rest_Api_checkEmpSalary	1547028893674	1547028894239	OK	 
REQUEST	5		rest_Api_checkEmpSalary	1547028893694	1547028894247	OK	 
REQUEST	4		rest_Api_checkEmpSalary	1547028893715	1547028894441	OK	 
REQUEST	1		rest_Api_checkEmpSalary	1547028893826	1547028894446	OK	 
USER	Loadtest	11	START	1547028894594	1547028894594
REQUEST	3		rest_Api_checkEmpSalary	1547028893826	1547028894644	OK	 
REQUEST	2		rest_Api_checkEmpSalary	1547028893845	1547028894648	OK	 
REQUEST	11		rest_Api_checkEmpSalary	1547028894595	1547028894849	OK	 
REQUEST	10		rest_Api_checkEmpSalary	1547028894615	1547028894851	OK	 
REQUEST	9		rest_Api_checkEmpSalary	1547028894634	1547028895048	OK	 
REQUEST	8		rest_Api_checkEmpSalary	1547028894655	1547028895054	OK	 
REQUEST	7		rest_Api_checkEmpSalary	1547028894665	1547028895250	OK	 
REQUEST	6		rest_Api_checkEmpSalary	1547028894695	1547028895253	OK	 
REQUEST	5		rest_Api_checkEmpSalary	1547028894715	1547028895507	OK	 
REQUEST	4		rest_Api_checkEmpSalary	1547028894734	1547028895507	OK	 
USER	Loadtest	12	START	1547028895594	1547028895594
REQUEST	1		rest_Api_checkEmpSalary	1547028894845	1547028895655	OK	 
REQUEST	3		rest_Api_checkEmpSalary	1547028894853	1547028895665	OK	 
REQUEST	2		rest_Api_checkEmpSalary	1547028894865	1547028895857	OK	 
REQUEST	12		rest_Api_checkEmpSalary	1547028895595	1547028895859	OK	 
REQUEST	11		rest_Api_checkEmpSalary	1547028895615	1547028896061	OK	 
REQUEST	10		rest_Api_checkEmpSalary	1547028895634	1547028896065	OK	 
REQUEST	9		rest_Api_checkEmpSalary	1547028895654	1547028896325	OK	 
REQUEST	8		rest_Api_checkEmpSalary	1547028895675	1547028896325	OK	 
REQUEST	7		rest_Api_checkEmpSalary	1547028895685	1547028896465	OK	 
REQUEST	6		rest_Api_checkEmpSalary	1547028895715	1547028896466	OK	 
USER	Loadtest	13	START	1547028896594	1547028896594
REQUEST	4		rest_Api_checkEmpSalary	1547028895754	1547028896668	OK	 
REQUEST	5		rest_Api_checkEmpSalary	1547028895734	1547028896671	OK	 
REQUEST	1		rest_Api_checkEmpSalary	1547028895865	1547028896869	OK	 
REQUEST	3		rest_Api_checkEmpSalary	1547028895865	1547028896873	OK	 
REQUEST	2		rest_Api_checkEmpSalary	1547028895885	1547028897072	OK	 
REQUEST	13		rest_Api_checkEmpSalary	1547028896595	1547028897078	OK	 
REQUEST	12		rest_Api_checkEmpSalary	1547028896615	1547028897349	OK	 
REQUEST	11		rest_Api_checkEmpSalary	1547028896635	1547028897349	OK	 
REQUEST	9		rest_Api_checkEmpSalary	1547028896664	1547028897478	OK	 
REQUEST	10		rest_Api_checkEmpSalary	1547028896654	1547028897478	OK	 
USER	Loadtest	14	START	1547028897594	1547028897594
REQUEST	7		rest_Api_checkEmpSalary	1547028896705	1547028897711	OK	 
REQUEST	8		rest_Api_checkEmpSalary	1547028896695	1547028897715	OK	 
REQUEST	6		rest_Api_checkEmpSalary	1547028896734	1547028897911	OK	 
REQUEST	5		rest_Api_checkEmpSalary	1547028896755	1547028897912	OK	 
REQUEST	1		rest_Api_checkEmpSalary	1547028896870	1547028898083	OK	 
REQUEST	4		rest_Api_checkEmpSalary	1547028896775	1547028898085	OK	 
REQUEST	2		rest_Api_checkEmpSalary	1547028897073	1547028898286	OK	 
REQUEST	3		rest_Api_checkEmpSalary	1547028896874	1547028898287	OK	 
REQUEST	13		rest_Api_checkEmpSalary	1547028897615	1547028898490	OK	 
REQUEST	14		rest_Api_checkEmpSalary	1547028897595	1547028898490	OK	 
USER	Loadtest	15	START	1547028898594	1547028898594
REQUEST	12		rest_Api_checkEmpSalary	1547028897635	1547028898690	OK	 
REQUEST	11		rest_Api_checkEmpSalary	1547028897655	1547028898692	OK	 
REQUEST	10		rest_Api_checkEmpSalary	1547028897675	1547028898988	OK	 
REQUEST	9		rest_Api_checkEmpSalary	1547028897685	1547028898988	OK	 
REQUEST	7		rest_Api_checkEmpSalary	1547028897713	1547028899096	OK	 
REQUEST	8		rest_Api_checkEmpSalary	1547028897716	1547028899098	OK	 
REQUEST	6		rest_Api_checkEmpSalary	1547028897912	1547028899297	OK	 
REQUEST	5		rest_Api_checkEmpSalary	1547028897913	1547028899300	OK	 
USER	Loadtest	16	START	1547028899594	1547028899594
REQUEST	1		rest_Api_checkEmpSalary	1547028898084	1547028899604	OK	 
REQUEST	4		rest_Api_checkEmpSalary	1547028898086	1547028899604	OK	 
REQUEST	2		rest_Api_checkEmpSalary	1547028898287	1547028899704	OK	 
REQUEST	3		rest_Api_checkEmpSalary	1547028898288	1547028899705	OK	 
REQUEST	15		rest_Api_checkEmpSalary	1547028898595	1547028900014	OK	 
REQUEST	14		rest_Api_checkEmpSalary	1547028898614	1547028900014	OK	 
REQUEST	12		rest_Api_checkEmpSalary	1547028898691	1547028900107	OK	 
REQUEST	13		rest_Api_checkEmpSalary	1547028898634	1547028900108	OK	 
REQUEST	10		rest_Api_checkEmpSalary	1547028898989	1547028900319	OK	 
REQUEST	11		rest_Api_checkEmpSalary	1547028898693	1547028900321	OK	 
REQUEST	9		rest_Api_checkEmpSalary	1547028898990	1547028900526	OK	 
REQUEST	7		rest_Api_checkEmpSalary	1547028899098	1547028900526	OK	 
USER	Loadtest	17	START	1547028900594	1547028900594
REQUEST	6		rest_Api_checkEmpSalary	1547028899299	1547028900715	OK	 
REQUEST	8		rest_Api_checkEmpSalary	1547028899099	1547028900716	OK	 
REQUEST	5		rest_Api_checkEmpSalary	1547028899301	1547028900936	OK	 
REQUEST	1		rest_Api_checkEmpSalary	1547028899605	1547028900936	OK	 
REQUEST	16		rest_Api_checkEmpSalary	1547028899595	1547028901123	OK	 
REQUEST	4		rest_Api_checkEmpSalary	1547028899606	1547028901121	OK	 
REQUEST	2		rest_Api_checkEmpSalary	1547028899706	1547028901343	OK	 
REQUEST	3		rest_Api_checkEmpSalary	1547028899707	1547028901343	OK	 
REQUEST	15		rest_Api_checkEmpSalary	1547028900018	1547028901548	OK	 
REQUEST	14		rest_Api_checkEmpSalary	1547028900017	1547028901548	OK	 
USER	Loadtest	18	START	1547028901594	1547028901594
REQUEST	12		rest_Api_checkEmpSalary	1547028900108	1547028901754	OK	 
REQUEST	13		rest_Api_checkEmpSalary	1547028900111	1547028901754	OK	 
REQUEST	10		rest_Api_checkEmpSalary	1547028900320	1547028901961	OK	 
REQUEST	11		rest_Api_checkEmpSalary	1547028900322	1547028901964	OK	 
REQUEST	7		rest_Api_checkEmpSalary	1547028900528	1547028902162	OK	 
REQUEST	9		rest_Api_checkEmpSalary	1547028900527	1547028902162	OK	 
REQUEST	17		rest_Api_checkEmpSalary	1547028900596	1547028902367	OK	 
REQUEST	6		rest_Api_checkEmpSalary	1547028900717	1547028902369	OK	 
REQUEST	8		rest_Api_checkEmpSalary	1547028900717	1547028902573	OK	 
REQUEST	1		rest_Api_checkEmpSalary	1547028900938	1547028902576	OK	 
USER	Loadtest	19	START	1547028902594	1547028902594
REQUEST	5		rest_Api_checkEmpSalary	1547028900941	1547028902740	OK	 
REQUEST	16		rest_Api_checkEmpSalary	1547028901127	1547028902750	OK	 
REQUEST	4		rest_Api_checkEmpSalary	1547028901130	1547028902981	OK	 
REQUEST	3		rest_Api_checkEmpSalary	1547028901344	1547028902981	OK	 
REQUEST	2		rest_Api_checkEmpSalary	1547028901344	1547028903188	OK	 
REQUEST	14		rest_Api_checkEmpSalary	1547028901549	1547028903192	OK	 
REQUEST	15		rest_Api_checkEmpSalary	1547028901549	1547028903390	OK	 
REQUEST	18		rest_Api_checkEmpSalary	1547028901595	1547028903391	OK	 
USER	Loadtest	20	START	1547028903595	1547028903595
REQUEST	13		rest_Api_checkEmpSalary	1547028901756	1547028903596	OK	 
REQUEST	12		rest_Api_checkEmpSalary	1547028901755	1547028903597	OK	 
REQUEST	10		rest_Api_checkEmpSalary	1547028901963	1547028903754	OK	 
REQUEST	11		rest_Api_checkEmpSalary	1547028901965	1547028903759	OK	 
REQUEST	7		rest_Api_checkEmpSalary	1547028902163	1547028904009	OK	 
REQUEST	9		rest_Api_checkEmpSalary	1547028902163	1547028904008	OK	 
REQUEST	6		rest_Api_checkEmpSalary	1547028902372	1547028904212	OK	 
REQUEST	17		rest_Api_checkEmpSalary	1547028902370	1547028904212	OK	 
REQUEST	1		rest_Api_checkEmpSalary	1547028902577	1547028904467	OK	 
REQUEST	8		rest_Api_checkEmpSalary	1547028902574	1547028904467	OK	 
REQUEST	19		rest_Api_checkEmpSalary	1547028902595	1547028904560	OK	 
REQUEST	5		rest_Api_checkEmpSalary	1547028902741	1547028904566	OK	 
USER	Loadtest	21	START	1547028904594	1547028904594
REQUEST	16		rest_Api_checkEmpSalary	1547028902756	1547028904825	OK	 
REQUEST	3		rest_Api_checkEmpSalary	1547028902982	1547028904827	OK	 
REQUEST	2		rest_Api_checkEmpSalary	1547028903189	1547028905032	OK	 
REQUEST	4		rest_Api_checkEmpSalary	1547028902983	1547028905032	OK	 
REQUEST	15		rest_Api_checkEmpSalary	1547028903392	1547028905234	OK	 
REQUEST	14		rest_Api_checkEmpSalary	1547028903194	1547028905234	OK	 
REQUEST	18		rest_Api_checkEmpSalary	1547028903392	1547028905366	OK	 
REQUEST	13		rest_Api_checkEmpSalary	1547028903598	1547028905372	OK	 
REQUEST	12		rest_Api_checkEmpSalary	1547028903599	1547028905568	OK	 
REQUEST	20		rest_Api_checkEmpSalary	1547028903595	1547028905573	OK	 
USER	Loadtest	22	START	1547028905594	1547028905594
REQUEST	10		rest_Api_checkEmpSalary	1547028903758	1547028905851	OK	 
REQUEST	11		rest_Api_checkEmpSalary	1547028903761	1547028905851	OK	 
REQUEST	9		rest_Api_checkEmpSalary	1547028904010	1547028905975	OK	 
REQUEST	7		rest_Api_checkEmpSalary	1547028904009	1547028905974	OK	 
REQUEST	17		rest_Api_checkEmpSalary	1547028904213	1547028906258	OK	 
REQUEST	6		rest_Api_checkEmpSalary	1547028904214	1547028906258	OK	 
REQUEST	1		rest_Api_checkEmpSalary	1547028904468	1547028906376	OK	 
REQUEST	8		rest_Api_checkEmpSalary	1547028904468	1547028906377	OK	 
USER	Loadtest	23	START	1547028906594	1547028906594
REQUEST	19		rest_Api_checkEmpSalary	1547028904562	1547028906601	OK	 
REQUEST	5		rest_Api_checkEmpSalary	1547028904567	1547028906603	OK	 
REQUEST	21		rest_Api_checkEmpSalary	1547028904595	1547028906780	OK	 
REQUEST	16		rest_Api_checkEmpSalary	1547028904826	1547028906782	OK	 
REQUEST	2		rest_Api_checkEmpSalary	1547028905033	1547028906983	OK	 
REQUEST	3		rest_Api_checkEmpSalary	1547028904829	1547028906986	OK	 
REQUEST	4		rest_Api_checkEmpSalary	1547028905038	1547028907186	OK	 
REQUEST	15		rest_Api_checkEmpSalary	1547028905236	1547028907188	OK	 
REQUEST	14		rest_Api_checkEmpSalary	1547028905239	1547028907386	OK	 
REQUEST	18		rest_Api_checkEmpSalary	1547028905368	1547028907387	OK	 
USER	Loadtest	24	START	1547028907589	1547028907589
REQUEST	13		rest_Api_checkEmpSalary	1547028905373	1547028907622	OK	 
REQUEST	12		rest_Api_checkEmpSalary	1547028905570	1547028907622	OK	 
REQUEST	20		rest_Api_checkEmpSalary	1547028905577	1547028907820	OK	 
REQUEST	22		rest_Api_checkEmpSalary	1547028905594	1547028907821	OK	 
REQUEST	10		rest_Api_checkEmpSalary	1547028905854	1547028908026	OK	 
REQUEST	11		rest_Api_checkEmpSalary	1547028905852	1547028908026	OK	 
REQUEST	7		rest_Api_checkEmpSalary	1547028905975	1547028908194	OK	 
REQUEST	9		rest_Api_checkEmpSalary	1547028905977	1547028908194	OK	 
REQUEST	17		rest_Api_checkEmpSalary	1547028906259	1547028908411	OK	 
REQUEST	6		rest_Api_checkEmpSalary	1547028906259	1547028908411	OK	 
USER	Loadtest	25	START	1547028908594	1547028908594
REQUEST	1		rest_Api_checkEmpSalary	1547028906377	1547028908598	OK	 
REQUEST	8		rest_Api_checkEmpSalary	1547028906378	1547028908600	OK	 
REQUEST	5		rest_Api_checkEmpSalary	1547028906604	1547028908818	OK	 
REQUEST	19		rest_Api_checkEmpSalary	1547028906602	1547028908818	OK	 
REQUEST	23		rest_Api_checkEmpSalary	1547028906595	1547028909004	OK	 
REQUEST	16		rest_Api_checkEmpSalary	1547028906783	1547028909005	OK	 
REQUEST	2		rest_Api_checkEmpSalary	1547028906984	1547028909228	OK	 
REQUEST	21		rest_Api_checkEmpSalary	1547028906784	1547028909228	OK	 
REQUEST	15		rest_Api_checkEmpSalary	1547028907189	1547028909433	OK	 
REQUEST	3		rest_Api_checkEmpSalary	1547028906987	1547028909433	OK	 
USER	Loadtest	26	START	1547028909594	1547028909594
REQUEST	18		rest_Api_checkEmpSalary	1547028907388	1547028909608	OK	 
REQUEST	4		rest_Api_checkEmpSalary	1547028907190	1547028909610	OK	 
REQUEST	14		rest_Api_checkEmpSalary	1547028907389	1547028909810	OK	 
REQUEST	13		rest_Api_checkEmpSalary	1547028907623	1547028909811	OK	 
REQUEST	12		rest_Api_checkEmpSalary	1547028907623	1547028910047	OK	 
REQUEST	24		rest_Api_checkEmpSalary	1547028907590	1547028910047	OK	 
REQUEST	20		rest_Api_checkEmpSalary	1547028907821	1547028910214	OK	 
REQUEST	22		rest_Api_checkEmpSalary	1547028907823	1547028910215	OK	 
REQUEST	11		rest_Api_checkEmpSalary	1547028908028	1547028910418	OK	 
REQUEST	10		rest_Api_checkEmpSalary	1547028908027	1547028910420	OK	 
USER	Loadtest	27	START	1547028910594	1547028910594
REQUEST	9		rest_Api_checkEmpSalary	1547028908196	1547028910619	OK	 
REQUEST	7		rest_Api_checkEmpSalary	1547028908195	1547028910619	OK	 
REQUEST	17		rest_Api_checkEmpSalary	1547028908412	1547028910867	OK	 
REQUEST	6		rest_Api_checkEmpSalary	1547028908416	1547028910867	OK	 
REQUEST	8		rest_Api_checkEmpSalary	1547028908601	1547028911023	OK	 
REQUEST	1		rest_Api_checkEmpSalary	1547028908599	1547028911023	OK	 
REQUEST	5		rest_Api_checkEmpSalary	1547028908819	1547028911276	OK	 
REQUEST	25		rest_Api_checkEmpSalary	1547028908594	1547028911276	OK	 
REQUEST	23		rest_Api_checkEmpSalary	1547028909005	1547028911426	OK	 
REQUEST	19		rest_Api_checkEmpSalary	1547028908819	1547028911431	OK	 
USER	Loadtest	28	START	1547028911594	1547028911594
REQUEST	16		rest_Api_checkEmpSalary	1547028909006	1547028911630	OK	 
REQUEST	2		rest_Api_checkEmpSalary	1547028909229	1547028911632	OK	 
REQUEST	21		rest_Api_checkEmpSalary	1547028909229	1547028911892	OK	 
REQUEST	15		rest_Api_checkEmpSalary	1547028909434	1547028911892	OK	 
REQUEST	3		rest_Api_checkEmpSalary	1547028909434	1547028912095	OK	 
REQUEST	18		rest_Api_checkEmpSalary	1547028909609	1547028912095	OK	 
REQUEST	4		rest_Api_checkEmpSalary	1547028909611	1547028912302	OK	 
REQUEST	26		rest_Api_checkEmpSalary	1547028909595	1547028912304	OK	 
REQUEST	13		rest_Api_checkEmpSalary	1547028909812	1547028912505	OK	 
REQUEST	14		rest_Api_checkEmpSalary	1547028909811	1547028912505	OK	 
USER	Loadtest	29	START	1547028912585	1547028912585
REQUEST	12		rest_Api_checkEmpSalary	1547028910049	1547028912639	OK	 
REQUEST	24		rest_Api_checkEmpSalary	1547028910048	1547028912642	OK	 
REQUEST	20		rest_Api_checkEmpSalary	1547028910215	1547028912841	OK	 
REQUEST	22		rest_Api_checkEmpSalary	1547028910215	1547028912842	OK	 
REQUEST	11		rest_Api_checkEmpSalary	1547028910419	1547028913043	OK	 
REQUEST	10		rest_Api_checkEmpSalary	1547028910421	1547028913044	OK	 
REQUEST	9		rest_Api_checkEmpSalary	1547028910619	1547028913245	OK	 
REQUEST	27		rest_Api_checkEmpSalary	1547028910595	1547028913247	OK	 
REQUEST	7		rest_Api_checkEmpSalary	1547028910619	1547028913528	OK	 
REQUEST	17		rest_Api_checkEmpSalary	1547028910868	1547028913528	OK	 
USER	Loadtest	30	START	1547028913594	1547028913594
REQUEST	6		rest_Api_checkEmpSalary	1547028910868	1547028913648	OK	 
REQUEST	8		rest_Api_checkEmpSalary	1547028911025	1547028913649	OK	 
REQUEST	1		rest_Api_checkEmpSalary	1547028911026	1547028913938	OK	 
REQUEST	25		rest_Api_checkEmpSalary	1547028911277	1547028913940	OK	 
REQUEST	5		rest_Api_checkEmpSalary	1547028911277	1547028914053	OK	 
REQUEST	23		rest_Api_checkEmpSalary	1547028911427	1547028914053	OK	 
REQUEST	19		rest_Api_checkEmpSalary	1547028911432	1547028914255	OK	 
REQUEST	28		rest_Api_checkEmpSalary	1547028911595	1547028914257	OK	 
REQUEST	16		rest_Api_checkEmpSalary	1547028911631	1547028914459	OK	 
REQUEST	2		rest_Api_checkEmpSalary	1547028911633	1547028914459	OK	 
REQUEST	21		rest_Api_checkEmpSalary	1547028911893	1547028914657	OK	 
REQUEST	15		rest_Api_checkEmpSalary	1547028911893	1547028914658	OK	 
REQUEST	3		rest_Api_checkEmpSalary	1547028912096	1547028914966	OK	 
REQUEST	18		rest_Api_checkEmpSalary	1547028912096	1547028914967	OK	 
REQUEST	4		rest_Api_checkEmpSalary	1547028912304	1547028915064	OK	 
REQUEST	26		rest_Api_checkEmpSalary	1547028912307	1547028915066	OK	 
REQUEST	14		rest_Api_checkEmpSalary	1547028912508	1547028915263	OK	 
REQUEST	13		rest_Api_checkEmpSalary	1547028912506	1547028915265	OK	 
REQUEST	12		rest_Api_checkEmpSalary	1547028912640	1547028915474	OK	 
REQUEST	29		rest_Api_checkEmpSalary	1547028912585	1547028915476	OK	 
REQUEST	24		rest_Api_checkEmpSalary	1547028912644	1547028915680	OK	 
REQUEST	20		rest_Api_checkEmpSalary	1547028912842	1547028915680	OK	 
REQUEST	22		rest_Api_checkEmpSalary	1547028912843	1547028915884	OK	 
REQUEST	11		rest_Api_checkEmpSalary	1547028913044	1547028915884	OK	 
REQUEST	9		rest_Api_checkEmpSalary	1547028913246	1547028916070	OK	 
REQUEST	10		rest_Api_checkEmpSalary	1547028913045	1547028916071	OK	 
REQUEST	27		rest_Api_checkEmpSalary	1547028913248	1547028916293	OK	 
REQUEST	7		rest_Api_checkEmpSalary	1547028913529	1547028916293	OK	 
REQUEST	17		rest_Api_checkEmpSalary	1547028913530	1547028916473	OK	 
REQUEST	30		rest_Api_checkEmpSalary	1547028913595	1547028916475	OK	 
REQUEST	6		rest_Api_checkEmpSalary	1547028913649	1547028916703	OK	 
REQUEST	8		rest_Api_checkEmpSalary	1547028913651	1547028916703	OK	 
REQUEST	1		rest_Api_checkEmpSalary	1547028913939	1547028916909	OK	 
REQUEST	25		rest_Api_checkEmpSalary	1547028913941	1547028916913	OK	 
REQUEST	5		rest_Api_checkEmpSalary	1547028914054	1547028917113	OK	 
REQUEST	23		rest_Api_checkEmpSalary	1547028914055	1547028917114	OK	 
REQUEST	28		rest_Api_checkEmpSalary	1547028914257	1547028917284	OK	 
REQUEST	19		rest_Api_checkEmpSalary	1547028914256	1547028917284	OK	 
REQUEST	16		rest_Api_checkEmpSalary	1547028914460	1547028917522	OK	 
REQUEST	2		rest_Api_checkEmpSalary	1547028914462	1547028917522	OK	 
REQUEST	21		rest_Api_checkEmpSalary	1547028914658	1547028917711	OK	 
REQUEST	15		rest_Api_checkEmpSalary	1547028914659	1547028917711	OK	 
REQUEST	3		rest_Api_checkEmpSalary	1547028914967	1547028917909	OK	 
REQUEST	18		rest_Api_checkEmpSalary	1547028914969	1547028917909	OK	 
REQUEST	4		rest_Api_checkEmpSalary	1547028915065	1547028918089	OK	 
REQUEST	26		rest_Api_checkEmpSalary	1547028915067	1547028918093	OK	 
REQUEST	14		rest_Api_checkEmpSalary	1547028915264	1547028918342	OK	 
REQUEST	13		rest_Api_checkEmpSalary	1547028915266	1547028918344	OK	 
REQUEST	12		rest_Api_checkEmpSalary	1547028915475	1547028918490	OK	 
REQUEST	29		rest_Api_checkEmpSalary	1547028915477	1547028918492	OK	 
REQUEST	24		rest_Api_checkEmpSalary	1547028915680	1547028918751	OK	 
REQUEST	20		rest_Api_checkEmpSalary	1547028915680	1547028918751	OK	 
REQUEST	22		rest_Api_checkEmpSalary	1547028915886	1547028918894	OK	 
REQUEST	11		rest_Api_checkEmpSalary	1547028915885	1547028918896	OK	 
REQUEST	9		rest_Api_checkEmpSalary	1547028916072	1547028919161	OK	 
REQUEST	10		rest_Api_checkEmpSalary	1547028916073	1547028919161	OK	 
REQUEST	27		rest_Api_checkEmpSalary	1547028916295	1547028919299	OK	 
REQUEST	7		rest_Api_checkEmpSalary	1547028916296	1547028919299	OK	 
REQUEST	17		rest_Api_checkEmpSalary	1547028916474	1547028919570	OK	 
REQUEST	30		rest_Api_checkEmpSalary	1547028916476	1547028919570	OK	 
REQUEST	6		rest_Api_checkEmpSalary	1547028916705	1547028919701	OK	 
REQUEST	8		rest_Api_checkEmpSalary	1547028916707	1547028919702	OK	 
REQUEST	1		rest_Api_checkEmpSalary	1547028916911	1547028919980	OK	 
REQUEST	25		rest_Api_checkEmpSalary	1547028916916	1547028919982	OK	 
REQUEST	23		rest_Api_checkEmpSalary	1547028917115	1547028920106	OK	 
REQUEST	5		rest_Api_checkEmpSalary	1547028917114	1547028920107	OK	 
REQUEST	19		rest_Api_checkEmpSalary	1547028917286	1547028920307	OK	 
REQUEST	28		rest_Api_checkEmpSalary	1547028917285	1547028920307	OK	 
REQUEST	2		rest_Api_checkEmpSalary	1547028917524	1547028920507	OK	 
REQUEST	16		rest_Api_checkEmpSalary	1547028917523	1547028920509	OK	 
REQUEST	15		rest_Api_checkEmpSalary	1547028917712	1547028920709	OK	 
REQUEST	21		rest_Api_checkEmpSalary	1547028917713	1547028920712	OK	 
REQUEST	18		rest_Api_checkEmpSalary	1547028917910	1547028921006	OK	 
REQUEST	3		rest_Api_checkEmpSalary	1547028917910	1547028921006	OK	 
REQUEST	4		rest_Api_checkEmpSalary	1547028918094	1547028921114	OK	 
REQUEST	26		rest_Api_checkEmpSalary	1547028918095	1547028921114	OK	 
REQUEST	14		rest_Api_checkEmpSalary	1547028918343	1547028921340	OK	 
REQUEST	13		rest_Api_checkEmpSalary	1547028918344	1547028921340	OK	 
REQUEST	12		rest_Api_checkEmpSalary	1547028918491	1547028921516	OK	 
REQUEST	29		rest_Api_checkEmpSalary	1547028918493	1547028921518	OK	 
REQUEST	24		rest_Api_checkEmpSalary	1547028918752	1547028921825	OK	 
REQUEST	20		rest_Api_checkEmpSalary	1547028918752	1547028921827	OK	 
REQUEST	11		rest_Api_checkEmpSalary	1547028918897	1547028921933	OK	 
REQUEST	22		rest_Api_checkEmpSalary	1547028918895	1547028921933	OK	 
REQUEST	9		rest_Api_checkEmpSalary	1547028919162	1547028922234	OK	 
REQUEST	10		rest_Api_checkEmpSalary	1547028919162	1547028922234	OK	 
REQUEST	7		rest_Api_checkEmpSalary	1547028919299	1547028922335	OK	 
REQUEST	27		rest_Api_checkEmpSalary	1547028919299	1547028922337	OK	 
REQUEST	30		rest_Api_checkEmpSalary	1547028919571	1547028922642	OK	 
REQUEST	17		rest_Api_checkEmpSalary	1547028919571	1547028922642	OK	 
REQUEST	6		rest_Api_checkEmpSalary	1547028919702	1547028922739	OK	 
REQUEST	8		rest_Api_checkEmpSalary	1547028919703	1547028922741	OK	 
REQUEST	1		rest_Api_checkEmpSalary	1547028919981	1547028922949	OK	 
REQUEST	25		rest_Api_checkEmpSalary	1547028919982	1547028922951	OK	 
REQUEST	23		rest_Api_checkEmpSalary	1547028920107	1547028923143	OK	 
REQUEST	5		rest_Api_checkEmpSalary	1547028920108	1547028923144	OK	 
REQUEST	19		rest_Api_checkEmpSalary	1547028920308	1547028923346	OK	 
REQUEST	28		rest_Api_checkEmpSalary	1547028920309	1547028923348	OK	 
REQUEST	16		rest_Api_checkEmpSalary	1547028920510	1547028923554	OK	 
REQUEST	2		rest_Api_checkEmpSalary	1547028920508	1547028923554	OK	 
REQUEST	15		rest_Api_checkEmpSalary	1547028920710	1547028923748	OK	 
REQUEST	21		rest_Api_checkEmpSalary	1547028920713	1547028923758	OK	 
REQUEST	18		rest_Api_checkEmpSalary	1547028921007	1547028923950	OK	 
REQUEST	3		rest_Api_checkEmpSalary	1547028921008	1547028923951	OK	 
REQUEST	26		rest_Api_checkEmpSalary	1547028921115	1547028924153	OK	 
REQUEST	4		rest_Api_checkEmpSalary	1547028921115	1547028924153	OK	 
REQUEST	14		rest_Api_checkEmpSalary	1547028921341	1547028924381	OK	 
REQUEST	13		rest_Api_checkEmpSalary	1547028921341	1547028924386	OK	 
REQUEST	29		rest_Api_checkEmpSalary	1547028921520	1547028924557	OK	 
REQUEST	12		rest_Api_checkEmpSalary	1547028921518	1547028924557	OK	 
REQUEST	24		rest_Api_checkEmpSalary	1547028921826	1547028924799	OK	 
REQUEST	20		rest_Api_checkEmpSalary	1547028921828	1547028924800	OK	 
REQUEST	22		rest_Api_checkEmpSalary	1547028921937	1547028924961	OK	 
REQUEST	11		rest_Api_checkEmpSalary	1547028921934	1547028924961	OK	 
REQUEST	10		rest_Api_checkEmpSalary	1547028922235	1547028925206	OK	 
REQUEST	9		rest_Api_checkEmpSalary	1547028922235	1547028925208	OK	 
REQUEST	27		rest_Api_checkEmpSalary	1547028922338	1547028925420	OK	 
REQUEST	7		rest_Api_checkEmpSalary	1547028922337	1547028925420	OK	 
REQUEST	17		rest_Api_checkEmpSalary	1547028922643	1547028925562	OK	 
REQUEST	30		rest_Api_checkEmpSalary	1547028922643	1547028925564	OK	 
REQUEST	8		rest_Api_checkEmpSalary	1547028922742	1547028925817	OK	 
REQUEST	6		rest_Api_checkEmpSalary	1547028922741	1547028925817	OK	 
REQUEST	25		rest_Api_checkEmpSalary	1547028922952	1547028926022	OK	 
REQUEST	1		rest_Api_checkEmpSalary	1547028922950	1547028926023	OK	 
REQUEST	23		rest_Api_checkEmpSalary	1547028923143	1547028926227	OK	 
REQUEST	5		rest_Api_checkEmpSalary	1547028923145	1547028926228	OK	 
REQUEST	19		rest_Api_checkEmpSalary	1547028923347	1547028926434	OK	 
REQUEST	28		rest_Api_checkEmpSalary	1547028923348	1547028926434	OK	 
REQUEST	2		rest_Api_checkEmpSalary	1547028923555	1547028926636	OK	 
REQUEST	16		rest_Api_checkEmpSalary	1547028923555	1547028926636	OK	 
REQUEST	21		rest_Api_checkEmpSalary	1547028923759	1547028926774	OK	 
REQUEST	15		rest_Api_checkEmpSalary	1547028923748	1547028926774	OK	 
REQUEST	3		rest_Api_checkEmpSalary	1547028923951	1547028927046	OK	 
REQUEST	18		rest_Api_checkEmpSalary	1547028923951	1547028927046	OK	 
REQUEST	26		rest_Api_checkEmpSalary	1547028924154	1547028927251	OK	 
REQUEST	4		rest_Api_checkEmpSalary	1547028924154	1547028927251	OK	 
REQUEST	14		rest_Api_checkEmpSalary	1547028924384	1547028927377	OK	 
REQUEST	13		rest_Api_checkEmpSalary	1547028924402	1547028927379	OK	 
REQUEST	12		rest_Api_checkEmpSalary	1547028924558	1547028927597	OK	 
REQUEST	29		rest_Api_checkEmpSalary	1547028924559	1547028927606	OK	 
REQUEST	20		rest_Api_checkEmpSalary	1547028924801	1547028927795	OK	 
REQUEST	24		rest_Api_checkEmpSalary	1547028924800	1547028927795	OK	 
REQUEST	22		rest_Api_checkEmpSalary	1547028924961	1547028928006	OK	 
REQUEST	11		rest_Api_checkEmpSalary	1547028924962	1547028928006	OK	 
REQUEST	9		rest_Api_checkEmpSalary	1547028925209	1547028928183	OK	 
REQUEST	10		rest_Api_checkEmpSalary	1547028925207	1547028928184	OK	 
REQUEST	7		rest_Api_checkEmpSalary	1547028925421	1547028928384	OK	 
REQUEST	27		rest_Api_checkEmpSalary	1547028925423	1547028928386	OK	 
REQUEST	17		rest_Api_checkEmpSalary	1547028925563	1547028928586	OK	 
REQUEST	30		rest_Api_checkEmpSalary	1547028925566	1547028928592	OK	 
REQUEST	8		rest_Api_checkEmpSalary	1547028925818	1547028928889	OK	 
REQUEST	6		rest_Api_checkEmpSalary	1547028925818	1547028928889	OK	 
REQUEST	25		rest_Api_checkEmpSalary	1547028926023	1547028928991	OK	 
REQUEST	1		rest_Api_checkEmpSalary	1547028926024	1547028928992	OK	 
REQUEST	23		rest_Api_checkEmpSalary	1547028926228	1547028929298	OK	 
REQUEST	5		rest_Api_checkEmpSalary	1547028926228	1547028929300	OK	 
REQUEST	28		rest_Api_checkEmpSalary	1547028926436	1547028929393	OK	 
REQUEST	19		rest_Api_checkEmpSalary	1547028926435	1547028929393	OK	 
REQUEST	2		rest_Api_checkEmpSalary	1547028926640	1547028929594	OK	 
REQUEST	16		rest_Api_checkEmpSalary	1547028926637	1547028929595	OK	 
REQUEST	21		rest_Api_checkEmpSalary	1547028926775	1547028929795	OK	 
REQUEST	15		rest_Api_checkEmpSalary	1547028926776	1547028929796	OK	 
REQUEST	18		rest_Api_checkEmpSalary	1547028927047	1547028930015	OK	 
REQUEST	3		rest_Api_checkEmpSalary	1547028927047	1547028930017	OK	 
REQUEST	4		rest_Api_checkEmpSalary	1547028927252	1547028930201	OK	 
REQUEST	26		rest_Api_checkEmpSalary	1547028927252	1547028930203	OK	 
REQUEST	14		rest_Api_checkEmpSalary	1547028927378	1547028930399	OK	 
REQUEST	13		rest_Api_checkEmpSalary	1547028927380	1547028930401	OK	 
REQUEST	12		rest_Api_checkEmpSalary	1547028927598	1547028930600	OK	 
REQUEST	29		rest_Api_checkEmpSalary	1547028927607	1547028930602	OK	 
REQUEST	20		rest_Api_checkEmpSalary	1547028927796	1547028930835	OK	 
REQUEST	24		rest_Api_checkEmpSalary	1547028927797	1547028930835	OK	 
REQUEST	11		rest_Api_checkEmpSalary	1547028928007	1547028931039	OK	 
REQUEST	22		rest_Api_checkEmpSalary	1547028928012	1547028931039	OK	 
REQUEST	10		rest_Api_checkEmpSalary	1547028928185	1547028931244	OK	 
REQUEST	9		rest_Api_checkEmpSalary	1547028928184	1547028931246	OK	 
REQUEST	7		rest_Api_checkEmpSalary	1547028928385	1547028931406	OK	 
REQUEST	27		rest_Api_checkEmpSalary	1547028928386	1547028931413	OK	 
REQUEST	17		rest_Api_checkEmpSalary	1547028928586	1547028931609	OK	 
REQUEST	30		rest_Api_checkEmpSalary	1547028928593	1547028931609	OK	 
REQUEST	6		rest_Api_checkEmpSalary	1547028928897	1547028931809	OK	 
REQUEST	8		rest_Api_checkEmpSalary	1547028928890	1547028931810	OK	 
REQUEST	25		rest_Api_checkEmpSalary	1547028928992	1547028932063	OK	 
REQUEST	1		rest_Api_checkEmpSalary	1547028928993	1547028932064	OK	 
REQUEST	23		rest_Api_checkEmpSalary	1547028929299	1547028932211	OK	 
REQUEST	5		rest_Api_checkEmpSalary	1547028929301	1547028932213	OK	 
REQUEST	28		rest_Api_checkEmpSalary	1547028929395	1547028932415	OK	 
REQUEST	19		rest_Api_checkEmpSalary	1547028929395	1547028932415	OK	 
REQUEST	16		rest_Api_checkEmpSalary	1547028929596	1547028932680	OK	 
REQUEST	2		rest_Api_checkEmpSalary	1547028929595	1547028932680	OK	 
REQUEST	15		rest_Api_checkEmpSalary	1547028929797	1547028932816	OK	 
REQUEST	21		rest_Api_checkEmpSalary	1547028929796	1547028932816	OK	 
REQUEST	18		rest_Api_checkEmpSalary	1547028930016	1547028933090	OK	 
REQUEST	3		rest_Api_checkEmpSalary	1547028930018	1547028933090	OK	 
REQUEST	4		rest_Api_checkEmpSalary	1547028930202	1547028933220	OK	 
REQUEST	26		rest_Api_checkEmpSalary	1547028930204	1547028933220	OK	 
REQUEST	13		rest_Api_checkEmpSalary	1547028930402	1547028933497	OK	 
REQUEST	14		rest_Api_checkEmpSalary	1547028930400	1547028933497	OK	 
REQUEST	12		rest_Api_checkEmpSalary	1547028930601	1547028933623	OK	 
REQUEST	29		rest_Api_checkEmpSalary	1547028930603	1547028933623	OK	 
REQUEST	20		rest_Api_checkEmpSalary	1547028930835	1547028933824	OK	 
REQUEST	24		rest_Api_checkEmpSalary	1547028930835	1547028933825	OK	 
REQUEST	11		rest_Api_checkEmpSalary	1547028931040	1547028934025	OK	 
REQUEST	22		rest_Api_checkEmpSalary	1547028931040	1547028934025	OK	 
REQUEST	10		rest_Api_checkEmpSalary	1547028931245	1547028934241	OK	 
REQUEST	9		rest_Api_checkEmpSalary	1547028931247	1547028934243	OK	 
REQUEST	7		rest_Api_checkEmpSalary	1547028931407	1547028934427	OK	 
REQUEST	27		rest_Api_checkEmpSalary	1547028931414	1547028934430	OK	 
REQUEST	30		rest_Api_checkEmpSalary	1547028931611	1547028934726	OK	 
REQUEST	17		rest_Api_checkEmpSalary	1547028931610	1547028934726	OK	 
REQUEST	6		rest_Api_checkEmpSalary	1547028931810	1547028934830	OK	 
REQUEST	8		rest_Api_checkEmpSalary	1547028931811	1547028934832	OK	 
REQUEST	1		rest_Api_checkEmpSalary	1547028932065	1547028935135	OK	 
REQUEST	25		rest_Api_checkEmpSalary	1547028932064	1547028935137	OK	 
REQUEST	23		rest_Api_checkEmpSalary	1547028932212	1547028935237	OK	 
REQUEST	5		rest_Api_checkEmpSalary	1547028932214	1547028935237	OK	 
REQUEST	28		rest_Api_checkEmpSalary	1547028932415	1547028935436	OK	 
REQUEST	19		rest_Api_checkEmpSalary	1547028932416	1547028935437	OK	 
REQUEST	16		rest_Api_checkEmpSalary	1547028932681	1547028935652	OK	 
REQUEST	2		rest_Api_checkEmpSalary	1547028932681	1547028935652	OK	 
REQUEST	15		rest_Api_checkEmpSalary	1547028932817	1547028935837	OK	 
REQUEST	21		rest_Api_checkEmpSalary	1547028932817	1547028935837	OK	 
REQUEST	3		rest_Api_checkEmpSalary	1547028933091	1547028936059	OK	 
REQUEST	18		rest_Api_checkEmpSalary	1547028933091	1547028936059	OK	 
REQUEST	26		rest_Api_checkEmpSalary	1547028933221	1547028936262	OK	 
REQUEST	4		rest_Api_checkEmpSalary	1547028933221	1547028936265	OK	 
REQUEST	13		rest_Api_checkEmpSalary	1547028933498	1547028936467	OK	 
REQUEST	14		rest_Api_checkEmpSalary	1547028933498	1547028936467	OK	 
REQUEST	12		rest_Api_checkEmpSalary	1547028933625	1547028936643	OK	 
REQUEST	29		rest_Api_checkEmpSalary	1547028933624	1547028936644	OK	 
REQUEST	20		rest_Api_checkEmpSalary	1547028933826	1547028936844	OK	 
REQUEST	24		rest_Api_checkEmpSalary	1547028933825	1547028936845	OK	 
REQUEST	22		rest_Api_checkEmpSalary	1547028934026	1547028937045	OK	 
REQUEST	11		rest_Api_checkEmpSalary	1547028934026	1547028937045	OK	 
REQUEST	9		rest_Api_checkEmpSalary	1547028934243	1547028937286	OK	 
REQUEST	10		rest_Api_checkEmpSalary	1547028934242	1547028937288	OK	 
REQUEST	7		rest_Api_checkEmpSalary	1547028934428	1547028937448	OK	 
REQUEST	27		rest_Api_checkEmpSalary	1547028934430	1547028937450	OK	 
REQUEST	17		rest_Api_checkEmpSalary	1547028934728	1547028937671	OK	 
REQUEST	30		rest_Api_checkEmpSalary	1547028934727	1547028937672	OK	 
REQUEST	8		rest_Api_checkEmpSalary	1547028934832	1547028937864	OK	 
REQUEST	6		rest_Api_checkEmpSalary	1547028934831	1547028937864	OK	 
REQUEST	1		rest_Api_checkEmpSalary	1547028935136	1547028938052	OK	 
REQUEST	25		rest_Api_checkEmpSalary	1547028935137	1547028938054	OK	 
REQUEST	23		rest_Api_checkEmpSalary	1547028935238	1547028938312	OK	 
REQUEST	5		rest_Api_checkEmpSalary	1547028935238	1547028938312	OK	 
REQUEST	28		rest_Api_checkEmpSalary	1547028935437	1547028938457	OK	 
REQUEST	19		rest_Api_checkEmpSalary	1547028935438	1547028938457	OK	 
REQUEST	2		rest_Api_checkEmpSalary	1547028935652	1547028938719	OK	 
REQUEST	16		rest_Api_checkEmpSalary	1547028935652	1547028938720	OK	 
REQUEST	15		rest_Api_checkEmpSalary	1547028935838	1547028938858	OK	 
REQUEST	21		rest_Api_checkEmpSalary	1547028935838	1547028938858	OK	 
REQUEST	18		rest_Api_checkEmpSalary	1547028936059	1547028939129	OK	 
REQUEST	3		rest_Api_checkEmpSalary	1547028936060	1547028939130	OK	 
REQUEST	26		rest_Api_checkEmpSalary	1547028936263	1547028939262	OK	 
REQUEST	4		rest_Api_checkEmpSalary	1547028936267	1547028939262	OK	 
REQUEST	13		rest_Api_checkEmpSalary	1547028936467	1547028939482	OK	 
REQUEST	14		rest_Api_checkEmpSalary	1547028936467	1547028939482	OK	 
REQUEST	12		rest_Api_checkEmpSalary	1547028936644	1547028939665	OK	 
REQUEST	29		rest_Api_checkEmpSalary	1547028936645	1547028939665	OK	 
REQUEST	20		rest_Api_checkEmpSalary	1547028936844	1547028939864	OK	 
REQUEST	24		rest_Api_checkEmpSalary	1547028936846	1547028939867	OK	 
REQUEST	22		rest_Api_checkEmpSalary	1547028937046	1547028940136	OK	 
REQUEST	11		rest_Api_checkEmpSalary	1547028937046	1547028940137	OK	 
REQUEST	9		rest_Api_checkEmpSalary	1547028937287	1547028940267	OK	 
REQUEST	10		rest_Api_checkEmpSalary	1547028937289	1547028940269	OK	 
REQUEST	7		rest_Api_checkEmpSalary	1547028937449	1547028940470	OK	 
REQUEST	27		rest_Api_checkEmpSalary	1547028937450	1547028940474	OK	 
REQUEST	30		rest_Api_checkEmpSalary	1547028937673	1547028940738	OK	 
REQUEST	17		rest_Api_checkEmpSalary	1547028937672	1547028940738	OK	 
REQUEST	6		rest_Api_checkEmpSalary	1547028937865	1547028940872	OK	 
REQUEST	8		rest_Api_checkEmpSalary	1547028937864	1547028940875	OK	 
REQUEST	1		rest_Api_checkEmpSalary	1547028938054	1547028941180	OK	 
REQUEST	25		rest_Api_checkEmpSalary	1547028938055	1547028941181	OK	 
REQUEST	23		rest_Api_checkEmpSalary	1547028938313	1547028941275	OK	 
REQUEST	5		rest_Api_checkEmpSalary	1547028938313	1547028941281	OK	 
REQUEST	19		rest_Api_checkEmpSalary	1547028938458	1547028941587	OK	 
REQUEST	28		rest_Api_checkEmpSalary	1547028938458	1547028941587	OK	 
REQUEST	2		rest_Api_checkEmpSalary	1547028938722	1547028941678	OK	 
REQUEST	16		rest_Api_checkEmpSalary	1547028938721	1547028941679	OK	 
REQUEST	15		rest_Api_checkEmpSalary	1547028938859	1547028941879	OK	 
REQUEST	21		rest_Api_checkEmpSalary	1547028938859	1547028941879	OK	 
REQUEST	18		rest_Api_checkEmpSalary	1547028939130	1547028942082	OK	 
REQUEST	3		rest_Api_checkEmpSalary	1547028939131	1547028942085	OK	 
REQUEST	4		rest_Api_checkEmpSalary	1547028939264	1547028942285	OK	 
REQUEST	26		rest_Api_checkEmpSalary	1547028939263	1547028942285	OK	 
REQUEST	14		rest_Api_checkEmpSalary	1547028939483	1547028942509	OK	 
REQUEST	13		rest_Api_checkEmpSalary	1547028939483	1547028942510	OK	 
REQUEST	29		rest_Api_checkEmpSalary	1547028939666	1547028942718	OK	 
REQUEST	12		rest_Api_checkEmpSalary	1547028939665	1547028942718	OK	 
REQUEST	20		rest_Api_checkEmpSalary	1547028939865	1547028942887	OK	 
REQUEST	24		rest_Api_checkEmpSalary	1547028939868	1547028942897	OK	 
REQUEST	11		rest_Api_checkEmpSalary	1547028940137	1547028943123	OK	 
REQUEST	22		rest_Api_checkEmpSalary	1547028940136	1547028943123	OK	 
REQUEST	10		rest_Api_checkEmpSalary	1547028940270	1547028943328	OK	 
REQUEST	9		rest_Api_checkEmpSalary	1547028940268	1547028943328	OK	 
REQUEST	7		rest_Api_checkEmpSalary	1547028940470	1547028943533	OK	 
REQUEST	27		rest_Api_checkEmpSalary	1547028940474	1547028943535	OK	 
REQUEST	30		rest_Api_checkEmpSalary	1547028940739	1547028943737	OK	 
REQUEST	17		rest_Api_checkEmpSalary	1547028940739	1547028943737	OK	 
REQUEST	6		rest_Api_checkEmpSalary	1547028940873	1547028943941	OK	 
REQUEST	8		rest_Api_checkEmpSalary	1547028940877	1547028943942	OK	 
REQUEST	1		rest_Api_checkEmpSalary	1547028941181	1547028944147	OK	 
REQUEST	25		rest_Api_checkEmpSalary	1547028941182	1547028944148	OK	 
REQUEST	5		rest_Api_checkEmpSalary	1547028941282	1547028944352	OK	 
REQUEST	23		rest_Api_checkEmpSalary	1547028941276	1547028944352	OK	 
REQUEST	28		rest_Api_checkEmpSalary	1547028941588	1547028944497	OK	 
REQUEST	19		rest_Api_checkEmpSalary	1547028941588	1547028944500	OK	 
REQUEST	2		rest_Api_checkEmpSalary	1547028941679	1547028944696	OK	 
REQUEST	16		rest_Api_checkEmpSalary	1547028941680	1547028944702	OK	 
REQUEST	15		rest_Api_checkEmpSalary	1547028941880	1547028944899	OK	 
REQUEST	21		rest_Api_checkEmpSalary	1547028941880	1547028944900	OK	 
REQUEST	18		rest_Api_checkEmpSalary	1547028942083	1547028945171	OK	 
REQUEST	3		rest_Api_checkEmpSalary	1547028942085	1547028945172	OK	 
REQUEST	26		rest_Api_checkEmpSalary	1547028942286	1547028945301	OK	 
REQUEST	4		rest_Api_checkEmpSalary	1547028942286	1547028945303	OK	 
REQUEST	14		rest_Api_checkEmpSalary	1547028942509	1547028945501	OK	 
REQUEST	13		rest_Api_checkEmpSalary	1547028942510	1547028945504	OK	 
REQUEST	29		rest_Api_checkEmpSalary	1547028942720	1547028945787	OK	 
REQUEST	12		rest_Api_checkEmpSalary	1547028942719	1547028945787	OK	 
REQUEST	20		rest_Api_checkEmpSalary	1547028942887	1547028945904	OK	 
REQUEST	24		rest_Api_checkEmpSalary	1547028942897	1547028945905	OK	 
REQUEST	22		rest_Api_checkEmpSalary	1547028943124	1547028946198	OK	 
REQUEST	11		rest_Api_checkEmpSalary	1547028943124	1547028946198	OK	 
REQUEST	9		rest_Api_checkEmpSalary	1547028943328	1547028946306	OK	 
REQUEST	10		rest_Api_checkEmpSalary	1547028943328	1547028946308	OK	 
REQUEST	7		rest_Api_checkEmpSalary	1547028943534	1547028946508	OK	 
REQUEST	27		rest_Api_checkEmpSalary	1547028943535	1547028946509	OK	 
REQUEST	30		rest_Api_checkEmpSalary	1547028943738	1547028946811	OK	 
REQUEST	17		rest_Api_checkEmpSalary	1547028943738	1547028946813	OK	 
REQUEST	8		rest_Api_checkEmpSalary	1547028943944	1547028946912	OK	 
REQUEST	6		rest_Api_checkEmpSalary	1547028943942	1547028946912	OK	 
REQUEST	1		rest_Api_checkEmpSalary	1547028944148	1547028947222	OK	 
REQUEST	25		rest_Api_checkEmpSalary	1547028944149	1547028947223	OK	 
REQUEST	23		rest_Api_checkEmpSalary	1547028944354	1547028947312	OK	 
REQUEST	5		rest_Api_checkEmpSalary	1547028944353	1547028947314	OK	 
REQUEST	28		rest_Api_checkEmpSalary	1547028944498	1547028947515	OK	 
REQUEST	19		rest_Api_checkEmpSalary	1547028944501	1547028947515	OK	 
REQUEST	2		rest_Api_checkEmpSalary	1547028944697	1547028947759	OK	 
REQUEST	16		rest_Api_checkEmpSalary	1547028944703	1547028947759	OK	 
REQUEST	21		rest_Api_checkEmpSalary	1547028944902	1547028947929	OK	 
REQUEST	15		rest_Api_checkEmpSalary	1547028944900	1547028947929	OK	 
REQUEST	18		rest_Api_checkEmpSalary	1547028945172	1547028948117	OK	 
REQUEST	3		rest_Api_checkEmpSalary	1547028945172	1547028948121	OK	 
REQUEST	4		rest_Api_checkEmpSalary	1547028945304	1547028948347	OK	 
REQUEST	26		rest_Api_checkEmpSalary	1547028945302	1547028948347	OK	 
REQUEST	14		rest_Api_checkEmpSalary	1547028945502	1547028948550	OK	 
REQUEST	13		rest_Api_checkEmpSalary	1547028945504	1547028948550	OK	 
REQUEST	12		rest_Api_checkEmpSalary	1547028945788	1547028948755	OK	 
REQUEST	29		rest_Api_checkEmpSalary	1547028945788	1547028948755	OK	 
REQUEST	20		rest_Api_checkEmpSalary	1547028945905	1547028948922	OK	 
REQUEST	24		rest_Api_checkEmpSalary	1547028945906	1547028948924	OK	 
REQUEST	11		rest_Api_checkEmpSalary	1547028946199	1547028949164	OK	 
REQUEST	22		rest_Api_checkEmpSalary	1547028946198	1547028949164	OK	 
REQUEST	9		rest_Api_checkEmpSalary	1547028946307	1547028949326	OK	 
REQUEST	10		rest_Api_checkEmpSalary	1547028946309	1547028949335	OK	 
REQUEST	7		rest_Api_checkEmpSalary	1547028946508	1547028949526	OK	 
REQUEST	27		rest_Api_checkEmpSalary	1547028946510	1547028949527	OK	 
REQUEST	17		rest_Api_checkEmpSalary	1547028946813	1547028949782	OK	 
REQUEST	30		rest_Api_checkEmpSalary	1547028946812	1547028949782	OK	 
REQUEST	6		rest_Api_checkEmpSalary	1547028946912	1547028949928	OK	 
REQUEST	8		rest_Api_checkEmpSalary	1547028946912	1547028949930	OK	 
REQUEST	25		rest_Api_checkEmpSalary	1547028947224	1547028950190	OK	 
REQUEST	1		rest_Api_checkEmpSalary	1547028947222	1547028950191	OK	 
REQUEST	23		rest_Api_checkEmpSalary	1547028947313	1547028950331	OK	 
REQUEST	5		rest_Api_checkEmpSalary	1547028947314	1547028950332	OK	 
REQUEST	28		rest_Api_checkEmpSalary	1547028947516	1547028950534	OK	 
REQUEST	19		rest_Api_checkEmpSalary	1547028947516	1547028950534	OK	 
REQUEST	2		rest_Api_checkEmpSalary	1547028947760	1547028950735	OK	 
REQUEST	16		rest_Api_checkEmpSalary	1547028947760	1547028950736	OK	 
REQUEST	15		rest_Api_checkEmpSalary	1547028947930	1547028950935	OK	 
REQUEST	21		rest_Api_checkEmpSalary	1547028947930	1547028950935	OK	 
REQUEST	3		rest_Api_checkEmpSalary	1547028948122	1547028951217	OK	 
REQUEST	18		rest_Api_checkEmpSalary	1547028948118	1547028951217	OK	 
REQUEST	4		rest_Api_checkEmpSalary	1547028948348	1547028951342	OK	 
REQUEST	26		rest_Api_checkEmpSalary	1547028948348	1547028951342	OK	 
REQUEST	14		rest_Api_checkEmpSalary	1547028948551	1547028951538	OK	 
REQUEST	13		rest_Api_checkEmpSalary	1547028948551	1547028951543	OK	 
REQUEST	12		rest_Api_checkEmpSalary	1547028948755	1547028951739	OK	 
REQUEST	29		rest_Api_checkEmpSalary	1547028948755	1547028951741	OK	 
REQUEST	24		rest_Api_checkEmpSalary	1547028948924	1547028952033	OK	 
REQUEST	20		rest_Api_checkEmpSalary	1547028948923	1547028952033	OK	 
REQUEST	11		rest_Api_checkEmpSalary	1547028949165	1547028952142	OK	 
REQUEST	22		rest_Api_checkEmpSalary	1547028949165	1547028952142	OK	 
REQUEST	9		rest_Api_checkEmpSalary	1547028949326	1547028952343	OK	 
REQUEST	10		rest_Api_checkEmpSalary	1547028949335	1547028952345	OK	 
REQUEST	7		rest_Api_checkEmpSalary	1547028949527	1547028952544	OK	 
REQUEST	27		rest_Api_checkEmpSalary	1547028949528	1547028952546	OK	 
REQUEST	30		rest_Api_checkEmpSalary	1547028949783	1547028952749	OK	 
REQUEST	17		rest_Api_checkEmpSalary	1547028949783	1547028952749	OK	 
REQUEST	6		rest_Api_checkEmpSalary	1547028949929	1547028953055	OK	 
REQUEST	8		rest_Api_checkEmpSalary	1547028949931	1547028953057	OK	 
REQUEST	1		rest_Api_checkEmpSalary	1547028950191	1547028953148	OK	 
REQUEST	25		rest_Api_checkEmpSalary	1547028950190	1547028953149	OK	 
REQUEST	23		rest_Api_checkEmpSalary	1547028950331	1547028953349	OK	 
REQUEST	5		rest_Api_checkEmpSalary	1547028950333	1547028953350	OK	 
REQUEST	28		rest_Api_checkEmpSalary	1547028950535	1547028953570	OK	 
REQUEST	19		rest_Api_checkEmpSalary	1547028950535	1547028953572	OK	 
REQUEST	16		rest_Api_checkEmpSalary	1547028950736	1547028953773	OK	 
REQUEST	2		rest_Api_checkEmpSalary	1547028950736	1547028953773	OK	 
REQUEST	15		rest_Api_checkEmpSalary	1547028950936	1547028953977	OK	 
REQUEST	21		rest_Api_checkEmpSalary	1547028950936	1547028953977	OK	 
REQUEST	18		rest_Api_checkEmpSalary	1547028951219	1547028954154	OK	 
REQUEST	3		rest_Api_checkEmpSalary	1547028951218	1547028954155	OK	 
REQUEST	4		rest_Api_checkEmpSalary	1547028951343	1547028954357	OK	 
REQUEST	26		rest_Api_checkEmpSalary	1547028951343	1547028954357	OK	 
REQUEST	14		rest_Api_checkEmpSalary	1547028951539	1547028954556	OK	 
REQUEST	13		rest_Api_checkEmpSalary	1547028951543	1547028954557	OK	 
REQUEST	12		rest_Api_checkEmpSalary	1547028951740	1547028954758	OK	 
REQUEST	29		rest_Api_checkEmpSalary	1547028951741	1547028954759	OK	 
REQUEST	20		rest_Api_checkEmpSalary	1547028952034	1547028954958	OK	 
REQUEST	24		rest_Api_checkEmpSalary	1547028952033	1547028954960	OK	 
REQUEST	22		rest_Api_checkEmpSalary	1547028952142	1547028955160	OK	 
REQUEST	11		rest_Api_checkEmpSalary	1547028952143	1547028955159	OK	 
REQUEST	9		rest_Api_checkEmpSalary	1547028952343	1547028955360	OK	 
REQUEST	10		rest_Api_checkEmpSalary	1547028952346	1547028955362	OK	 
REQUEST	7		rest_Api_checkEmpSalary	1547028952545	1547028955562	OK	 
REQUEST	27		rest_Api_checkEmpSalary	1547028952547	1547028955563	OK	 
REQUEST	30		rest_Api_checkEmpSalary	1547028952750	1547028955781	OK	 
REQUEST	17		rest_Api_checkEmpSalary	1547028952749	1547028955781	OK	 
REQUEST	6		rest_Api_checkEmpSalary	1547028953056	1547028955964	OK	 
REQUEST	8		rest_Api_checkEmpSalary	1547028953058	1547028955966	OK	 
REQUEST	1		rest_Api_checkEmpSalary	1547028953148	1547028956232	OK	 
REQUEST	25		rest_Api_checkEmpSalary	1547028953150	1547028956233	OK	 
REQUEST	5		rest_Api_checkEmpSalary	1547028953351	1547028956380	OK	 
REQUEST	23		rest_Api_checkEmpSalary	1547028953350	1547028956380	OK	 
REQUEST	28		rest_Api_checkEmpSalary	1547028953571	1547028956581	OK	 
REQUEST	19		rest_Api_checkEmpSalary	1547028953572	1547028956581	OK	 
REQUEST	2		rest_Api_checkEmpSalary	1547028953773	1547028956848	OK	 
REQUEST	16		rest_Api_checkEmpSalary	1547028953773	1547028956848	OK	 
REQUEST	21		rest_Api_checkEmpSalary	1547028953978	1547028956973	OK	 
REQUEST	15		rest_Api_checkEmpSalary	1547028953978	1547028956973	OK	 
REQUEST	18		rest_Api_checkEmpSalary	1547028954154	1547028957365	OK	 
REQUEST	3		rest_Api_checkEmpSalary	1547028954155	1547028957365	OK	 
REQUEST	26		rest_Api_checkEmpSalary	1547028954357	1547028957389	OK	 
REQUEST	4		rest_Api_checkEmpSalary	1547028954357	1547028957390	OK	 
REQUEST	14		rest_Api_checkEmpSalary	1547028954556	1547028957587	OK	 
REQUEST	13		rest_Api_checkEmpSalary	1547028954558	1547028957607	OK	 
REQUEST	12		rest_Api_checkEmpSalary	1547028954759	1547028957810	OK	 
REQUEST	29		rest_Api_checkEmpSalary	1547028954760	1547028957811	OK	 
REQUEST	20		rest_Api_checkEmpSalary	1547028954959	1547028958069	OK	 
REQUEST	24		rest_Api_checkEmpSalary	1547028954960	1547028958069	OK	 
REQUEST	22		rest_Api_checkEmpSalary	1547028955160	1547028958232	OK	 
REQUEST	11		rest_Api_checkEmpSalary	1547028955160	1547028958232	OK	 
REQUEST	10		rest_Api_checkEmpSalary	1547028955363	1547028958392	OK	 
REQUEST	9		