ASSERTION	AAMEAAEBBgAAAAAAAECPQA==
RUN	com.loadtest.simulations.SimulationFirst	simulationfirst	1546952008616	 	3.0.0
USER	Loadtest	1	START	1546952010470	1546952010470
REQUEST	1		rest_Api_checkEmpSalary	1546952010527	1546952010824	OK	 
USER	Loadtest	2	START	1546952011544	1546952011544
REQUEST	1		rest_Api_checkEmpSalary	1546952011496	1546952011744	OK	 
REQUEST	2		rest_Api_checkEmpSalary	1546952011547	1546952011790	OK	 
USER	Loadtest	3	START	1546952012543	1546952012543
REQUEST	1		rest_Api_checkEmpSalary	1546952012515	1546952012746	OK	 
REQUEST	2		rest_Api_checkEmpSalary	1546952012565	1546952012787	OK	 
REQUEST	3		rest_Api_checkEmpSalary	1546952012547	1546952012937	OK	 
USER	Loadtest	4	START	1546952013464	1546952013464
REQUEST	4		rest_Api_checkEmpSalary	1546952013467	1546952013733	OK	 
REQUEST	1		rest_Api_checkEmpSalary	1546952013536	1546952013755	OK	 
REQUEST	3		rest_Api_checkEmpSalary	1546952013565	1546952013911	OK	 
REQUEST	2		rest_Api_checkEmpSalary	1546952013586	1546952013956	OK	 
USER	Loadtest	5	START	1546952014464	1546952014464
REQUEST	4		rest_Api_checkEmpSalary	1546952014486	1546952014707	OK	 
REQUEST	5		rest_Api_checkEmpSalary	1546952014467	1546952014711	OK	 
REQUEST	1		rest_Api_checkEmpSalary	1546952014554	1546952014963	OK	 
REQUEST	3		rest_Api_checkEmpSalary	1546952014574	1546952014963	OK	 
REQUEST	2		rest_Api_checkEmpSalary	1546952014606	1546952015167	OK	 
USER	Loadtest	6	START	1546952015464	1546952015464
REQUEST	5		rest_Api_checkEmpSalary	1546952015486	1546952015710	OK	 
REQUEST	6		rest_Api_checkEmpSalary	1546952015467	1546952015718	OK	 
REQUEST	1		rest_Api_checkEmpSalary	1546952015575	1546952015987	OK	 
REQUEST	4		rest_Api_checkEmpSalary	1546952015511	1546952015987	OK	 
REQUEST	3		rest_Api_checkEmpSalary	1546952015594	1546952016191	OK	 
REQUEST	2		rest_Api_checkEmpSalary	1546952015624	1546952016192	OK	 
USER	Loadtest	7	START	1546952016463	1546952016463
REQUEST	6		rest_Api_checkEmpSalary	1546952016486	1546952016708	OK	 
REQUEST	7		rest_Api_checkEmpSalary	1546952016466	1546952016708	OK	 
REQUEST	5		rest_Api_checkEmpSalary	1546952016505	1546952017012	OK	 
REQUEST	4		rest_Api_checkEmpSalary	1546952016525	1546952017013	OK	 
REQUEST	3		rest_Api_checkEmpSalary	1546952016616	1546952017109	OK	 
REQUEST	1		rest_Api_checkEmpSalary	1546952016595	1546952017110	OK	 
REQUEST	2		rest_Api_checkEmpSalary	1546952016646	1546952017318	OK	 
USER	Loadtest	8	START	1546952017464	1546952017464
REQUEST	7		rest_Api_checkEmpSalary	1546952017485	1546952017707	OK	 
REQUEST	8		rest_Api_checkEmpSalary	1546952017467	1546952017710	OK	 
REQUEST	6		rest_Api_checkEmpSalary	1546952017505	1546952017932	OK	 
REQUEST	5		rest_Api_checkEmpSalary	1546952017525	1546952017932	OK	 
REQUEST	4		rest_Api_checkEmpSalary	1546952017546	1546952018135	OK	 
REQUEST	1		rest_Api_checkEmpSalary	1546952017606	1546952018136	OK	 
REQUEST	3		rest_Api_checkEmpSalary	1546952017624	1546952018340	OK	 
REQUEST	2		rest_Api_checkEmpSalary	1546952017666	1546952018341	OK	 
USER	Loadtest	9	START	1546952018464	1546952018464
REQUEST	9		rest_Api_checkEmpSalary	1546952018466	1546952018708	OK	 
REQUEST	8		rest_Api_checkEmpSalary	1546952018494	1546952018715	OK	 
REQUEST	7		rest_Api_checkEmpSalary	1546952018505	1546952018955	OK	 
REQUEST	6		rest_Api_checkEmpSalary	1546952018525	1546952018957	OK	 
REQUEST	4		rest_Api_checkEmpSalary	1546952018566	1546952019161	OK	 
REQUEST	5		rest_Api_checkEmpSalary	1546952018545	1546952019161	OK	 
REQUEST	1		rest_Api_checkEmpSalary	1546952018625	1546952019364	OK	 
REQUEST	3		rest_Api_checkEmpSalary	1546952018644	1546952019364	OK	 
USER	Loadtest	10	START	1546952019464	1546952019464
REQUEST	2		rest_Api_checkEmpSalary	1546952018685	1546952019512	OK	 
REQUEST	9		rest_Api_checkEmpSalary	1546952019485	1546952019708	OK	 
REQUEST	10		rest_Api_checkEmpSalary	1546952019467	1546952019715	OK	 
REQUEST	8		rest_Api_checkEmpSalary	1546952019516	1546952019980	OK	 
REQUEST	7		rest_Api_checkEmpSalary	1546952019525	1546952019980	OK	 
REQUEST	6		rest_Api_checkEmpSalary	1546952019546	1546952020184	OK	 
REQUEST	5		rest_Api_checkEmpSalary	1546952019566	1546952020185	OK	 
REQUEST	4		rest_Api_checkEmpSalary	1546952019586	1546952020391	OK	 
REQUEST	1		rest_Api_checkEmpSalary	1546952019646	1546952020391	OK	 
USER	Loadtest	11	START	1546952020463	1546952020463
REQUEST	3		rest_Api_checkEmpSalary	1546952019667	1546952020544	OK	 
REQUEST	2		rest_Api_checkEmpSalary	1546952019706	1546952020544	OK	 
REQUEST	11		rest_Api_checkEmpSalary	1546952020464	1546952020710	OK	 
REQUEST	10		rest_Api_checkEmpSalary	1546952020485	1546952020717	OK	 
REQUEST	8		rest_Api_checkEmpSalary	1546952020525	1546952021004	OK	 
REQUEST	9		rest_Api_checkEmpSalary	1546952020504	1546952021004	OK	 
REQUEST	7		rest_Api_checkEmpSalary	1546952020545	1546952021208	OK	 
REQUEST	6		rest_Api_checkEmpSalary	1546952020564	1546952021209	OK	 
REQUEST	5		rest_Api_checkEmpSalary	1546952020585	1546952021414	OK	 
REQUEST	4		rest_Api_checkEmpSalary	1546952020604	1546952021413	OK	 
USER	Loadtest	12	START	1546952021464	1546952021464
REQUEST	1		rest_Api_checkEmpSalary	1546952020665	1546952021516	OK	 
REQUEST	3		rest_Api_checkEmpSalary	1546952020685	1546952021519	OK	 
REQUEST	2		rest_Api_checkEmpSalary	1546952020725	1546952021714	OK	 
REQUEST	11		rest_Api_checkEmpSalary	1546952021475	1546952021720	OK	 
REQUEST	12		rest_Api_checkEmpSalary	1546952021465	1546952021925	OK	 
REQUEST	10		rest_Api_checkEmpSalary	1546952021504	1546952021925	OK	 
REQUEST	9		rest_Api_checkEmpSalary	1546952021526	1546952022130	OK	 
REQUEST	8		rest_Api_checkEmpSalary	1546952021546	1546952022131	OK	 
REQUEST	6		rest_Api_checkEmpSalary	1546952021584	1546952022334	OK	 
REQUEST	7		rest_Api_checkEmpSalary	1546952021566	1546952022334	OK	 
USER	Loadtest	13	START	1546952022464	1546952022464
REQUEST	4		rest_Api_checkEmpSalary	1546952021624	1546952022522	OK	 
REQUEST	5		rest_Api_checkEmpSalary	1546952021604	1546952022522	OK	 
REQUEST	1		rest_Api_checkEmpSalary	1546952021685	1546952022727	OK	 
REQUEST	3		rest_Api_checkEmpSalary	1546952021705	1546952022727	OK	 
REQUEST	12		rest_Api_checkEmpSalary	1546952022485	1546952022956	OK	 
REQUEST	2		rest_Api_checkEmpSalary	1546952021745	1546952022956	OK	 
REQUEST	11		rest_Api_checkEmpSalary	1546952022495	1546952023154	OK	 
REQUEST	13		rest_Api_checkEmpSalary	1546952022467	1546952023154	OK	 
REQUEST	10		rest_Api_checkEmpSalary	1546952022524	1546952023359	OK	 
REQUEST	9		rest_Api_checkEmpSalary	1546952022544	1546952023359	OK	 
USER	Loadtest	14	START	1546952023463	1546952023463
REQUEST	8		rest_Api_checkEmpSalary	1546952022564	1546952023521	OK	 
REQUEST	7		rest_Api_checkEmpSalary	1546952022585	1546952023524	OK	 
REQUEST	6		rest_Api_checkEmpSalary	1546952022605	1546952023721	OK	 
REQUEST	5		rest_Api_checkEmpSalary	1546952022626	1546952023724	OK	 
REQUEST	4		rest_Api_checkEmpSalary	1546952022635	1546952023972	OK	 
REQUEST	1		rest_Api_checkEmpSalary	1546952022730	1546952023972	OK	 
REQUEST	2		rest_Api_checkEmpSalary	1546952022963	1546952024178	OK	 
REQUEST	3		rest_Api_checkEmpSalary	1546952022732	1546952024178	OK	 
REQUEST	14		rest_Api_checkEmpSalary	1546952023466	1546952024383	OK	 
REQUEST	13		rest_Api_checkEmpSalary	1546952023486	1546952024383	OK	 
USER	Loadtest	15	START	1546952024464	1546952024464
REQUEST	12		rest_Api_checkEmpSalary	1546952023506	1546952024525	OK	 
REQUEST	11		rest_Api_checkEmpSalary	1546952023515	1546952024527	OK	 
REQUEST	10		rest_Api_checkEmpSalary	1546952023545	1546952024792	OK	 
REQUEST	9		rest_Api_checkEmpSalary	1546952023564	1546952024793	OK	 
REQUEST	8		rest_Api_checkEmpSalary	1546952023575	1546952024997	OK	 
REQUEST	7		rest_Api_checkEmpSalary	1546952023605	1546952024997	OK	 
REQUEST	6		rest_Api_checkEmpSalary	1546952023722	1546952025202	OK	 
REQUEST	5		rest_Api_checkEmpSalary	1546952023724	1546952025202	OK	 
REQUEST	4		rest_Api_checkEmpSalary	1546952023973	1546952025327	OK	 
REQUEST	1		rest_Api_checkEmpSalary	1546952023973	1546952025328	OK	 
USER	Loadtest	16	START	1546952025464	1546952025464
REQUEST	2		rest_Api_checkEmpSalary	1546952024182	1546952025529	OK	 
REQUEST	3		rest_Api_checkEmpSalary	1546952024182	1546952025529	OK	 
REQUEST	15		rest_Api_checkEmpSalary	1546952024466	1546952025816	OK	 
REQUEST	14		rest_Api_checkEmpSalary	1546952024495	1546952025816	OK	 
REQUEST	13		rest_Api_checkEmpSalary	1546952024505	1546952025937	OK	 
REQUEST	11		rest_Api_checkEmpSalary	1546952024531	1546952025937	OK	 
REQUEST	12		rest_Api_checkEmpSalary	1546952024534	1546952026226	OK	 
REQUEST	10		rest_Api_checkEmpSalary	1546952024796	1546952026226	OK	 
REQUEST	7		rest_Api_checkEmpSalary	1546952025000	1546952026331	OK	 
REQUEST	9		rest_Api_checkEmpSalary	1546952024797	1546952026331	OK	 
USER	Loadtest	17	START	1546952026464	1546952026464
REQUEST	5		rest_Api_checkEmpSalary	1546952025205	1546952026533	OK	 
REQUEST	8		rest_Api_checkEmpSalary	1546952025000	1546952026533	OK	 
REQUEST	6		rest_Api_checkEmpSalary	1546952025205	1546952026840	OK	 
REQUEST	4		rest_Api_checkEmpSalary	1546952025327	1546952026840	OK	 
REQUEST	16		rest_Api_checkEmpSalary	1546952025466	1546952026934	OK	 
REQUEST	1		rest_Api_checkEmpSalary	1546952025328	1546952026934	OK	 
REQUEST	2		rest_Api_checkEmpSalary	1546952025532	1546952027147	OK	 
REQUEST	3		rest_Api_checkEmpSalary	1546952025532	1546952027148	OK	 
REQUEST	15		rest_Api_checkEmpSalary	1546952025817	1546952027352	OK	 
REQUEST	14		rest_Api_checkEmpSalary	1546952025817	1546952027352	OK	 
USER	Loadtest	18	START	1546952027463	1546952027463
REQUEST	11		rest_Api_checkEmpSalary	1546952025940	1546952027536	OK	 
REQUEST	13		rest_Api_checkEmpSalary	1546952025939	1546952027536	OK	 
REQUEST	12		rest_Api_checkEmpSalary	1546952026228	1546952027762	OK	 
REQUEST	10		rest_Api_checkEmpSalary	1546952026228	1546952027762	OK	 
REQUEST	7		rest_Api_checkEmpSalary	1546952026332	1546952027967	OK	 
REQUEST	9		rest_Api_checkEmpSalary	1546952026332	1546952027967	OK	 
REQUEST	8		rest_Api_checkEmpSalary	1546952026536	1546952028177	OK	 
REQUEST	17		rest_Api_checkEmpSalary	1546952026467	1546952028177	OK	 
REQUEST	6		rest_Api_checkEmpSalary	1546952026843	1546952028377	OK	 
REQUEST	5		rest_Api_checkEmpSalary	1546952026537	1546952028377	OK	 
USER	Loadtest	19	START	1546952028463	1546952028463
REQUEST	1		rest_Api_checkEmpSalary	1546952026936	1546952028538	OK	 
REQUEST	4		rest_Api_checkEmpSalary	1546952026843	1546952028538	OK	 
REQUEST	16		rest_Api_checkEmpSalary	1546952026936	1546952028785	OK	 
REQUEST	2		rest_Api_checkEmpSalary	1546952027150	1546952028785	OK	 
REQUEST	3		rest_Api_checkEmpSalary	1546952027150	1546952028991	OK	 
REQUEST	14		rest_Api_checkEmpSalary	1546952027356	1546952028990	OK	 
REQUEST	18		rest_Api_checkEmpSalary	1546952027466	1546952029141	OK	 
REQUEST	15		rest_Api_checkEmpSalary	1546952027356	1546952029142	OK	 
REQUEST	13		rest_Api_checkEmpSalary	1546952027539	1546952029400	OK	 
REQUEST	11		rest_Api_checkEmpSalary	1546952027540	1546952029400	OK	 
USER	Loadtest	20	START	1546952029464	1546952029464
REQUEST	12		rest_Api_checkEmpSalary	1546952027764	1546952029543	OK	 
REQUEST	10		rest_Api_checkEmpSalary	1546952027768	1546952029543	OK	 
REQUEST	9		rest_Api_checkEmpSalary	1546952027970	1546952029810	OK	 
REQUEST	7		rest_Api_checkEmpSalary	1546952027970	1546952029810	OK	 
REQUEST	17		rest_Api_checkEmpSalary	1546952028180	1546952030014	OK	 
REQUEST	8		rest_Api_checkEmpSalary	1546952028180	1546952030015	OK	 
REQUEST	6		rest_Api_checkEmpSalary	1546952028381	1546952030219	OK	 
REQUEST	5		rest_Api_checkEmpSalary	1546952028381	1546952030220	OK	 
REQUEST	19		rest_Api_checkEmpSalary	1546952028466	1546952030424	OK	 
REQUEST	1		rest_Api_checkEmpSalary	1546952028539	1546952030424	OK	 
USER	Loadtest	21	START	1546952030464	1546952030464
REQUEST	4		rest_Api_checkEmpSalary	1546952028539	1546952030547	OK	 
REQUEST	16		rest_Api_checkEmpSalary	1546952028787	1546952030547	OK	 
REQUEST	3		rest_Api_checkEmpSalary	1546952028993	1546952030839	OK	 
REQUEST	2		rest_Api_checkEmpSalary	1546952028787	1546952030839	OK	 
REQUEST	18		rest_Api_checkEmpSalary	1546952029144	1546952030947	OK	 
REQUEST	14		rest_Api_checkEmpSalary	1546952028994	1546952030948	OK	 
REQUEST	13		rest_Api_checkEmpSalary	1546952029403	1546952031243	OK	 
REQUEST	15		rest_Api_checkEmpSalary	1546952029144	1546952031243	OK	 
REQUEST	20		rest_Api_checkEmpSalary	1546952029466	1546952031349	OK	 
REQUEST	11		rest_Api_checkEmpSalary	1546952029403	1546952031349	OK	 
USER	Loadtest	22	START	1546952031464	1546952031464
REQUEST	12		rest_Api_checkEmpSalary	1546952029546	1546952031550	OK	 
REQUEST	10		rest_Api_checkEmpSalary	1546952029545	1546952031550	OK	 
REQUEST	9		rest_Api_checkEmpSalary	1546952029812	1546952031858	OK	 
REQUEST	7		rest_Api_checkEmpSalary	1546952029812	1546952031858	OK	 
REQUEST	8		rest_Api_checkEmpSalary	1546952030017	1546952031955	OK	 
REQUEST	17		rest_Api_checkEmpSalary	1546952030018	1546952031954	OK	 
REQUEST	6		rest_Api_checkEmpSalary	1546952030222	1546952032187	OK	 
REQUEST	5		rest_Api_checkEmpSalary	1546952030222	1546952032187	OK	 
REQUEST	1		rest_Api_checkEmpSalary	1546952030428	1546952032375	OK	 
REQUEST	19		rest_Api_checkEmpSalary	1546952030428	1546952032375	OK	 
USER	Loadtest	23	START	1546952032464	1546952032464
REQUEST	4		rest_Api_checkEmpSalary	1546952030550	1546952032554	OK	 
REQUEST	21		rest_Api_checkEmpSalary	1546952030466	1546952032559	OK	 
REQUEST	16		rest_Api_checkEmpSalary	1546952030550	1546952032779	OK	 
REQUEST	2		rest_Api_checkEmpSalary	1546952030842	1546952032779	OK	 
REQUEST	14		rest_Api_checkEmpSalary	1546952030950	1546952032984	OK	 
REQUEST	3		rest_Api_checkEmpSalary	1546952030843	1546952032984	OK	 
REQUEST	13		rest_Api_checkEmpSalary	1546952031246	1546952033156	OK	 
REQUEST	18		rest_Api_checkEmpSalary	1546952030950	1546952033156	OK	 
REQUEST	11		rest_Api_checkEmpSalary	1546952031350	1546952033394	OK	 
REQUEST	15		rest_Api_checkEmpSalary	1546952031246	1546952033394	OK	 
USER	Loadtest	24	START	1546952033464	1546952033464
REQUEST	22		rest_Api_checkEmpSalary	1546952031466	1546952033557	OK	 
REQUEST	20		rest_Api_checkEmpSalary	1546952031350	1546952033557	OK	 
REQUEST	10		rest_Api_checkEmpSalary	1546952031551	1546952033803	OK	 
REQUEST	12		rest_Api_checkEmpSalary	1546952031551	1546952033803	OK	 
REQUEST	9		rest_Api_checkEmpSalary	1546952031861	1546952034008	OK	 
REQUEST	7		rest_Api_checkEmpSalary	1546952031860	1546952034008	OK	 
REQUEST	8		rest_Api_checkEmpSalary	1546952031957	1546952034214	OK	 
REQUEST	17		rest_Api_checkEmpSalary	1546952031958	1546952034213	OK	 
REQUEST	6		rest_Api_checkEmpSalary	1546952032189	1546952034418	OK	 
REQUEST	5		rest_Api_checkEmpSalary	1546952032189	1546952034418	OK	 
USER	Loadtest	25	START	1546952034464	1546952034464
REQUEST	19		rest_Api_checkEmpSalary	1546952032377	1546952034561	OK	 
REQUEST	1		rest_Api_checkEmpSalary	1546952032378	1546952034561	OK	 
REQUEST	4		rest_Api_checkEmpSalary	1546952032557	1546952034828	OK	 
REQUEST	23		rest_Api_checkEmpSalary	1546952032466	1546952034827	OK	 
REQUEST	16		rest_Api_checkEmpSalary	1546952032780	1546952035032	OK	 
REQUEST	21		rest_Api_checkEmpSalary	1546952032563	1546952035032	OK	 
REQUEST	3		rest_Api_checkEmpSalary	1546952032986	1546952035237	OK	 
REQUEST	2		rest_Api_checkEmpSalary	1546952032780	1546952035237	OK	 
REQUEST	14		rest_Api_checkEmpSalary	1546952032986	1546952035364	OK	 
REQUEST	18		rest_Api_checkEmpSalary	1546952033158	1546952035363	OK	 
USER	Loadtest	26	START	1546952035464	1546952035464
REQUEST	13		rest_Api_checkEmpSalary	1546952033158	1546952035564	OK	 
REQUEST	15		rest_Api_checkEmpSalary	1546952033396	1546952035564	OK	 
REQUEST	11		rest_Api_checkEmpSalary	1546952033396	1546952035851	OK	 
REQUEST	24		rest_Api_checkEmpSalary	1546952033466	1546952035851	OK	 
REQUEST	22		rest_Api_checkEmpSalary	1546952033560	1546952035969	OK	 
REQUEST	20		rest_Api_checkEmpSalary	1546952033560	1546952035969	OK	 
REQUEST	12		rest_Api_checkEmpSalary	1546952033804	1546952036260	OK	 
REQUEST	10		rest_Api_checkEmpSalary	1546952033804	1546952036261	OK	 
REQUEST	7		rest_Api_checkEmpSalary	1546952034011	1546952036370	OK	 
REQUEST	9		rest_Api_checkEmpSalary	1546952034011	1546952036370	OK	 
USER	Loadtest	27	START	1546952036463	1546952036463
REQUEST	8		rest_Api_checkEmpSalary	1546952034217	1546952036571	OK	 
REQUEST	17		rest_Api_checkEmpSalary	1546952034217	1546952036571	OK	 
REQUEST	5		rest_Api_checkEmpSalary	1546952034420	1546952036875	OK	 
REQUEST	6		rest_Api_checkEmpSalary	1546952034420	1546952036876	OK	 
REQUEST	25		rest_Api_checkEmpSalary	1546952034466	1546952036972	OK	 
REQUEST	1		rest_Api_checkEmpSalary	1546952034564	1546952036976	OK	 
REQUEST	19		rest_Api_checkEmpSalary	1546952034564	1546952037182	OK	 
REQUEST	23		rest_Api_checkEmpSalary	1546952034830	1546952037182	OK	 
REQUEST	4		rest_Api_checkEmpSalary	1546952034830	1546952037387	OK	 
REQUEST	21		rest_Api_checkEmpSalary	1546952035034	1546952037387	OK	 
USER	Loadtest	28	START	1546952037464	1546952037464
REQUEST	2		rest_Api_checkEmpSalary	1546952035239	1546952037575	OK	 
REQUEST	16		rest_Api_checkEmpSalary	1546952035034	1546952037576	OK	 
REQUEST	3		rest_Api_checkEmpSalary	1546952035239	1546952037806	OK	 
REQUEST	14		rest_Api_checkEmpSalary	1546952035366	1546952037806	OK	 
REQUEST	26		rest_Api_checkEmpSalary	1546952035466	1546952038002	OK	 
REQUEST	18		rest_Api_checkEmpSalary	1546952035368	1546952038005	OK	 
REQUEST	13		rest_Api_checkEmpSalary	1546952035566	1546952038206	OK	 
REQUEST	15		rest_Api_checkEmpSalary	1546952035567	1546952038207	OK	 
REQUEST	24		rest_Api_checkEmpSalary	1546952035853	1546952038411	OK	 
REQUEST	11		rest_Api_checkEmpSalary	1546952035853	1546952038411	OK	 
USER	Loadtest	29	START	1546952038463	1546952038463
REQUEST	22		rest_Api_checkEmpSalary	1546952035971	1546952038578	OK	 
REQUEST	20		rest_Api_checkEmpSalary	1546952035971	1546952038578	OK	 
REQUEST	10		rest_Api_checkEmpSalary	1546952036264	1546952038820	OK	 
REQUEST	12		rest_Api_checkEmpSalary	1546952036264	1546952038820	OK	 
REQUEST	9		rest_Api_checkEmpSalary	1546952036373	1546952039025	OK	 
REQUEST	7		rest_Api_checkEmpSalary	1546952036373	1546952039025	OK	 
REQUEST	27		rest_Api_checkEmpSalary	1546952036466	1546952039230	OK	 
REQUEST	17		rest_Api_checkEmpSalary	1546952036573	1546952039230	OK	 
REQUEST	5		rest_Api_checkEmpSalary	1546952036878	1546952039435	OK	 
REQUEST	8		rest_Api_checkEmpSalary	1546952036573	1546952039435	OK	 
USER	Loadtest	30	START	1546952039464	1546952039464
REQUEST	6		rest_Api_checkEmpSalary	1546952036878	1546952039581	OK	 
REQUEST	25		rest_Api_checkEmpSalary	1546952036974	1546952039581	OK	 
REQUEST	1		rest_Api_checkEmpSalary	1546952036978	1546952039845	OK	 
REQUEST	23		rest_Api_checkEmpSalary	1546952037184	1546952039845	OK	 
REQUEST	19		rest_Api_checkEmpSalary	1546952037184	1546952040049	OK	 
REQUEST	4		rest_Api_checkEmpSalary	1546952037389	1546952040049	OK	 
REQUEST	28		rest_Api_checkEmpSalary	1546952037466	1546952040254	OK	 
REQUEST	21		rest_Api_checkEmpSalary	1546952037389	1546952040254	OK	 
REQUEST	2		rest_Api_checkEmpSalary	1546952037578	1546952040459	OK	 
REQUEST	16		rest_Api_checkEmpSalary	1546952037578	1546952040459	OK	 
REQUEST	14		rest_Api_checkEmpSalary	1546952037807	1546952040664	OK	 
REQUEST	3		rest_Api_checkEmpSalary	1546952037807	1546952040664	OK	 
REQUEST	26		rest_Api_checkEmpSalary	1546952038004	1546952040874	OK	 
REQUEST	18		rest_Api_checkEmpSalary	1546952038007	1546952040877	OK	 
REQUEST	15		rest_Api_checkEmpSalary	1546952038209	1546952040986	OK	 
REQUEST	13		rest_Api_checkEmpSalary	1546952038209	1546952040986	OK	 
REQUEST	24		rest_Api_checkEmpSalary	1546952038415	1546952041278	OK	 
REQUEST	11		rest_Api_checkEmpSalary	1546952038414	1546952041278	OK	 
REQUEST	20		rest_Api_checkEmpSalary	1546952038580	1546952041387	OK	 
REQUEST	29		rest_Api_checkEmpSalary	1546952038465	1546952041387	OK	 
REQUEST	22		rest_Api_checkEmpSalary	1546952038580	1546952041688	OK	 
REQUEST	12		rest_Api_checkEmpSalary	1546952038822	1546952041688	OK	 
REQUEST	10		rest_Api_checkEmpSalary	1546952038821	1546952041790	OK	 
REQUEST	9		rest_Api_checkEmpSalary	1546952039028	1546952041790	OK	 
REQUEST	7		rest_Api_checkEmpSalary	1546952039028	1546952042098	OK	 
REQUEST	27		rest_Api_checkEmpSalary	1546952039233	1546952042097	OK	 
REQUEST	5		rest_Api_checkEmpSalary	1546952039438	1546952042190	OK	 
REQUEST	17		rest_Api_checkEmpSalary	1546952039232	1546952042190	OK	 
REQUEST	8		rest_Api_checkEmpSalary	1546952039438	1546952042404	OK	 
REQUEST	30		rest_Api_checkEmpSalary	1546952039466	1546952042405	OK	 
REQUEST	25		rest_Api_checkEmpSalary	1546952039584	1546952042610	OK	 
REQUEST	6		rest_Api_checkEmpSalary	1546952039584	1546952042610	OK	 
REQUEST	23		rest_Api_checkEmpSalary	1546952039847	1546952042792	OK	 
REQUEST	1		rest_Api_checkEmpSalary	1546952039847	1546952042792	OK	 
REQUEST	4		rest_Api_checkEmpSalary	1546952040050	1546952043019	OK	 
REQUEST	19		rest_Api_checkEmpSalary	1546952040050	1546952043019	OK	 
REQUEST	28		rest_Api_checkEmpSalary	1546952040257	1546952043224	OK	 
REQUEST	21		rest_Api_checkEmpSalary	1546952040257	1546952043224	OK	 
REQUEST	16		rest_Api_checkEmpSalary	1546952040461	1546952043428	OK	 
REQUEST	2		rest_Api_checkEmpSalary	1546952040461	1546952043429	OK	 
REQUEST	14		rest_Api_checkEmpSalary	1546952040667	1546952043634	OK	 
REQUEST	3		rest_Api_checkEmpSalary	1546952040667	1546952043634	OK	 
REQUEST	18		rest_Api_checkEmpSalary	1546952040879	1546952043838	OK	 
REQUEST	26		rest_Api_checkEmpSalary	1546952040876	1546952043839	OK	 
REQUEST	15		rest_Api_checkEmpSalary	1546952040988	1546952044043	OK	 
REQUEST	13		rest_Api_checkEmpSalary	1546952040989	1546952044043	OK	 
REQUEST	11		rest_Api_checkEmpSalary	1546952041281	1546952044248	OK	 
REQUEST	24		rest_Api_checkEmpSalary	1546952041281	1546952044248	OK	 
REQUEST	20		rest_Api_checkEmpSalary	1546952041390	1546952044452	OK	 
REQUEST	29		rest_Api_checkEmpSalary	1546952041390	1546952044452	OK	 
REQUEST	22		rest_Api_checkEmpSalary	1546952041690	1546952044657	OK	 
REQUEST	12		rest_Api_checkEmpSalary	1546952041691	1546952044658	OK	 
REQUEST	9		rest_Api_checkEmpSalary	1546952041792	1546952044862	OK	 
REQUEST	10		rest_Api_checkEmpSalary	1546952041793	1546952044862	OK	 
REQUEST	7		rest_Api_checkEmpSalary	1546952042100	1546952045067	OK	 
REQUEST	27		rest_Api_checkEmpSalary	1546952042101	1546952045067	OK	 
REQUEST	17		rest_Api_checkEmpSalary	1546952042193	1546952045272	OK	 
REQUEST	5		rest_Api_checkEmpSalary	1546952042193	1546952045272	OK	 
REQUEST	8		rest_Api_checkEmpSalary	1546952042407	1546952045477	OK	 
REQUEST	30		rest_Api_checkEmpSalary	1546952042407	1546952045476	OK	 
REQUEST	25		rest_Api_checkEmpSalary	1546952042612	1546952045682	OK	 
REQUEST	6		rest_Api_checkEmpSalary	1546952042612	1546952045682	OK	 
REQUEST	1		rest_Api_checkEmpSalary	1546952042793	1546952045886	OK	 
REQUEST	23		rest_Api_checkEmpSalary	1546952042793	1546952045886	OK	 
REQUEST	4		rest_Api_checkEmpSalary	1546952043021	1546952046003	OK	 
REQUEST	19		rest_Api_checkEmpSalary	1546952043022	1546952046003	OK	 
REQUEST	21		rest_Api_checkEmpSalary	1546952043226	1546952046297	OK	 
REQUEST	28		rest_Api_checkEmpSalary	1546952043227	1546952046297	OK	 
REQUEST	16		rest_Api_checkEmpSalary	1546952043431	1546952046405	OK	 
REQUEST	2		rest_Api_checkEmpSalary	1546952043431	1546952046405	OK	 
REQUEST	14		rest_Api_checkEmpSalary	1546952043636	1546952046706	OK	 
REQUEST	3		rest_Api_checkEmpSalary	1546952043636	1546952046706	OK	 
REQUEST	18		rest_Api_checkEmpSalary	1546952043839	1546952046807	OK	 
REQUEST	26		rest_Api_checkEmpSalary	1546952043840	1546952046808	OK	 
REQUEST	13		rest_Api_checkEmpSalary	1546952044045	1546952047115	OK	 
REQUEST	15		rest_Api_checkEmpSalary	1546952044045	1546952047115	OK	 
REQUEST	11		rest_Api_checkEmpSalary	1546952044250	1546952047207	OK	 
REQUEST	24		rest_Api_checkEmpSalary	1546952044250	1546952047207	OK	 
REQUEST	29		rest_Api_checkEmpSalary	1546952044455	1546952047422	OK	 
REQUEST	20		rest_Api_checkEmpSalary	1546952044455	1546952047422	OK	 
REQUEST	22		rest_Api_checkEmpSalary	1546952044659	1546952047627	OK	 
REQUEST	12		rest_Api_checkEmpSalary	1546952044660	1546952047627	OK	 
REQUEST	9		rest_Api_checkEmpSalary	1546952044864	1546952047831	OK	 
REQUEST	10		rest_Api_checkEmpSalary	1546952044864	1546952047831	OK	 
REQUEST	27		rest_Api_checkEmpSalary	1546952045069	1546952048010	OK	 
REQUEST	7		rest_Api_checkEmpSalary	1546952045069	1546952048010	OK	 
REQUEST	17		rest_Api_checkEmpSalary	1546952045274	1546952048250	OK	 
REQUEST	5		rest_Api_checkEmpSalary	1546952045274	1546952048250	OK	 
REQUEST	30		rest_Api_checkEmpSalary	1546952045478	1546952048446	OK	 
REQUEST	8		rest_Api_checkEmpSalary	1546952045478	1546952048446	OK	 
REQUEST	6		rest_Api_checkEmpSalary	1546952045684	1546952048651	OK	 
REQUEST	25		rest_Api_checkEmpSalary	1546952045684	1546952048651	OK	 
REQUEST	23		rest_Api_checkEmpSalary	1546952045888	1546952048855	OK	 
REQUEST	1		rest_Api_checkEmpSalary	1546952045888	1546952048856	OK	 
REQUEST	4		rest_Api_checkEmpSalary	1546952046006	1546952049060	OK	 
REQUEST	19		rest_Api_checkEmpSalary	1546952046005	1546952049060	OK	 
REQUEST	21		rest_Api_checkEmpSalary	1546952046299	1546952049266	OK	 
REQUEST	28		rest_Api_checkEmpSalary	1546952046299	1546952049267	OK	 
REQUEST	16		rest_Api_checkEmpSalary	1546952046407	1546952049470	OK	 
REQUEST	2		rest_Api_checkEmpSalary	1546952046407	1546952049470	OK	 
REQUEST	3		rest_Api_checkEmpSalary	1546952046708	1546952049675	OK	 
REQUEST	14		rest_Api_checkEmpSalary	1546952046708	1546952049675	OK	 
REQUEST	26		rest_Api_checkEmpSalary	1546952046808	1546952049880	OK	 
REQUEST	18		rest_Api_checkEmpSalary	1546952046808	1546952049884	OK	 
REQUEST	15		rest_Api_checkEmpSalary	1546952047117	1546952050084	OK	 
REQUEST	13		rest_Api_checkEmpSalary	1546952047117	1546952050084	OK	 
REQUEST	11		rest_Api_checkEmpSalary	1546952047209	1546952050349	OK	 
REQUEST	24		rest_Api_checkEmpSalary	1546952047209	1546952050349	OK	 
REQUEST	29		rest_Api_checkEmpSalary	1546952047425	1546952050418	OK	 
REQUEST	20		rest_Api_checkEmpSalary	1546952047424	1546952050418	OK	 
REQUEST	22		rest_Api_checkEmpSalary	1546952047629	1546952050714	OK	 
REQUEST	12		rest_Api_checkEmpSalary	1546952047629	1546952050715	OK	 
REQUEST	9		rest_Api_checkEmpSalary	1546952047832	1546952050819	OK	 
REQUEST	10		rest_Api_checkEmpSalary	1546952047832	1546952050819	OK	 
REQUEST	7		rest_Api_checkEmpSalary	1546952048012	1546952051109	OK	 
REQUEST	27		rest_Api_checkEmpSalary	1546952048012	1546952051108	OK	 
REQUEST	17		rest_Api_checkEmpSalary	1546952048252	1546952051221	OK	 
REQUEST	5		rest_Api_checkEmpSalary	1546952048252	1546952051221	OK	 
REQUEST	30		rest_Api_checkEmpSalary	1546952048448	1546952051518	OK	 
REQUEST	8		rest_Api_checkEmpSalary	1546952048448	1546952051518	OK	 
REQUEST	25		rest_Api_checkEmpSalary	1546952048653	1546952051622	OK	 
REQUEST	6		rest_Api_checkEmpSalary	1546952048653	1546952051622	OK	 
REQUEST	1		rest_Api_checkEmpSalary	1546952048857	1546952051928	OK	 
REQUEST	23		rest_Api_checkEmpSalary	1546952048856	1546952051928	OK	 
REQUEST	19		rest_Api_checkEmpSalary	1546952049062	1546952052025	OK	 
REQUEST	4		rest_Api_checkEmpSalary	1546952049062	1546952052025	OK	 
REQUEST	21		rest_Api_checkEmpSalary	1546952049268	1546952052235	OK	 
REQUEST	28		rest_Api_checkEmpSalary	1546952049269	1546952052235	OK	 
REQUEST	2		rest_Api_checkEmpSalary	1546952049472	1546952052440	OK	 
REQUEST	16		rest_Api_checkEmpSalary	1546952049473	1546952052440	OK	 
REQUEST	14		rest_Api_checkEmpSalary	1546952049677	1546952052645	OK	 
REQUEST	3		rest_Api_checkEmpSalary	1546952049678	1546952052645	OK	 
REQUEST	26		rest_Api_checkEmpSalary	1546952049882	1546952052850	OK	 
REQUEST	18		rest_Api_checkEmpSalary	1546952049886	1546952052853	OK	 
REQUEST	15		rest_Api_checkEmpSalary	1546952050086	1546952053054	OK	 
REQUEST	13		rest_Api_checkEmpSalary	1546952050086	1546952053054	OK	 
REQUEST	11		rest_Api_checkEmpSalary	1546952050349	1546952053259	OK	 
REQUEST	24		rest_Api_checkEmpSalary	1546952050349	1546952053259	OK	 
REQUEST	29		rest_Api_checkEmpSalary	1546952050420	1546952053464	OK	 
REQUEST	20		rest_Api_checkEmpSalary	1546952050420	1546952053464	OK	 
REQUEST	12		rest_Api_checkEmpSalary	1546952050717	1546952053636	OK	 
REQUEST	22		rest_Api_checkEmpSalary	1546952050716	1546952053636	OK	 
REQUEST	9		rest_Api_checkEmpSalary	1546952050820	1546952053874	OK	 
REQUEST	10		rest_Api_checkEmpSalary	1546952050820	1546952053874	OK	 
REQUEST	27		rest_Api_checkEmpSalary	1546952051110	1546952054079	OK	 
REQUEST	7		rest_Api_checkEmpSalary	1546952051110	1546952054078	OK	 
REQUEST	17		rest_Api_checkEmpSalary	1546952051223	1546952054283	OK	 
REQUEST	5		rest_Api_checkEmpSalary	1546952051223	1546952054283	OK	 
REQUEST	8		rest_Api_checkEmpSalary	1546952051520	1546952054488	OK	 
REQUEST	30		rest_Api_checkEmpSalary	1546952051520	1546952054488	OK	 
REQUEST	25		rest_Api_checkEmpSalary	1546952051624	1546952054692	OK	 
REQUEST	6		rest_Api_checkEmpSalary	1546952051624	1546952054692	OK	 
REQUEST	23		rest_Api_checkEmpSalary	1546952051930	1546952054897	OK	 
REQUEST	1		rest_Api_checkEmpSalary	1546952051930	1546952054897	OK	 
REQUEST	19		rest_Api_checkEmpSalary	1546952052027	1546952055102	OK	 
REQUEST	4		rest_Api_checkEmpSalary	1546952052027	1546952055102	OK	 
REQUEST	28		rest_Api_checkEmpSalary	1546952052237	1546952055307	OK	 
REQUEST	21		rest_Api_checkEmpSalary	1546952052237	1546952055307	OK	 
REQUEST	2		rest_Api_checkEmpSalary	1546952052442	1546952055512	OK	 
REQUEST	16		rest_Api_checkEmpSalary	1546952052442	1546952055512	OK	 
REQUEST	14		rest_Api_checkEmpSalary	1546952052647	1546952055716	OK	 
REQUEST	3		rest_Api_checkEmpSalary	1546952052647	1546952055716	OK	 
REQUEST	26		rest_Api_checkEmpSalary	1546952052852	1546952055921	OK	 
REQUEST	18		rest_Api_checkEmpSalary	1546952052855	1546952055924	OK	 
REQUEST	13		rest_Api_checkEmpSalary	1546952053056	1546952056040	OK	 
REQUEST	15		rest_Api_checkEmpSalary	1546952053056	1546952056040	OK	 
REQUEST	11		rest_Api_checkEmpSalary	1546952053261	1546952056336	OK	 
REQUEST	24		rest_Api_checkEmpSalary	1546952053261	1546952056336	OK	 
REQUEST	29		rest_Api_checkEmpSalary	1546952053466	1546952056439	OK	 
REQUEST	20		rest_Api_checkEmpSalary	1546952053466	1546952056439	OK	 
REQUEST	22		rest_Api_checkEmpSalary	1546952053638	1546952056741	OK	 
REQUEST	12		rest_Api_checkEmpSalary	1546952053639	1546952056741	OK	 
REQUEST	9		rest_Api_checkEmpSalary	1546952053876	1546952056843	OK	 
REQUEST	10		rest_Api_checkEmpSalary	1546952053876	1546952056843	OK	 
REQUEST	27		rest_Api_checkEmpSalary	1546952054080	1546952057150	OK	 
REQUEST	7		rest_Api_checkEmpSalary	1546952054080	1546952057150	OK	 
REQUEST	5		rest_Api_checkEmpSalary	1546952054284	1546952057242	OK	 
REQUEST	17		rest_Api_checkEmpSalary	1546952054284	1546952057242	OK	 
REQUEST	8		rest_Api_checkEmpSalary	1546952054490	1546952057457	OK	 
REQUEST	30		rest_Api_checkEmpSalary	1546952054490	1546952057457	OK	 
REQUEST	6		rest_Api_checkEmpSalary	1546952054694	1546952057662	OK	 
REQUEST	25		rest_Api_checkEmpSalary	1546952054694	1546952057662	OK	 
REQUEST	1		rest_Api_checkEmpSalary	1546952054899	1546952057867	OK	 
REQUEST	23		rest_Api_checkEmpSalary	1546952054899	1546952057867	OK	 
REQUEST	19		rest_Api_checkEmpSalary	1546952055104	1546952058071	OK	 
REQUEST	4		rest_Api_checkEmpSalary	1546952055104	1546952058072	OK	 
REQUEST	21		rest_Api_checkEmpSalary	1546952055309	1546952058277	OK	 
REQUEST	28		rest_Api_checkEmpSalary	1546952055309	1546952058277	OK	 
REQUEST	2		rest_Api_checkEmpSalary	1546952055514	1546952058481	OK	 
REQUEST	16		rest_Api_checkEmpSalary	1546952055514	1546952058481	OK	 
REQUEST	3		rest_Api_checkEmpSalary	1546952055718	1546952058686	OK	 
REQUEST	14		rest_Api_checkEmpSalary	1546952055718	1546952058686	OK	 
REQUEST	18		rest_Api_checkEmpSalary	1546952055925	1546952058891	OK	 
REQUEST	26		rest_Api_checkEmpSalary	1546952055923	1546952058893	OK	 
REQUEST	15		rest_Api_checkEmpSalary	1546952056042	1546952059095	OK	 
REQUEST	13		rest_Api_checkEmpSalary	1546952056042	1546952059096	OK	 
REQUEST	24		rest_Api_checkEmpSalary	1546952056336	1546952059300	OK	 
REQUEST	11		rest_Api_checkEmpSalary	1546952056336	1546952059301	OK	 
REQUEST	20		rest_Api_checkEmpSalary	1546952056441	1546952059505	OK	 
REQUEST	29		rest_Api_checkEmpSalary	1546952056442	1546952059505	OK	 
REQUEST	22		rest_Api_checkEmpSalary	1546952056743	1546952059710	OK	 
REQUEST	12		rest_Api_checkEmpSalary	1546952056743	1546952059710	OK	 
REQUEST	9		rest_Api_checkEmpSalary	1546952056844	1546952059849	OK	 
REQUEST	10		rest_Api_checkEmpSalary	1546952056844	1546952059849	OK	 
REQUEST	27		rest_Api_checkEmpSalary	1546952057152	1546952060119	OK	 
REQUEST	7		rest_Api_checkEmpSalary	1546952057152	1546952060120	OK	 
REQUEST	17		rest_Api_checkEmpSalary	1546952057244	1546952060331	OK	 
REQUEST	5		rest_Api_checkEmpSalary	1546952057244	1546952060331	OK	 
REQUEST	30		rest_Api_checkEmpSalary	1546952057459	1546952060530	OK	 
REQUEST	8		rest_Api_checkEmpSalary	1546952057459	1546952060529	OK	 
REQUEST	6		rest_Api_checkEmpSalary	1546952057664	1546952060734	OK	 
REQUEST	25		rest_Api_checkEmpSalary	1546952057664	1546952060734	OK	 
REQUEST	1		rest_Api_checkEmpSalary	1546952057868	1546952060852	OK	 
REQUEST	23		rest_Api_checkEmpSalary	1546952057868	1546952060853	OK	 
REQUEST	4		rest_Api_checkEmpSalary	1546952058073	1546952061145	OK	 
REQUEST	19		rest_Api_checkEmpSalary	1546952058073	1546952061145	OK	 
REQUEST	28		rest_Api_checkEmpSalary	1546952058279	1546952061254	OK	 
REQUEST	21		rest_Api_checkEmpSalary	1546952058279	1546952061254	OK	 
REQUEST	16		rest_Api_checkEmpSalary	1546952058483	1546952061553	OK	 
REQUEST	2		rest_Api_checkEmpSalary	1546952058483	1546952061554	OK	 
REQUEST	3		rest_Api_checkEmpSalary	1546952058688	1546952061655	OK	 
REQUEST	14		rest_Api_checkEmpSalary	1546952058688	1546952061655	OK	 
REQUEST	26		rest_Api_checkEmpSalary	1546952058894	1546952061963	OK	 
REQUEST	18		rest_Api_checkEmpSalary	1546952058892	1546952061965	OK	 
REQUEST	15		rest_Api_checkEmpSalary	1546952059097	1546952062056	OK	 
REQUEST	13		rest_Api_checkEmpSalary	1546952059097	1546952062057	OK	 
REQUEST	11		rest_Api_checkEmpSalary	1546952059302	1546952062270	OK	 
REQUEST	24		rest_Api_checkEmpSalary	1546952059302	1546952062270	OK	 
REQUEST	29		rest_Api_checkEmpSalary	1546952059507	1546952062475	OK	 
REQUEST	20		rest_Api_checkEmpSalary	1546952059507	1546952062475	OK	 
REQUEST	12		rest_Api_checkEmpSalary	1546952059712	1546952062680	OK	 
REQUEST	22		rest_Api_checkEmpSalary	1546952059712	1546952062680	OK	 
REQUEST	9		rest_Api_checkEmpSalary	1546952059849	1546952062884	OK	 
REQUEST	10		rest_Api_checkEmpSalary	1546952059849	1546952062884	OK	 
REQUEST	7		rest_Api_checkEmpSalary	1546952060121	1546952063089	OK	 
REQUEST	27		rest_Api_checkEmpSalary	1546952060121	1546952063089	OK	 
REQUEST	17		rest_Api_checkEmpSalary	1546952060331	1546952063294	OK	 
REQUEST	5		rest_Api_checkEmpSalary	1546952060331	1546952063294	OK	 
REQUEST	8		rest_Api_checkEmpSalary	1546952060531	1546952063499	OK	 
REQUEST	30		rest_Api_checkEmpSalary	1546952060531	1546952063499	OK	 
REQUEST	25		rest_Api_checkEmpSalary	1546952060736	1546952063704	OK	 
REQUEST	6		rest_Api_checkEmpSalary	1546952060736	1546952063704	OK	 
REQUEST	1		rest_Api_checkEmpSalary	1546952060853	1546952063908	OK	 
REQUEST	23		rest_Api_checkEmpSalary	1546952060853	1546952063909	OK	 
REQUEST	19		rest_Api_checkEmpSalary	1546952061147	1546952064113	OK	 
REQUEST	4		rest_Api_checkEmpSalary	1546952061146	1546952064113	OK	 
REQUEST	21		rest_Api_checkEmpSalary	1546952061256	1546952064318	OK	 
REQUEST	28		rest_Api_checkEmpSalary	1546952061256	1546952064318	OK	 
REQUEST	2		rest_Api_checkEmpSalary	1546952061555	1546952064523	OK	 
REQUEST	16		rest_Api_checkEmpSalary	1546952061555	1546952064523	OK	 
REQUEST	14		rest_Api_checkEmpSalary	1546952061656	1546952064732	OK	 
REQUEST	3		rest_Api_checkEmpSalary	1546952061656	1546952064733	OK	 
REQUEST	26		rest_Api_checkEmpSalary	1546952061964	1546952064936	OK	 
REQUEST	18		rest_Api_checkEmpSalary	1546952061966	1546952064938	OK	 
REQUEST	15		rest_Api_checkEmpSalary	1546952062058	1546952065137	OK	 
REQUEST	13		rest_Api_checkEmpSalary	1546952062058	1546952065137	OK	 
REQUEST	24		rest_Api_checkEmpSalary	1546952062271	1546952065341	OK	 
REQUEST	11		rest_Api_checkEmpSalary	1546952062271	1546952065341	OK	 
REQUEST	20		rest_Api_checkEmpSalary	1546952062476	1546952065547	OK	 
REQUEST	29		rest_Api_checkEmpSalary	1546952062476	1546952065547	OK	 
REQUEST	22		rest_Api_checkEmpSalary	1546952062681	1546952065752	OK	 
REQUEST	12		rest_Api_checkEmpSalary	1546952062681	1546952065752	OK	 
REQUEST	10		rest_Api_checkEmpSalary	1546952062886	1546952065869	OK	 
REQUEST	9		rest_Api_checkEmpSalary	1546952062886	1546952065869	OK	 
REQUEST	7		rest_Api_checkEmpSalary	1546952063091	1546952066161	OK	 
REQUEST	27		rest_Api_checkEmpSalary	1546952063091	1546952066162	OK	 
REQUEST	17		rest_Api_checkEmpSalary	1546952063295	1546952066270	OK	 
REQUEST	5		rest_Api_checkEmpSalary	1546952063296	1546952066270	OK	 
REQUEST	8		rest_Api_checkEmpSalary	1546952063500	1546952066571	OK	 
REQUEST	30		rest_Api_checkEmpSalary	1546952063500	1546952066571	OK	 
REQUEST	25		rest_Api_checkEmpSalary	1546952063705	1546952066673	OK	 
REQUEST	6		rest_Api_checkEmpSalary	1546952063707	1546952066673	OK	 
REQUEST	23		rest_Api_checkEmpSalary	1546952063910	1546952066981	OK	 
REQUEST	1		rest_Api_checkEmpSalary	1546952063910	1546952066981	OK	 
REQUEST	19		rest_Api_checkEmpSalary	1546952064115	1546952067072	OK	 
REQUEST	4		rest_Api_checkEmpSalary	1546952064115	1546952067072	OK	 
REQUEST	21		rest_Api_checkEmpSalary	1546952064319	1546952067287	OK	 
REQUEST	28		rest_Api_checkEmpSalary	1546952064319	1546952067287	OK	 
REQUEST	2		rest_Api_checkEmpSalary	1546952064524	1546952067492	OK	 
REQUEST	16		rest_Api_checkEmpSalary	1546952064524	1546952067492	OK	 
REQUEST	3		rest_Api_checkEmpSalary	1546952064734	1546952067697	OK	 
REQUEST	14		rest_Api_checkEmpSalary	1546952064734	1546952067698	OK	 
REQUEST	18		rest_Api_checkEmpSalary	1546952064939	1546952067903	OK	 
REQUEST	26		rest_Api_checkEmpSalary	1546952064937	1546952067905	OK	 
REQUEST	15		rest_Api_checkEmpSalary	1546952065139	1546952068107	OK	 
REQUEST	13		rest_Api_checkEmpSalary	1546952065139	1546952068107	OK	 
REQUEST	24		rest_Api_checkEmpSalary	1546952065342	1546952068312	OK	 
REQUEST	11		rest_Api_checkEmpSalary	1546952065342	1546952068312	OK	 
REQUEST	20		rest_Api_checkEmpSalary	1546952065549	1546952068516	OK	 
REQUEST	29		rest_Api_checkEmpSalary	1546952065549	1546952068517	OK	 
REQUEST	22		rest_Api_checkEmpSalary	1546952065755	1546952068722	OK	 
REQUEST	12		rest_Api_checkEmpSalary	1546952065754	1546952068722	OK	 
REQUEST	9		rest_Api_checkEmpSalary	1546952065869	1546952068930	OK	 
REQUEST	10		rest_Api_checkEmpSalary	1546952065870	1546952068930	OK	 
REQUEST	27		rest_Api_checkEmpSalary	1546952066163	1546952069131	OK	 
REQUEST	7		rest_Api_checkEmpSalary	1546952066163	1546952069131	OK	 
REQUEST	17		rest_Api_checkEmpSalary	1546952066271	1546952069336	OK	 
REQUEST	5		rest_Api_checkEmpSalary	1546952066271	1546952069336	OK	 
REQUEST	30		rest_Api_checkEmpSalary	1546952066573	1546952069540	OK	 
REQUEST	8		rest_Api_checkEmpSalary	1546952066572	1546952069541	OK	 
REQUEST	6		rest_Api_checkEmpSalary	1546952066675	1546952069745	OK	 
REQUEST	25		rest_Api_checkEmpSalary	1546952066675	1546952069745	OK	 
REQUEST	23		rest_Api_checkEmpSalary	1546952066983	1546952069950	OK	 
REQUEST	1		rest_Api_checkEmpSalary	1546952066982	1546952069950	OK	 
REQUEST	4		rest_Api_checkEmpSalary	1546952067074	1546952070155	OK	 
REQUEST	19		rest_Api_checkEmpSalary	1546952067074	1546952070155	OK	 
REQUEST	21		rest_Api_checkEmpSalary	1546952067289	1546952070364	OK	 
REQUEST	28		rest_Api_checkEmpSalary	1546952067289	1546952070364	OK	 
REQUEST	16		rest_Api_checkEmpSalary	1546952067494	1546952070566	OK	 
REQUEST	2		rest_Api_checkEmpSalary	1546952067494	1546952070566	OK	 
REQUEST	14		rest_Api_checkEmpSalary	1546952067699	1546952070690	OK	 
REQUEST	3		rest_Api_checkEmpSalary	1546952067699	1546952070691	OK	 
REQUEST	26		rest_Api_checkEmpSalary	1546952067907	1546952070979	OK	 
REQUEST	18		rest_Api_checkEmpSalary	1546952067904	1546952070981	OK	 
REQUEST	13		rest_Api_checkEmpSalary	1546952068108	1546952071088	OK	 
REQUEST	15		rest_Api_checkEmpSalary	1546952068108	1546952071088	OK	 
REQUEST	24		rest_Api_checkEmpSalary	1546952068313	1546952071383	OK	 
REQUEST	11		rest_Api_checkEmpSalary	1546952068313	1546952071383	OK	 
REQUEST	20		rest_Api_checkEmpSalary	1546952068517	1546952071489	OK	 
REQUEST	29		rest_Api_checkEmpSalary	1546952068517	1546952071489	OK	 
REQUEST	22		rest_Api_checkEmpSalary	1546952068723	1546952071793	OK	 
REQUEST	12		rest_Api_checkEmpSalary	1546952068723	1546952071793	OK	 
REQUEST	10		rest_Api_checkEmpSalary	1546952068931	1546952071890	OK	 
REQUEST	9		rest_Api_checkEmpSalary	1546952068931	1546952071890	OK	 
REQUEST	27		rest_Api_checkEmpSalary	1546952069132	1546952072091	OK	 
REQUEST	7		rest_Api_checkEmpSalary	1546952069132	1546952072091	OK	 
REQUEST	17		rest_Api_checkEmpSalary	1546952069337	1546952072305	OK	 
REQUEST	5		rest_Api_checkEmpSalary	1546952069337	1546952072305	OK	 
REQUEST	30		rest_Api_checkEmpSalary	1546952069541	1546952072510	OK	 
REQUEST	8		rest_Api_checkEmpSalary	1546952069541	1546952072510	OK	 
REQUEST	6		rest_Api_checkEmpSalary	1546952069746	1546952072715	OK	 
REQUEST	25		rest_Api_checkEmpSalary	1546952069747	1546952072715	OK	 
REQUEST	23		rest_Api_checkEmpSalary	1546952069952	1546952072920	OK	 
REQUEST	1		rest_Api_checkEmpSalary	1546952069952	1546952072920	OK	 
REQUEST	4		rest_Api_checkEmpSalary	1546952070156	1546952073124	OK	 
REQUEST	19		rest_Api_checkEmpSalary	1546952070156	1546952073125	OK	 
REQUEST	21		rest_Api_checkEmpSalary	1546952070365	1546952073329	OK	 
REQUEST	28		rest_Api_checkEmpSalary	1546952070365	1546952073329	OK	 
REQUEST	2		rest_Api_checkEmpSalary	1546952070568	1546952073534	OK	 
REQUEST	16		rest_Api_checkEmpSalary	1546952070567	1546952073534	OK	 
REQUEST	3		rest_Api_checkEmpSalary	1546952070692	1546952073739	OK	 
REQUEST	14		rest_Api_checkEmpSalary	1546952070691	1546952073739	OK	 
REQUEST	18		rest_Api_checkEmpSalary	1546952070982	1546952073943	OK	 
REQUEST	26		rest_Api_checkEmpSalary	1546952070980	1546952073946	OK	 
REQUEST	15		rest_Api_checkEmpSalary	1546952071089	1546952074116	OK	 
REQUEST	13		rest_Api_checkEmpSalary	1546952071089	1546952074116	OK	 
REQUEST	24		rest_Api_checkEmpSalary	1546952071384	1546952074353	OK	 
REQUEST	11		rest_Api_checkEmpSalary	1546952071384	1546952074353	OK	 
REQUEST	20		rest_Api_checkEmpSalary	1546952071490	1546952074558	OK	 
REQUEST	29		rest_Api_checkEmpSalary	1546952071490	1546952074558	OK	 
REQUEST	12		rest_Api_checkEmpSalary	1546952071794	1546952074763	OK	 
REQUEST	22		rest_Api_checkEmpSalary	1546952071794	1546952074763	OK	 
REQUEST	10		rest_Api_checkEmpSalary	1546952071892	1546952074968	OK	 
REQUEST	9		rest_Api_checkEmpSalary	1546952071891	1546952074968	OK	 
REQUEST	7		rest_Api_checkEmpSalary	1546952072092	1546952075188	OK	 
REQUEST	27		rest_Api_checkEmpSalary	1546952072092	1546952075188	OK	 
REQUEST	17		rest_Api_checkEmpSalary	1546952072306	1546952075307	OK	 
REQUEST	5		rest_Api_checkEmpSalary	1546952072306	1546952075307	OK	 
REQUEST	8		rest_Api_checkEmpSalary	1546952072511	1546952075582	OK	 
REQUEST	30		rest_Api_checkEmpSalary	1546952072511	1546952075582	OK	 
REQUEST	6		rest_Api_checkEmpSalary	1546952072716	1546952075703	OK	 
REQUEST	25		rest_Api_checkEmpSalary	1546952072716	1546952075703	OK	 
REQUEST	23		rest_Api_checkEmpSalary	1546952072921	1546952075992	OK	 
REQUEST	1		rest_Api_checkEmpSalary	1546952072921	1546952075992	OK	 
REQUEST	19		rest_Api_checkEmpSalary	1546952073126	1546952076105	OK	 
REQUEST	4		rest_Api_checkEmpSalary	1546952073125	1546952076105	OK	 
REQUEST	28		rest_Api_checkEmpSalary	1546952073331	1546952076401	OK	 
REQUEST	21		rest_Api_checkEmpSalary	1546952073330	1546952076401	OK	 
REQUEST	16		rest_Api_checkEmpSalary	1546952073535	1546952076506	OK	 
REQUEST	2		rest_Api_checkEmpSalary	1546952073535	1546952076506	OK	 
REQUEST	14		rest_Api_checkEmpSalary	1546952073740	1546952076811	OK	 
REQUEST	3		rest_Api_checkEmpSalary	1546952073740	1546952076811	OK	 
REQUEST	26		rest_Api_checkEmpSalary	1546952073947	1546952076907	OK	 
REQUEST	18		rest_Api_checkEmpSalary	1546952073945	1546952076909	OK	 
REQUEST	13		rest_Api_checkEmpSalary	1546952074117	1546952077118	OK	 
REQUEST	15		rest_Api_checkEmpSalary	1546952074117	1546952077118	OK	 
REQUEST	11		rest_Api_checkEmpSalary	1546952074353	1546952077309	OK	 
REQUEST	24		rest_Api_checkEmpSalary	1546952074353	1546952077309	OK	 
REQUEST	20		rest_Api_checkEmpSalary	1546952074559	1546952077528	OK	 
REQUEST	29		rest_Api_checkEmpSalary	1546952074559	1546952077528	OK	 
REQUEST	22		rest_Api_checkEmpSalary	1546952074764	1546952077734	OK	 
REQUEST	12		rest_Api_checkEmpSalary	1546952074764	1546952077734	OK	 
REQUEST	10		rest_Api_checkEmpSalary	1546952074969	1546952077938	OK	 
REQUEST	9		rest_Api_checkEmpSalary	1546952074969	1546952077938	OK	 
REQUEST	7		rest_Api_checkEmpSalary	1546952075189	1546952078112	OK	 
REQUEST	27		rest_Api_checkEmpSalary	1546952075189	1546952078112	OK	 
REQUEST	5		rest_Api_checkEmpSalary	1546952075308	1546952078347	OK	 
REQUEST	17		rest_Api_checkEmpSalary	1546952075308	1546952078347	OK	 
REQUEST	30		rest_Api_checkEmpSalary	1546952075583	1546952078552	OK	 
REQUEST	8		rest_Api_checkEmpSalary	1546952075583	1546952078552	OK	 
REQUEST	25		rest_Api_checkEmpSalary	1546952075705	1546952078713	OK	 
REQUEST	6		rest_Api_checkEmpSalary	1546952075704	1546952078713	OK	 
REQUEST	1		rest_Api_checkEmpSalary	1546952075993	1546952078961	OK	 
REQUEST	23		rest_Api_checkEmpSalary	1546952075993	1546952078961	OK	 
REQUEST	19		rest_Api_checkEmpSalary	1546952076106	1546952079119	OK	 
REQUEST	4		rest_Api_checkEmpSalary	1546952076106	1546952079119	OK	 
REQUEST	21		rest_Api_checkEmpSalary	1546952076401	1546952079370	OK	 
REQUEST	28		rest_Api_checkEmpSalary	1546952076401	1546952079370	OK	 
REQUEST	16		rest_Api_checkEmpSalary	1546952076507	1546952079576	OK	 
REQUEST	2		rest_Api_checkEmpSalary	1546952076507	1546952079576	OK	 
REQUEST	3		rest_Api_checkEmpSalary	1546952076812	1546952079781	OK	 
REQUEST	14		rest_Api_checkEmpSalary	1546952076812	1546952079781	OK	 
REQUEST	18		rest_Api_checkEmpSalary	1546952076910	1546952079985	OK	 
REQUEST	26		rest_Api_checkEmpSalary	1546952076908	1546952079987	OK	 
REQUEST	13		rest_Api_checkEmpSalary	1546952077119	1546952080195	OK	 
REQUEST	15		rest_Api_checkEmpSalary	1546952077119	1546952080195	OK	 
REQUEST	11		rest_Api_checkEmpSalary	1546952077310	1546952080400	OK	 
REQUEST	24		rest_Api_checkEmpSalary	1546952077310	1546952080400	OK	 
REQUEST	20		rest_Api_checkEmpSalary	1546952077529	1546952080600	OK	 
REQUEST	29		rest_Api_checkEmpSalary	1546952077529	1546952080600	OK	 
REQUEST	12		rest_Api_checkEmpSalary	1546952077735	1546952080805	OK	 
REQUEST	22		rest_Api_checkEmpSalary	1546952077735	1546952080805	OK	 
REQUEST	10		rest_Api_checkEmpSalary	1546952077938	1546952080921	OK	 
REQUEST	9		rest_Api_checkEmpSalary	1546952077938	1546952080921	OK	 
REQUEST	7		rest_Api_checkEmpSalary	1546952078113	1546952081214	OK	 
REQUEST	27		rest_Api_checkEmpSalary	1546952078113	1546952081214	OK	 
REQUEST	17		rest_Api_checkEmpSalary	1546952078347	1546952081322	OK	 
REQUEST	5		rest_Api_checkEmpSalary	1546952078347	1546952081322	OK	 
REQUEST	30		rest_Api_checkEmpSalary	1546952078553	1546952081633	OK	 
REQUEST	8		rest_Api_checkEmpSalary	1546952078553	1546952081633	OK	 
REQUEST	25		rest_Api_checkEmpSalary	1546952078714	1546952081728	OK	 
REQUEST	6		rest_Api_checkEmpSalary	1546952078714	1546952081728	OK	 
REQUEST	23		rest_Api_checkEmpSalary	1546952078962	1546952082033	OK	 
REQUEST	1		rest_Api_checkEmpSalary	1546952078963	1546952082033	OK	 
REQUEST	19		rest_Api_checkEmpSalary	1546952079120	1546952082125	OK	 
REQUEST	4		rest_Api_checkEmpSalary	1546952079120	1546952082125	OK	 
REQUEST	21		rest_Api_checkEmpSalary	1546952079371	1546952082325	OK	 
REQUEST	28		rest_Api_checkEmpSalary	1546952079371	1546952082325	OK	 
REQUEST	16		rest_Api_checkEmpSalary	1546952079577	1546952082545	OK	 
REQUEST	2		rest_Api_checkEmpSalary	1546952079577	1546952082545	OK	 
REQUEST	14		rest_Api_checkEmpSalary	1546952079782	1546952082750	OK	 
REQUEST	3		rest_Api_checkEmpSalary	1546952079782	1546952082750	OK	 
REQUEST	26		rest_Api_checkEmpSalary	1546952079988	1546952082955	OK	 
REQUEST	18		rest_Api_checkEmpSalary	1546952079986	1546952082957	OK	 
REQUEST	15		rest_Api_checkEmpSalary	1546952080196	1546952083160	OK	 
REQUEST	13		rest_Api_checkEmpSalary	1546952080196	1546952083160	OK	 
REQUEST	24		rest_Api_checkEmpSalary	1546952080400	1546952083364	OK	 
REQUEST	11		rest_Api_checkEmpSalary	1546952080400	1546952083364	OK	 
REQUEST	29		rest_Api_checkEmpSalary	1546952080600	1546952083569	OK	 
REQUEST	20		rest_Api_checkEmpSalary	1546952080600	1546952083570	OK	 
REQUEST	22		rest_Api_checkEmpSalary	1546952080806	1546952083774	OK	 
REQUEST	12		rest_Api_checkEmpSalary	1546952080806	1546952083774	OK	 
REQUEST	9		rest_Api_checkEmpSalary	1546952080922	1546952083979	OK	 
REQUEST	10		rest_Api_checkEmpSalary	1546952080922	1546952083979	OK	 
REQUEST	27		rest_Api_checkEmpSalary	1546952081215	1546952084183	OK	 
REQUEST	7		rest_Api_checkEmpSalary	1546952081215	1546952084184	OK	 
REQUEST	5		rest_Api_checkEmpSalary	1546952081323	1546952084388	OK	 
REQUEST	17		rest_Api_checkEmpSalary	1546952081323	1546952084388	OK	 
REQUEST	30		rest_Api_checkEmpSalary	1546952081634	1546952084595	OK	 
REQUEST	8		rest_Api_checkEmpSalary	1546952081634	1546952084595	OK	 
REQUEST	6		rest_Api_checkEmpSalary	1546952081730	1546952084798	OK	 
REQUEST	25		rest_Api_checkEmpSalary	1546952081729	1546952084798	OK	 
REQUEST	23		rest_Api_checkEmpSalary	1546952082034	1546952085003	OK	 
REQUEST	1		rest_Api_checkEmpSalary	1546952082034	1546952085003	OK	 
REQUEST	4		rest_Api_checkEmpSalary	1546952082126	1546952085208	OK	 
REQUEST	19		rest_Api_checkEmpSalary	1546952082126	1546952085208	OK	 
REQUEST	28		rest_Api_checkEmpSalary	1546952082326	1546952085340	OK	 
REQUEST	21		rest_Api_checkEmpSalary	1546952082326	1546952085340	OK	 
REQUEST	16		rest_Api_checkEmpSalary	1546952082546	1546952085617	OK	 
REQUEST	2		rest_Api_checkEmpSalary	1546952082546	1546952085617	OK	 
REQUEST	3		rest_Api_checkEmpSalary	1546952082751	1546952085822	OK	 
REQUEST	14		rest_Api_checkEmpSalary	1546952082751	1546952085822	OK	 
REQUEST	26		rest_Api_checkEmpSalary	1546952082956	1546952085940	OK	 
REQUEST	18		rest_Api_checkEmpSalary	1546952082957	1546952085941	OK	 
REQUEST	15		rest_Api_checkEmpSalary	1546952083161	1546952086232	OK	 
REQUEST	13		rest_Api_checkEmpSalary	1546952083161	1546952086232	OK	 
REQUEST	24		rest_Api_checkEmpSalary	1546952083364	1546952086341	OK	 
REQUEST	11		rest_Api_checkEmpSalary	1546952083364	1546952086341	OK	 
REQUEST	29		rest_Api_checkEmpSalary	1546952083570	1546952086641	OK	 
REQUEST	20		rest_Api_checkEmpSalary	1546952083570	1546952086641	OK	 
REQUEST	12		rest_Api_checkEmpSalary	1546952083775	1546952086744	OK	 
REQUEST	22		rest_Api_checkEmpSalary	1546952083775	1546952086744	OK	 
REQUEST	9		rest_Api_checkEmpSalary	1546952083980	1546952087051	OK	 
REQUEST	10		rest_Api_checkEmpSalary	1546952083980	1546952087051	OK	 
REQUEST	27		rest_Api_checkEmpSalary	1546952084184	1546952087143	OK	 
REQUEST	7		rest_Api_checkEmpSalary	1546952084184	1546952087143	OK	 
REQUEST	5		rest_Api_checkEmpSalary	1546952084388	1546952087358	OK	 
REQUEST	17		rest_Api_checkEmpSalary	1546952084388	1546952087358	OK	 
REQUEST	8		rest_Api_checkEmpSalary	1546952084596	1546952087563	OK	 
REQUEST	30		rest_Api_checkEmpSalary	1546952084596	1546952087563	OK	 
REQUEST	6		rest_Api_checkEmpSalary	1546952084799	1546952087768	OK	 
REQUEST	25		rest_Api_checkEmpSalary	1546952084799	1546952087768	OK	 
REQUEST	23		rest_Api_checkEmpSalary	1546952085004	1546952087972	OK	 
REQUEST	1		rest_Api_checkEmpSalary	1546952085004	1546952087972	OK	 
REQUEST	4		rest_Api_checkEmpSalary	1546952085208	1546952088177	OK	 
REQUEST	19		rest_Api_checkEmpSalary	1546952085208	1546952088177	OK	 
REQUEST	28		rest_Api_checkEmpSalary	1546952085340	1546952088387	OK	 
REQUEST	21		rest_Api_checkEmpSalary	1546952085340	1546952088387	OK	 
REQUEST	16		rest_Api_checkEmpSalary	1546952085618	1546952088587	OK	 
REQUEST	2		rest_Api_checkEmpSalary	1546952085618	1546952088587	OK	 
REQUEST	14		rest_Api_checkEmpSalary	1546952085823	1546952088792	OK	 
REQUEST	3		rest_Api_checkEmpSalary	1546952085823	1546952088792	OK	 
REQUEST	26		rest_Api_checkEmpSalary	1546952085941	1546952088996	OK	 
REQUEST	18		rest_Api_checkEmpSalary	1546952085942	1546952088998	OK	 
REQUEST	15		rest_Api_checkEmpSalary	1546952086233	1546952089201	OK	 
REQUEST	13		rest_Api_checkEmpSalary	1546952086233	1546952089201	OK	 
REQUEST	11		rest_Api_checkEmpSalary	1546952086342	1546952089406	OK	 
REQUEST	24		rest_Api_checkEmpSalary	1546952086342	1546952089406	OK	 
REQUEST	29		rest_Api_checkEmpSalary	1546952086642	1546952089611	OK	 
REQUEST	20		rest_Api_checkEmpSalary	1546952086642	1546952089611	OK	 
REQUEST	12		rest_Api_checkEmpSalary	1546952086744	1546952089816	OK	 
REQUEST	22		rest_Api_checkEmpSalary	1546952086744	1546952089816	OK	 
REQUEST	10		rest_Api_checkEmpSalary	1546952087051	1546952090021	OK	 
REQUEST	9		rest_Api_checkEmpSalary	1546952087051	1546952090021	OK	 
REQUEST	7		rest_Api_checkEmpSalary	1546952087144	1546952090225	OK	 
REQUEST	27		rest_Api_checkEmpSalary	1546952087144	1546952090225	OK	 
REQUEST	5		rest_Api_checkEmpSalary	1546952087358	1546952090430	OK	 
REQUEST	17		rest_Api_checkEmpSalary	1546952087359	1546952090430	OK	 
REQUEST	8		rest_Api_checkEmpSalary	1546952087564	1546952090635	OK	 
REQUEST	30		rest_Api_checkEmpSalary	1546952087564	1546952090635	OK	 
REQUEST	6		rest_Api_checkEmpSalary	1546952087768	1546952090754	OK	 
REQUEST	25		rest_Api_checkEmpSalary	1546952087768	1546952090754	OK	 
REQUEST	1		rest_Api_checkEmpSalary	1546952087973	1546952091050	OK	 
REQUEST	23		rest_Api_checkEmpSalary	1546952087973	1546952091050	OK	 
REQUEST	19		rest_Api_checkEmpSalary	1546952088178	1546952091155	OK	 
REQUEST	4		rest_Api_checkEmpSalary	1546952088178	1546952091156	OK	 
REQUEST	21		rest_Api_checkEmpSalary	1546952088387	1546952091454	OK	 
REQUEST	28		rest_Api_checkEmpSalary	1546952088387	1546952091454	OK	 
REQUEST	2		rest_Api_checkEmpSalary	1546952088588	1546952091556	OK	 
REQUEST	16		rest_Api_checkEmpSalary	1546952088588	1546952091556	OK	 
REQUEST	14		rest_Api_checkEmpSalary	1546952088792	1546952091864	OK	 
REQUEST	3		rest_Api_checkEmpSalary	1546952088792	1546952091864	OK	 
REQUEST	26		rest_Api_checkEmpSalary	1546952088997	1546952091957	OK	 
REQUEST	18		rest_Api_checkEmpSalary	1546952088998	1546952091959	OK	 
REQUEST	13		rest_Api_checkEmpSalary	1546952089202	1546952092171	OK	 
REQUEST	15		rest_Api_checkEmpSalary	1546952089202	1546952092171	OK	 
REQUEST	24		rest_Api_checkEmpSalary	1546952089406	1546952092375	OK	 
REQUEST	11		rest_Api_checkEmpSalary	1546952089406	1546952092376	OK	 
REQUEST	29		rest_Api_checkEmpSalary	1546952089612	1546952092580	OK	 
REQUEST	20		rest_Api_checkEmpSalary	1546952089612	1546952092581	OK	 
REQUEST	22		rest_Api_checkEmpSalary	1546952089817	1546952092785	OK	 
REQUEST	12		rest_Api_checkEmpSalary	1546952089817	1546952092785	OK	 
REQUEST	9		rest_Api_checkEmpSalary	1546952090022	1546952092990	OK	 
REQUEST	10		rest_Api_checkEmpSalary	1546952090022	1546952092991	OK	 
REQUEST	7		rest_Api_checkEmpSalary	1546952090226	1546952093195	OK	 
REQUEST	27		rest_Api_checkEmpSalary	1546952090226	1546952093195	OK	 
REQUEST	17		rest_Api_checkEmpSalary	1546952090431	1546952093400	OK	 
REQUEST	5		rest_Api_checkEmpSalary	1546952090431	1546952093400	OK	 
REQUEST	8		rest_Api_checkEmpSalary	1546952090636	1546952093604	OK	 
REQUEST	30		rest_Api_checkEmpSalary	1546952090636	1546952093604	OK	 
REQUEST	6		rest_Api_checkEmpSalary	1546952090755	1546952093809	OK	 
REQUEST	25		rest_Api_checkEmpSalary	1546952090755	1546952093809	OK	 
REQUEST	1		rest_Api_checkEmpSalary	1546952091050	1546952094014	OK	 
REQUEST	23		rest_Api_checkEmpSalary	1546952091050	1546952094014	OK	 
REQUEST	4		rest_Api_checkEmpSalary	1546952091156	1546952094219	OK	 
REQUEST	19		rest_Api_checkEmpSalary	1546952091156	1546952094219	OK	 
REQUEST	28		rest_Api_checkEmpSalary	1546952091455	1546952094423	OK	 
REQUEST	21		rest_Api_checkEmpSalary	1546952091455	1546952094423	OK	 
REQUEST	2		rest_Api_checkEmpSalary	1546952091557	1546952094596	OK	 
REQUEST	16		rest_Api_checkEmpSalary	1546952091557	1546952094596	OK	 
REQUEST	14		rest_Api_checkEmpSalary	1546952091864	1546952094834	OK	 
REQUEST	3		rest_Api_checkEmpSalary	1546952091864	1546952094834	OK	 
REQUEST	18		rest_Api_checkEmpSalary	1546952091960	1546952095038	OK	 
REQUEST	26		rest_Api_checkEmpSalary	1546952091958	1546952095040	OK	 
REQUEST	15		rest_Api_checkEmpSalary	1546952092172	1546952095243	OK	 
REQUEST	13		rest_Api_checkEmpSalary	1546952092172	1546952095243	OK	 
REQUEST	24		rest_Api_checkEmpSalary	1546952092376	1546952095448	OK	 
REQUEST	11		rest_Api_checkEmpSalary	1546952092376	1546952095448	OK	 
REQUEST	20		rest_Api_checkEmpSalary	1546952092582	1546952095652	OK	 
REQUEST	29		rest_Api_checkEmpSalary	1546952092581	1546952095653	OK	 
REQUEST	12		rest_Api_checkEmpSalary	1546952092786	1546952095768	OK	 
REQUEST	22		rest_Api_checkEmpSalary	1546952092786	1546952095769	OK	 
REQUEST	10		rest_Api_checkEmpSalary	1546952092991	1546952096062	OK	 
REQUEST	9		rest_Api_checkEmpSalary	1546952092991	1546952096062	OK	 
REQUEST	27		rest_Api_checkEmpSalary	1546952093196	1546952096170	OK	 
REQUEST	7		rest_Api_checkEmpSalary	1546952093196	1546952096170	OK	 
REQUEST	17		rest_Api_checkEmpSalary	1546952093400	1546952096472	OK	 
REQUEST	5		rest_Api_checkEmpSalary	1546952093400	1546952096472	OK	 
REQUEST	30		rest_Api_checkEmpSalary	1546952093604	1546952096573	OK	 
REQUEST	8		rest_Api_checkEmpSalary	1546952093604	1546952096573	OK	 
REQUEST	6		rest_Api_checkEmpSalary	1546952093810	1546952096881	OK	 
REQUEST	25		rest_Api_checkEmpSalary	1546952093810	1546952096881	OK	 
REQUEST	23		rest_Api_checkEmpSalary	1546952094015	1546952096972	OK	 
REQUEST	1		rest_Api_checkEmpSalary	1546952094015	1546952096972	OK	 
REQUEST	19		rest_Api_checkEmpSalary	1546952094220	1546952097188	OK	 
REQUEST	4		rest_Api_checkEmpSalary	1546952094220	1546952097188	OK	 
REQUEST	21		rest_Api_checkEmpSalary	1546952094424	1546952097393	OK	 
REQUEST	28		rest_Api_checkEmpSalary	1546952094424	1546952097393	OK	 
REQUEST	16		rest_Api_checkEmpSalary	1546952094597	1546952097598	OK	 
REQUEST	2		rest_Api_checkEmpSalary	1546952094597	1546952097598	OK	 
REQUEST	14		rest_Api_checkEmpSalary	1546952094835	1546952097803	OK	 
REQUEST	3		rest_Api_checkEmpSalary	1546952094835	1546952097803	OK	 
REQUEST	26		rest_Api_checkEmpSalary	1546952095040	1546952098007	OK	 
REQUEST	18		rest_Api_checkEmpSalary	1546952095039	1546952098009	OK	 
REQUEST	13		rest_Api_checkEmpSalary	1546952095244	1546952098212	OK	 
REQUEST	15		rest_Api_checkEmpSalary	1546952095244	1546952098212	OK	 
REQUEST	11		rest_Api_checkEmpSalary	1546952095448	1546952098417	OK	 
REQUEST	24		rest_Api_checkEmpSalary	1546952095448	1546952098417	OK	 
REQUEST	29		rest_Api_checkEmpSalary	1546952095653	1546952098622	OK	 
REQUEST	20		rest_Api_checkEmpSalary	1546952095653	1546952098622	OK	 
REQUEST	12		rest_Api_checkEmpSalary	1546952095769	1546952098827	OK	 
REQUEST	22		rest_Api_checkEmpSalary	1546952095769	1546952098827	OK	 
REQUEST	9		rest_Api_checkEmpSalary	1546952096063	1546952099032	OK	 
REQUEST	10		rest_Api_checkEmpSalary	1546952096063	1546952099032	OK	 
REQUEST	27		rest_Api_checkEmpSalary	1546952096170	1546952099236	OK	 
REQUEST	7		rest_Api_checkEmpSalary	1546952096170	1546952099236	OK	 
REQUEST	5		rest_Api_checkEmpSalary	1546952096473	1546952099442	OK	 
REQUEST	17		rest_Api_checkEmpSalary	1546952096473	1546952099442	OK	 
REQUEST	8		rest_Api_checkEmpSalary	1546952096574	1546952099661	OK	 
REQUEST	30		rest_Api_checkEmpSalary	1546952096574	1546952099661	OK	 
REQUEST	6		rest_Api_checkEmpSalary	1546952096881	1546952099780	OK	 
REQUEST	25		rest_Api_checkEmpSalary	1546952096881	1546952099780	OK	 
REQUEST	1		rest_Api_checkEmpSalary	1546952096973	1546952100055	OK	 
REQUEST	23		rest_Api_checkEmpSalary	1546952096973	1546952100056	OK	 
REQUEST	19		rest_Api_checkEmpSalary	1546952097189	1546952100267	OK	 
REQUEST	4		rest_Api_checkEmpSalary	1546952097189	1546952100268	OK	 
REQUEST	28		rest_Api_checkEmpSalary	1546952097393	1546952100382	OK	 
REQUEST	21		rest_Api_checkEmpSalary	1546952097393	1546952100384	OK	 
REQUEST	16		rest_Api_checkEmpSalary	1546952097599	1546952100670	OK	 
REQUEST	2		rest_Api_checkEmpSalary	1546952097599	1546952100670	OK	 
REQUEST	14		rest_Api_checkEmpSalary	1546952097804	1546952100783	OK	 
REQUEST	3		rest_Api_checkEmpSalary	1546952097804	1546952100785	OK	 
REQUEST	26		rest_Api_checkEmpSalary	1546952098008	1546952101080	OK	 
REQUEST	18		rest_Api_checkEmpSalary	1546952098010	1546952101081	OK	 
REQUEST	13		rest_Api_checkEmpSalary	1546952098213	1546952101185	OK	 
REQUEST	15		rest_Api_checkEmpSalary	1546952098213	1546952101186	OK	 
REQUEST	24		rest_Api_checkEmpSalary	1546952098417	1546952101489	OK	 
REQUEST	11		rest_Api_checkEmpSalary	1546952098417	1546952101490	OK	 
REQUEST	29		rest_Api_checkEmpSalary	1546952098623	1546952101586	OK	 
REQUEST	20		rest_Api_checkEmpSalary	1546952098623	1546952101587	OK	 
REQUEST	22		rest_Api_checkEmpSalary	1546952098828	1546952101796	OK	 
REQUEST	12		rest_Api_checkEmpSalary	1546952098828	1546952101796	OK	 
REQUEST	9		rest_Api_checkEmpSalary	1546952099033	1546952102001	OK	 
REQUEST	10		rest_Api_checkEmpSalary	1546952099033	1546952102002	OK	 
REQUEST	27		rest_Api_checkEmpSalary	1546952099237	1546952102206	OK	 
REQUEST	7		rest_Api_checkEmpSalary	1546952099237	1546952102206	OK	 
REQUEST	17		rest_Api_checkEmpSalary	1546952099442	1546952102410	OK	 
REQUEST	5		rest_Api_checkEmpSalary	1546952099442	1546952102411	OK	 
REQUEST	8		rest_Api_checkEmpSalary	1546952099662	1546952102616	OK	 
REQUEST	30		rest_Api_checkEmpSalary	1546952099662	1546952102616	OK	 
REQUEST	25		rest_Api_checkEmpSalary	1546952099781	1546952102820	OK	 
REQUEST	6		rest_Api_checkEmpSalary	1546952099781	1546952102820	OK	 
REQUEST	23		rest_Api_checkEmpSalary	1546952100056	1546952103025	OK	 
REQUEST	1		rest_Api_checkEmpSalary	1546952100056	1546952103025	OK	 
REQUEST	4		rest_Api_checkEmpSalary	1546952100268	1546952103230	OK	 
REQUEST	19		rest_Api_checkEmpSalary	1546952100268	1546952103230	OK	 
REQUEST	21		rest_Api_checkEmpSalary	1546952100384	1546952103435	OK	 
REQUEST	28		rest_Api_checkEmpSalary	1546952100382	1546952103435	OK	 
REQUEST	2		rest_Api_checkEmpSalary	1546952100671	1546952103640	OK	 
REQUEST	16		rest_Api_checkEmpSalary	1546952100671	1546952103640	OK	 
REQUEST	3		rest_Api_checkEmpSalary	1546952100786	1546952103844	OK	 
REQUEST	14		rest_Api_checkEmpSalary	1546952100784	1546952103845	OK	 
REQUEST	26		rest_Api_checkEmpSalary	1546952101080	1546952104049	OK	 
REQUEST	18		rest_Api_checkEmpSalary	1546952101082	1546952104051	OK	 
REQUEST	15		rest_Api_checkEmpSalary	1546952101187	1546952104254	OK	 
REQUEST	13		rest_Api_checkEmpSalary	1546952101185	1546952104254	OK	 
REQUEST	24		rest_Api_checkEmpSalary	1546952101490	1546952104459	OK	 
REQUEST	11		rest_Api_checkEmpSalary	1546952101490	1546952104459	OK	 
REQUEST	29		rest_Api_checkEmpSalary	1546952101587	1546952104664	OK	 
REQUEST	20		rest_Api_checkEmpSalary	1546952101588	1546952104664	OK	 
REQUEST	22		rest_Api_checkEmpSalary	1546952101797	1546952104868	OK	 
REQUEST	12		rest_Api_checkEmpSalary	1546952101797	1546952104868	OK	 
REQUEST	10		rest_Api_checkEmpSalary	1546952102002	1546952105073	OK	 
REQUEST	9		rest_Api_checkEmpSalary	1546952102002	1546952105073	OK	 
REQUEST	7		rest_Api_checkEmpSalary	1546952102207	1546952105278	OK	 
REQUEST	27		rest_Api_checkEmpSalary	1546952102207	1546952105278	OK	 
REQUEST	17		rest_Api_checkEmpSalary	1546952102411	1546952105483	OK	 
REQUEST	5		rest_Api_checkEmpSalary	1546952102411	1546952105483	OK	 
REQUEST	30		rest_Api_checkEmpSalary	1546952102617	1546952105599	OK	 
REQUEST	8		rest_Api_checkEmpSalary	1546952102617	1546952105600	OK	 
REQUEST	25		rest_Api_checkEmpSalary	1546952102821	1546952105892	OK	 
REQUEST	6		rest_Api_checkEmpSalary	1546952102821	1546952105892	OK	 
REQUEST	23		rest_Api_checkEmpSalary	1546952103026	1546952106000	OK	 
REQUEST	1		rest_Api_checkEmpSalary	1546952103026	1546952106000	OK	 
REQUEST	4		rest_Api_checkEmpSalary	1546952103231	1546952106307	OK	 
REQUEST	19		rest_Api_checkEmpSalary	1546952103231	1546952106307	OK	 
REQUEST	28		rest_Api_checkEmpSalary	1546952103435	1546952106405	OK	 
REQUEST	21		rest_Api_checkEmpSalary	1546952103435	1546952106405	OK	 
REQUEST	2		rest_Api_checkEmpSalary	1546952103641	1546952106602	OK	 
REQUEST	16		rest_Api_checkEmpSalary	1546952103641	1546952106602	OK	 
REQUEST	3		rest_Api_checkEmpSalary	1546952103845	1546952106802	OK	 
REQUEST	14		rest_Api_checkEmpSalary	1546952103845	1546952106802	OK	 
REQUEST	18		rest_Api_checkEmpSalary	1546952104051	1546952107019	OK	 
REQUEST	26		rest_Api_checkEmpSalary	1546952104050	1546952107020	OK	 
REQUEST	13		rest_Api_checkEmpSalary	1546952104255	1546952107224	OK	 
REQUEST	15		rest_Api_checkEmpSalary	1546952104255	1546952107224	OK	 
REQUEST	11		rest_Api_checkEmpSalary	1546952104460	1546952107428	OK	 
REQUEST	24		rest_Api_checkEmpSalary	1546952104460	1546952107428	OK	 
REQUEST	20		rest_Api_checkEmpSalary	1546952104665	1546952107633	OK	 
REQUEST	29		rest_Api_checkEmpSalary	1546952104665	1546952107633	OK	 
REQUEST	12		rest_Api_checkEmpSalary	1546952104869	1546952107843	OK	 
REQUEST	22		rest_Api_checkEmpSalary	1546952104869	1546952107843	OK	 
REQUEST	9		rest_Api_checkEmpSalary	1546952105074	1546952108043	OK	 
REQUEST	10		rest_Api_checkEmpSalary	1546952105074	1546952108043	OK	 
REQUEST	27		rest_Api_checkEmpSalary	1546952105279	1546952108248	OK	 
REQUEST	7		rest_Api_checkEmpSalary	1546952105279	1546952108248	OK	 
REQUEST	17		rest_Api_checkEmpSalary	1546952105484	1546952108452	OK	 
REQUEST	5		rest_Api_checkEmpSalary	1546952105484	1546952108452	OK	 
REQUEST	30		rest_Api_checkEmpSalary	1546952105600	1546952108657	OK	 
REQUEST	8		rest_Api_checkEmpSalary	1546952105601	1546952108657	OK	 
REQUEST	6		rest_Api_checkEmpSalary	1546952105892	1546952108867	OK	 
REQUEST	25		rest_Api_checkEmpSalary	1546952105892	1546952108867	OK	 
REQUEST	23		rest_Api_checkEmpSalary	1546952106001	1546952109067	OK	 
REQUEST	1		rest_Api_checkEmpSalary	1546952106001	1546952109067	OK	 
REQUEST	19		rest_Api_checkEmpSalary	1546952106307	1546952109272	OK	 
REQUEST	4		rest_Api_checkEmpSalary	1546952106307	1546952109272	OK	 
REQUEST	28		rest_Api_checkEmpSalary	1546952106406	1546952109476	OK	 
REQUEST	21		rest_Api_checkEmpSalary	1546952106406	1546952109476	OK	 
REQUEST	16		rest_Api_checkEmpSalary	1546952106602	1546952109681	OK	 
REQUEST	2		rest_Api_checkEmpSalary	1546952106602	1546952109681	OK	 
REQUEST	14		rest_Api_checkEmpSalary	1546952106803	1546952109908	OK	 
REQUEST	3		rest_Api_checkEmpSalary	1546952106803	1546952109909	OK	 
REQUEST	26		rest_Api_checkEmpSalary	1546952107021	1546952110012	OK	 
REQUEST	18		rest_Api_checkEmpSalary	1546952107019	1546952110014	OK	 
REQUEST	15		rest_Api_checkEmpSalary	1546952107225	1546952110226	OK	 
REQUEST	13		rest_Api_checkEmpSalary	1546952107224	1546952110227	OK	 
REQUEST	11		rest_Api_checkEmpSalary	1546952107428	1546952110607	OK	 
REQUEST	24		rest_Api_checkEmpSalary	1546952107428	1546952110607	OK	 
REQUEST	29		rest_Api_checkEmpSalary	1546952107634	1546952110614	OK	 
REQUEST	20		rest_Api_checkEmpSalary	1546952107634	1546952110614	OK	 
REQUEST	22		rest_Api_checkEmpSalary	1546952107844	1546952110910	OK	 
REQUEST	12		rest_Api_checkEmpSalary	1546952107844	1546952110910	OK	 
REQUEST	10		rest_Api_checkEmpSalary	1546952108044	1546952111016	OK	 
REQUEST	9		rest_Api_checkEmpSalary	1546952108044	1546952111016	OK	 
REQUEST	7		rest_Api_checkEmpSalary	1546952108248	1546952111320	OK	 
REQUEST	27		rest_Api_checkEmpSalary	1546952108248	1546952111320	OK	 
REQUEST	17		rest_Api_checkEmpSalary	1546952108453	1546952111416	OK	 
REQUEST	5		rest_Api_checkEmpSalary	1546952108453	1546952111416	OK	 
REQUEST	8		rest_Api_checkEmpSalary	1546952108658	1546952111627	OK	 
REQUEST	30		rest_Api_checkEmpSalary	1546952108658	1546952111627	OK	 
REQUEST	25		rest_Api_checkEmpSalary	1546952108868	1546952111832	OK	 
REQUEST	6		rest_Api_checkEmpSalary	1546952108868	1546952111832	OK	 
REQUEST	1		rest_Api_checkEmpSalary	1546952109068	1546952112036	OK	 
REQUEST	23		rest_Api_checkEmpSalary	1546952109068	1546952112037	OK	 
REQUEST	4		rest_Api_checkEmpSalary	1546952109273	1546952112241	OK	 
REQUEST	19		rest_Api_checkEmpSalary	1546952109273	1546952112241	OK	 
REQUEST	21		rest_Api_checkEmpSalary	1546952109477	1546952112446	OK	 
REQUEST	28		rest_Api_checkEmpSalary	1546952109477	1546952112446	OK	 
REQUEST	16		rest_Api_checkEmpSalary	1546952109682	1546952112651	OK	 
REQUEST	2		rest_Api_checkEmpSalary	1546952109682	1546952112651	OK	 
REQUEST	14		rest_Api_checkEmpSalary	1546952109909	1546952112856	OK	 
REQUEST	3		rest_Api_checkEmpSalary	1546952109909	1546952112856	OK	 
REQUEST	26		rest_Api_checkEmpSalary	1546952110013	1546952113060	OK	 
REQUEST	18		rest_Api_checkEmpSalary	1546952110014	1546952113062	OK	 
REQUEST	13		rest_Api_checkEmpSalary	1546952110227	1546952113266	OK	 
REQUEST	15		rest_Api_checkEmpSalary	1546952110227	1546952113266	OK	 
REQUEST	24		rest_Api_checkEmpSalary	1546952110608	1546952113470	OK	 
REQUEST	11		rest_Api_checkEmpSalary	1546952110608	1546952113470	OK	 
REQUEST	20		rest_Api_checkEmpSalary	1546952110615	1546952113675	OK	 
REQUEST	29		rest_Api_checkEmpSalary	1546952110615	1546952113675	OK	 
REQUEST	12		rest_Api_checkEmpSalary	1546952110910	1546952113879	OK	 
REQUEST	22		rest_Api_checkEmpSalary	1546952110910	1546952113879	OK	 
REQUEST	9		rest_Api_checkEmpSalary	1546952111017	1546952114085	OK	 
REQUEST	10		rest_Api_checkEmpSalary	1546952111017	1546952114085	OK	 
REQUEST	7		rest_Api_checkEmpSalary	1546952111321	1546952114290	OK	 
REQUEST	27		rest_Api_checkEmpSalary	1546952111321	1546952114290	OK	 
REQUEST	17		rest_Api_checkEmpSalary	1546952111417	1546952114494	OK	 
REQUEST	5		rest_Api_checkEmpSalary	1546952111417	1546952114494	OK	 
REQUEST	8		rest_Api_checkEmpSalary	1546952111628	1546952114699	OK	 
REQUEST	30		rest_Api_checkEmpSalary	1546952111628	1546952114699	OK	 
REQUEST	6		rest_Api_checkEmpSalary	1546952111832	1546952114903	OK	 
REQUEST	25		rest_Api_checkEmpSalary	1546952111832	1546952114903	OK	 
REQUEST	1		rest_Api_checkEmpSalary	1546952112037	1546952115109	OK	 
REQUEST	23		rest_Api_checkEmpSalary	1546952112038	1546952115109	OK	 
REQUEST	19		rest_Api_checkEmpSalary	1546952112242	1546952115314	OK	 
REQUEST	4		rest_Api_checkEmpSalary	1546952112242	1546952115314	OK	 
REQUEST	28		rest_Api_checkEmpSalary	1546952112446	1546952115429	OK	 
REQUEST	21		rest_Api_checkEmpSalary	1546952112446	1546952115429	OK	 
REQUEST	16		rest_Api_checkEmpSalary	1546952112651	1546952115723	OK	 
REQUEST	2		rest_Api_checkEmpSalary	1546952112651	1546952115723	OK	 
REQUEST	14		rest_Api_checkEmpSalary	1546952112856	1546952115831	OK	 
REQUEST	3		rest_Api_checkEmpSalary	1546952112856	1546952115831	OK	 
REQUEST	26		rest_Api_checkEmpSalary	1546952113061	1546952116133	OK	 
REQUEST	18		rest_Api_checkEmpSalary	1546952113062	1546952116134	OK	 
REQUEST	15		rest_Api_checkEmpSalary	1546952113267	1546952116235	OK	 
REQUEST	13		rest_Api_checkEmpSalary	1546952113267	1546952116235	OK	 
REQUEST	11		rest_Api_checkEmpSalary	1546952113471	1546952116542	OK	 
REQUEST	24		rest_Api_checkEmpSalary	1546952113471	1546952116542	OK	 
REQUEST	20		rest_Api_checkEmpSalary	1546952113675	1546952116636	OK	 
REQUEST	29		rest_Api_checkEmpSalary	1546952113676	1546952116636	OK	 
REQUEST	12		rest_Api_checkEmpSalary	1546952113880	1546952116850	OK	 
REQUEST	22		rest_Api_checkEmpSalary	1546952113880	1546952116849	OK	 
REQUEST	9		rest_Api_checkEmpSalary	1546952114086	1546952117054	OK	 
REQUEST	10		rest_Api_checkEmpSalary	1546952114086	1546952117054	OK	 
REQUEST	7		rest_Api_checkEmpSalary	1546952114290	1546952117259	OK	 
REQUEST	27		rest_Api_checkEmpSalary	1546952114290	1546952117259	OK	 
REQUEST	5		rest_Api_checkEmpSalary	1546952114495	1546952117463	OK	 
REQUEST	17		rest_Api_checkEmpSalary	1546952114495	1546952117464	OK	 
REQUEST	30		rest_Api_checkEmpSalary	1546952114700	1546952117669	OK	 
REQUEST	8		rest_Api_checkEmpSalary	1546952114700	1546952117669	OK	 
REQUEST	6		rest_Api_checkEmpSalary	1546952114904	1546952117873	OK	 
REQUEST	25		rest_Api_checkEmpSalary	1546952114904	1546952117873	OK	 
REQUEST	23		rest_Api_checkEmpSalary	1546952115110	1546952118078	OK	 
REQUEST	1		rest_Api_checkEmpSalary	1546952115110	1546952118079	OK	 
REQUEST	4		rest_Api_checkEmpSalary	1546952115314	1546952118283	OK	 
REQUEST	19		rest_Api_checkEmpSalary	1546952115314	1546952118283	OK	 
REQUEST	28		rest_Api_checkEmpSalary	1546952115430	1546952118487	OK	 
REQUEST	21		rest_Api_checkEmpSalary	1546952115430	1546952118487	OK	 
REQUEST	2		rest_Api_checkEmpSalary	1546952115724	1546952118701	OK	 
REQUEST	16		rest_Api_checkEmpSalary	1546952115724	1546952118701	OK	 
REQUEST	3		rest_Api_checkEmpSalary	1546952115832	1546952118897	OK	 
REQUEST	14		rest_Api_checkEmpSalary	1546952115832	1546952118897	OK	 
REQUEST	18		rest_Api_checkEmpSalary	1546952116135	1546952119102	OK	 
REQUEST	26		rest_Api_checkEmpSalary	1546952116134	1546952119104	OK	 
REQUEST	13		rest_Api_checkEmpSalary	1546952116235	1546952119243	OK	 
REQUEST	15		rest_Api_checkEmpSalary	1546952116235	1546952119243	OK	 
REQUEST	24		rest_Api_checkEmpSalary	1546952116542	1546952119511	OK	 
REQUEST	11		rest_Api_checkEmpSalary	1546952116542	1546952119511	OK	 
REQUEST	20		rest_Api_checkEmpSalary	1546952116637	1546952119716	OK	 
REQUEST	29		rest_Api_checkEmpSalary	1546952116637	1546952119716	OK	 
REQUEST	22		rest_Api_checkEmpSalary	1546952116850	1546952119921	OK	 
REQUEST	12		rest_Api_checkEmpSalary	1546952116850	1546952119921	OK	 
REQUEST	9		rest_Api_checkEmpSalary	1546952117054	1546952120126	OK	 
REQUEST	10		rest_Api_checkEmpSalary	1546952117055	1546952120126	OK	 
REQUEST	7		rest_Api_checkEmpSalary	1546952117260	1546952120331	OK	 
REQUEST	27		rest_Api_checkEmpSalary	1546952117260	1546952120331	OK	 
REQUEST	17		rest_Api_checkEmpSalary	1546952117464	1546952120447	OK	 
REQUEST	5		rest_Api_checkEmpSalary	1546952117464	1546952120447	OK	 
REQUEST	8		rest_Api_checkEmpSalary	1546952117669	1546952120746	OK	 
REQUEST	30		rest_Api_checkEmpSalary	1546952117669	1546952120746	OK	 
REQUEST	25		rest_Api_checkEmpSalary	1546952117874	1546952120849	OK	 
REQUEST	6		rest_Api_checkEmpSalary	1546952117874	1546952120849	OK	 
REQUEST	1		rest_Api_checkEmpSalary	1546952118079	1546952121150	OK	 
REQUEST	23		rest_Api_checkEmpSalary	1546952118079	1546952121150	OK	 
REQUEST	4		rest_Api_checkEmpSalary	1546952118284	1546952121252	OK	 
REQUEST	19		rest_Api_checkEmpSalary	1546952118284	1546952121252	OK	 
REQUEST	21		rest_Api_checkEmpSalary	1546952118488	1546952121559	OK	 
REQUEST	28		rest_Api_checkEmpSalary	1546952118488	1546952121559	OK	 
REQUEST	2		rest_Api_checkEmpSalary	1546952118702	1546952121651	OK	 
REQUEST	16		rest_Api_checkEmpSalary	1546952118702	1546952121651	OK	 
REQUEST	14		rest_Api_checkEmpSalary	1546952118898	1546952121866	OK	 
REQUEST	3		rest_Api_checkEmpSalary	1546952118898	1546952121866	OK	 
REQUEST	26		rest_Api_checkEmpSalary	1546952119104	1546952122071	OK	 
REQUEST	18		rest_Api_checkEmpSalary	1546952119103	1546952122072	OK	 
REQUEST	15		rest_Api_checkEmpSalary	1546952119243	1546952122276	OK	 
REQUEST	13		rest_Api_checkEmpSalary	1546952119243	1546952122276	OK	 
REQUEST	24		rest_Api_checkEmpSalary	1546952119512	1546952122481	OK	 
REQUEST	11		rest_Api_checkEmpSalary	1546952119512	1546952122481	OK	 
REQUEST	20		rest_Api_checkEmpSalary	1546952119717	1546952122686	OK	 
REQUEST	29		rest_Api_checkEmpSalary	1546952119717	1546952122686	OK	 
REQUEST	22		rest_Api_checkEmpSalary	1546952119922	1546952122891	OK	 
REQUEST	12		rest_Api_checkEmpSalary	1546952119922	1546952122891	OK	 
REQUEST	10		rest_Api_checkEmpSalary	1546952120126	1546952123095	OK	 
REQUEST	9		rest_Api_checkEmpSalary	1546952120126	1546952123096	OK	 
REQUEST	7		rest_Api_checkEmpSalary	1546952120331	1546952123301	OK	 
REQUEST	27		rest_Api_checkEmpSalary	1546952120331	1546952123300	OK	 
REQUEST	17		rest_Api_checkEmpSalary	1546952120447	1546952123505	OK	 
REQUEST	5		rest_Api_checkEmpSalary	1546952120447	1546952123505	OK	 
REQUEST	30		rest_Api_checkEmpSalary	1546952120746	1546952123710	OK	 
REQUEST	8		rest_Api_checkEmpSalary	1546952120746	1546952123710	OK	 
REQUEST	6		rest_Api_checkEmpSalary	1546952120850	1546952123915	OK	 
REQUEST	25		rest_Api_checkEmpSalary	1546952120850	1546952123915	OK	 
REQUEST	23		rest_Api_checkEmpSalary	1546952121150	1546952124120	OK	 
REQUEST	1		rest_Api_checkEmpSalary	1546952121150	1546952124120	OK	 
REQUEST	4		rest_Api_checkEmpSalary	1546952121253	1546952124324	OK	 
REQUEST	19		rest_Api_checkEmpSalary	1546952121253	1546952124324	OK	 
REQUEST	21		rest_Api_checkEmpSalary	1546952121559	1546952124529	OK	 
REQUEST	28		rest_Api_checkEmpSalary	1546952121559	1546952124530	OK	 
REQUEST	2		rest_Api_checkEmpSalary	1546952121652	1546952124751	OK	 
REQUEST	16		rest_Api_checkEmpSalary	1546952121652	1546952124751	OK	 
REQUEST	3		rest_Api_checkEmpSalary	1546952121867	1546952124861	OK	 
REQUEST	14		rest_Api_checkEmpSalary	1546952121867	1546952124861	OK	 
REQUEST	26		rest_Api_checkEmpSalary	1546952122071	1546952125143	OK	 
REQUEST	18		rest_Api_checkEmpSalary	1546952122072	1546952125144	OK	 
REQUEST	13		rest_Api_checkEmpSalary	1546952122277	1546952125348	OK	 
REQUEST	15		rest_Api_checkEmpSalary	1546952122277	1546952125348	OK	 
REQUEST	24		rest_Api_checkEmpSalary	1546952122482	1546952125463	OK	 
REQUEST	11		rest_Api_checkEmpSalary	1546952122482	1546952125463	OK	 
REQUEST	20		rest_Api_checkEmpSalary	1546952122687	1546952125758	OK	 
REQUEST	29		rest_Api_checkEmpSalary	1546952122687	1546952125758	OK	 
REQUEST	22		rest_Api_checkEmpSalary	1546952122892	1546952125864	OK	 
REQUEST	12		rest_Api_checkEmpSalary	1546952122892	1546952125864	OK	 
REQUEST	9		rest_Api_checkEmpSalary	1546952123096	1546952126167	OK	 
REQUEST	10		rest_Api_checkEmpSalary	1546952123096	1546952126167	OK	 
REQUEST	7		rest_Api_checkEmpSalary	1546952123301	1546952126266	OK	 
REQUEST	27		rest_Api_checkEmpSalary	1546952123301	1546952126266	OK	 
REQUEST	17		rest_Api_checkEmpSalary	1546952123506	1546952126475	OK	 
REQUEST	5		rest_Api_checkEmpSalary	1546952123506	1546952126475	OK	 
REQUEST	30		rest_Api_checkEmpSalary	1546952123710	1546952126680	OK	 
REQUEST	8		rest_Api_checkEmpSalary	1546952123710	1546952126679	OK	 
REQUEST	25		rest_Api_checkEmpSalary	1546952123915	1546952126884	OK	 
REQUEST	6		rest_Api_checkEmpSalary	1546952123915	1546952126885	OK	 
REQUEST	1		rest_Api_checkEmpSalary	1546952124121	1546952127089	OK	 
REQUEST	23		rest_Api_checkEmpSalary	1546952124120	1546952127090	OK	 
REQUEST	19		rest_Api_checkEmpSalary	1546952124324	1546952127294	OK	 
REQUEST	4		rest_Api_checkEmpSalary	1546952124324	1546952127294	OK	 
REQUEST	21		rest_Api_checkEmpSalary	1546952124530	1546952127469	OK	 
REQUEST	28		rest_Api_checkEmpSalary	1546952124530	1546952127469	OK	 
REQUEST	2		rest_Api_checkEmpSalary	1546952124751	1546952127704	OK	 
REQUEST	16		rest_Api_checkEmpSalary	1546952124751	1546952127704	OK	 
REQUEST	3		rest_Api_checkEmpSalary	1546952124862	1546952127911	OK	 
REQUEST	14		rest_Api_checkEmpSalary	1546952124862	1546952127911	OK	 
REQUEST	26		rest_Api_checkEmpSalary	1546952125143	1546952128113	OK	 
REQUEST	18		rest_Api_checkEmpSalary	1546952125144	1546952128115	OK	 
REQUEST	15		rest_Api_checkEmpSalary	1546952125349	1546952128318	OK	 
REQUEST	13		rest_Api_checkEmpSalary	1546952125349	1546952128318	OK	 
REQUEST	24		rest_Api_checkEmpSalary	1546952125464	1546952128523	OK	 
REQUEST	11		rest_Api_checkEmpSalary	1546952125464	1546952128523	OK	 
REQUEST	29		rest_Api_checkEmpSalary	1546952125758	1546952128727	OK	 
REQUEST	20		rest_Api_checkEmpSalary	1546952125758	1546952128728	OK	 
REQUEST	12		rest_Api_checkEmpSalary	1546952125865	1546952128932	OK	 
REQUEST	22		rest_Api_checkEmpSalary	1546952125865	1546952128932	OK	 
REQUEST	10		rest_Api_checkEmpSalary	1546952126168	1546952129137	OK	 
REQUEST	9		rest_Api_checkEmpSalary	1546952126168	1546952129137	OK	 
REQUEST	27		rest_Api_checkEmpSalary	1546952126267	1546952129342	OK	 
REQUEST	7		rest_Api_checkEmpSalary	1546952126267	1546952129342	OK	 
REQUEST	17		rest_Api_checkEmpSalary	1546952126476	1546952129547	OK	 
REQUEST	5		rest_Api_checkEmpSalary	1546952126476	1546952129547	OK	 
REQUEST	8		rest_Api_checkEmpSalary	1546952126680	1546952129752	OK	 
REQUEST	30		rest_Api_checkEmpSalary	1546952126680	1546952129752	OK	 
REQUEST	6		rest_Api_checkEmpSalary	1546952126885	1546952129956	OK	 
REQUEST	25		rest_Api_checkEmpSalary	1546952126884	1546952129956	OK	 
REQUEST	23		rest_Api_checkEmpSalary	1546952127090	1546952130161	OK	 
REQUEST	1		rest_Api_checkEmpSalary	1546952127090	1546952130161	OK	 
REQUEST	19		rest_Api_checkEmpSalary	1546952127294	1546952130279	OK	 
REQUEST	4		rest_Api_checkEmpSalary	1546952127295	1546952130279	OK	 
REQUEST	28		rest_Api_checkEmpSalary	1546952127470	1546952130573	OK	 
REQUEST	21		rest_Api_checkEmpSalary	1546952127470	1546952130573	OK	 
REQUEST	16		rest_Api_checkEmpSalary	1546952127704	1546952130681	OK	 
REQUEST	2		rest_Api_checkEmpSalary	1546952127704	1546952130681	OK	 
REQUEST	14		rest_Api_checkEmpSalary	1546952127911	1546952130981	OK	 
REQUEST	3		rest_Api_checkEmpSalary	1546952127911	1546952130980	OK	 
REQUEST	26		rest_Api_checkEmpSalary	1546952128114	1546952131083	OK	 
REQUEST	18		rest_Api_checkEmpSalary	1546952128115	1546952131083	OK	 
REQUEST	15		rest_Api_checkEmpSalary	1546952128319	1546952131390	OK	 
REQUEST	13		rest_Api_checkEmpSalary	1546952128319	1546952131390	OK	 
REQUEST	11		rest_Api_checkEmpSalary	1546952128523	1546952131483	OK	 
REQUEST	24		rest_Api_checkEmpSalary	1546952128523	1546952131483	OK	 
REQUEST	20		rest_Api_checkEmpSalary	1546952128728	1546952131697	OK	 
REQUEST	29		rest_Api_checkEmpSalary	1546952128728	1546952131697	OK	 
REQUEST	22		rest_Api_checkEmpSalary	1546952128932	1546952131902	OK	 
REQUEST	12		rest_Api_checkEmpSalary	1546952128932	1546952131902	OK	 
REQUEST	9		rest_Api_checkEmpSalary	1546952129138	1546952132107	OK	 
REQUEST	10		rest_Api_checkEmpSalary	1546952129138	1546952132107	OK	 
REQUEST	7		rest_Api_checkEmpSalary	1546952129343	1546952132312	OK	 
REQUEST	27		rest_Api_checkEmpSalary	1546952129343	1546952132312	OK	 
REQUEST	17		rest_Api_checkEmpSalary	1546952129548	1546952132517	OK	 
REQUEST	5		rest_Api_checkEmpSalary	1546952129548	1546952132517	OK	 
REQUEST	30		rest_Api_checkEmpSalary	1546952129752	1546952132721	OK	 
REQUEST	8		rest_Api_checkEmpSalary	1546952129752	1546952132721	OK	 
REQUEST	25		rest_Api_checkEmpSalary	1546952129956	1546952132926	OK	 
REQUEST	6		rest_Api_checkEmpSalary	1546952129956	1546952132926	OK	 
REQUEST	23		rest_Api_checkEmpSalary	1546952130162	1546952133133	OK	 
REQUEST	1		rest_Api_checkEmpSalary	1546952130162	1546952133133	OK	 
USER	Loadtest	1	END	1546952010470	1546952133138
REQUEST	19		rest_Api_checkEmpSalary	1546952130280	1546952133291	OK	 
REQUEST	4		rest_Api_checkEmpSalary	1546952130280	1546952133293	OK	 
REQUEST	28		rest_Api_checkEmpSalary	1546952130573	1546952133541	OK	 
REQUEST	21		rest_Api_checkEmpSalary	1546952130573	1546952133541	OK	 
REQUEST	2		rest_Api_checkEmpSalary	1546952130682	1546952133745	OK	 
REQUEST	16		rest_Api_checkEmpSalary	1546952130681	1546952133745	OK	 
USER	Loadtest	2	END	1546952011544	1546952133745
REQUEST	3		rest_Api_checkEmpSalary	1546952130981	1546952133893	OK	 
REQUEST	14		rest_Api_checkEmpSalary	1546952130982	1546952133893	OK	 
USER	Loadtest	3	END	1546952012543	1546952133893
REQUEST	26		rest_Api_checkEmpSalary	1546952131083	1546952134155	OK	 
REQUEST	18		rest_Api_checkEmpSalary	1546952131084	1546952134156	OK	 
REQUEST	15		rest_Api_checkEmpSalary	1546952131391	1546952134359	OK	 
REQUEST	13		rest_Api_checkEmpSalary	1546952131391	1546952134360	OK	 
REQUEST	24		rest_Api_checkEmpSalary	1546952131483	1546952134565	OK	 
REQUEST	11		rest_Api_checkEmpSalary	1546952131483	1546952134565	OK	 
REQUEST	29		rest_Api_checkEmpSalary	1546952131698	1546952134747	OK	 
REQUEST	20		rest_Api_checkEmpSalary	1546952131698	1546952134747	OK	 
REQUEST	22		rest_Api_checkEmpSalary	1546952131903	1546952134974	OK	 
REQUEST	12		rest_Api_checkEmpSalary	1546952131903	1546952134974	OK	 
REQUEST	9		rest_Api_checkEmpSalary	1546952132107	1546952135179	OK	 
REQUEST	10		rest_Api_checkEmpSalary	1546952132108	1546952135179	OK	 
REQUEST	27		rest_Api_checkEmpSalary	1546952132312	1546952135298	OK	 
REQUEST	7		rest_Api_checkEmpSalary	1546952132312	1546952135298	OK	 
REQUEST	17		rest_Api_checkEmpSalary	1546952132518	1546952135589	OK	 
REQUEST	5		rest_Api_checkEmpSalary	1546952132518	1546952135589	OK	 
USER	Loadtest	5	END	1546952014464	1546952135590
REQUEST	8		rest_Api_checkEmpSalary	1546952132721	1546952135699	OK	 
REQUEST	30		rest_Api_checkEmpSalary	1546952132721	1546952135699	OK	 
REQUEST	6		rest_Api_checkEmpSalary	1546952132926	1546952135998	OK	 
REQUEST	25		rest_Api_checkEmpSalary	1546952132926	1546952135998	OK	 
USER	Loadtest	6	END	1546952015464	1546952136000
REQUEST	19		rest_Api_checkEmpSalary	1546952133293	1546952136113	OK	 
REQUEST	23		rest_Api_checkEmpSalary	1546952133134	1546952136113	OK	 
REQUEST	4		rest_Api_checkEmpSalary	1546952133294	1546952136459	OK	 
REQUEST	21		rest_Api_checkEmpSalary	1546952133542	1546952136460	OK	 
USER	Loadtest	4	END	1546952013464	1546952136460
REQUEST	16		rest_Api_checkEmpSalary	1546952133745	1546952136501	OK	 
REQUEST	28		rest_Api_checkEmpSalary	1546952133542	1546952136501	OK	 
REQUEST	14		rest_Api_checkEmpSalary	1546952133893	1546952136714	OK	 
REQUEST	26		rest_Api_checkEmpSalary	1546952134155	1546952136715	OK	 
REQUEST	15		rest_Api_checkEmpSalary	1546952134360	1546952136919	OK	 
REQUEST	18		rest_Api_checkEmpSalary	1546952134157	1546952136919	OK	 
REQUEST	13		rest_Api_checkEmpSalary	1546952134360	1546952137125	OK	 
REQUEST	11		rest_Api_checkEmpSalary	1546952134565	1546952137125	OK	 
REQUEST	20		rest_Api_checkEmpSalary	1546952134749	1546952137329	OK	 
REQUEST	24		rest_Api_checkEmpSalary	1546952134565	1546952137329	OK	 
REQUEST	22		rest_Api_checkEmpSalary	1546952134975	1546952137534	OK	 
REQUEST	29		rest_Api_checkEmpSalary	1546952134749	1546952137534	OK	 
REQUEST	12		rest_Api_checkEmpSalary	1546952134975	1546952137738	OK	 
REQUEST	10		rest_Api_checkEmpSalary	1546952135180	1546952137739	OK	 
REQUEST	9		rest_Api_checkEmpSalary	1546952135180	1546952137943	OK	 
REQUEST	27		rest_Api_checkEmpSalary	1546952135299	1546952137943	OK	 
REQUEST	17		rest_Api_checkEmpSalary	1546952135590	1546952138149	OK	 
REQUEST	7		rest_Api_checkEmpSalary	1546952135299	1546952138149	OK	 
USER	Loadtest	7	END	1546952016463	1546952138150
REQUEST	30		rest_Api_checkEmpSalary	1546952135700	1546952138353	OK	 
REQUEST	8		rest_Api_checkEmpSalary	1546952135700	1546952138353	OK	 
USER	Loadtest	8	END	1546952017464	1546952138354
REQUEST	25		rest_Api_checkEmpSalary	1546952136000	1546952138507	OK	 
REQUEST	23		rest_Api_checkEmpSalary	1546952136114	1546952138507	OK	 
REQUEST	19		rest_Api_checkEmpSalary	1546952136114	1546952138762	OK	 
REQUEST	21		rest_Api_checkEmpSalary	1546952136460	1546952138762	OK	 
REQUEST	16		rest_Api_checkEmpSalary	1546952136501	1546952138967	OK	 
REQUEST	28		rest_Api_checkEmpSalary	1546952136501	1546952138967	OK	 
REQUEST	26		rest_Api_checkEmpSalary	1546952136715	1546952139172	OK	 
REQUEST	14		rest_Api_checkEmpSalary	1546952136715	1546952139172	OK	 
REQUEST	15		rest_Api_checkEmpSalary	1546952136919	1546952139377	OK	 
REQUEST	18		rest_Api_checkEmpSalary	1546952136919	1546952139377	OK	 
REQUEST	11		rest_Api_checkEmpSalary	1546952137126	1546952139588	OK	 
REQUEST	13		rest_Api_checkEmpSalary	1546952137126	1546952139588	OK	 
REQUEST	24		rest_Api_checkEmpSalary	1546952137330	1546952139721	OK	 
REQUEST	20		rest_Api_checkEmpSalary	1546952137330	1546952139721	OK	 
REQUEST	22		rest_Api_checkEmpSalary	1546952137535	1546952139912	OK	 
REQUEST	29		rest_Api_checkEmpSalary	1546952137535	1546952139912	OK	 
REQUEST	12		rest_Api_checkEmpSalary	1546952137739	1546952140200	OK	 
REQUEST	10		rest_Api_checkEmpSalary	1546952137740	1546952140200	OK	 
USER	Loadtest	10	END	1546952019464	1546952140202
REQUEST	9		rest_Api_checkEmpSalary	1546952137944	1546952140324	OK	 
REQUEST	27		rest_Api_checkEmpSalary	1546952137944	1546952140324	OK	 
USER	Loadtest	9	END	1546952018464	1546952140326
REQUEST	30		rest_Api_checkEmpSalary	1546952138354	1546952140514	OK	 
REQUEST	17		rest_Api_checkEmpSalary	1546952138149	1546952140514	OK	 
REQUEST	23		rest_Api_checkEmpSalary	1546952138508	1546952140817	OK	 
REQUEST	25		rest_Api_checkEmpSalary	1546952138508	1546952140818	OK	 
REQUEST	21		rest_Api_checkEmpSalary	1546952138763	1546952141024	OK	 
REQUEST	19		rest_Api_checkEmpSalary	1546952138762	1546952141024	OK	 
REQUEST	16		rest_Api_checkEmpSalary	1546952138968	1546952141118	OK	 
REQUEST	28		rest_Api_checkEmpSalary	1546952138968	1546952141118	OK	 
REQUEST	14		rest_Api_checkEmpSalary	1546952139172	1546952141425	OK	 
REQUEST	26		rest_Api_checkEmpSalary	1546952139172	1546952141425	OK	 
REQUEST	18		rest_Api_checkEmpSalary	1546952139378	1546952141527	OK	 
REQUEST	15		rest_Api_checkEmpSalary	1546952139378	1546952141527	OK	 
REQUEST	13		rest_Api_checkEmpSalary	1546952139589	1546952141732	OK	 
REQUEST	11		rest_Api_checkEmpSalary	1546952139589	1546952141732	OK	 
USER	Loadtest	11	END	1546952020463	1546952141734
REQUEST	24		rest_Api_checkEmpSalary	1546952139721	1546952141937	OK	 
REQUEST	20		rest_Api_checkEmpSalary	1546952139721	1546952141937	OK	 
REQUEST	22		rest_Api_checkEmpSalary	1546952139912	1546952142142	OK	 
REQUEST	29		rest_Api_checkEmpSalary	1546952139912	1546952142142	OK	 
REQUEST	12		rest_Api_checkEmpSalary	1546952140201	1546952142347	OK	 
REQUEST	27		rest_Api_checkEmpSalary	1546952140325	1546952142347	OK	 
USER	Loadtest	12	END	1546952021464	1546952142348
REQUEST	17		rest_Api_checkEmpSalary	1546952140515	1546952142557	OK	 
REQUEST	30		rest_Api_checkEmpSalary	1546952140515	1546952142556	OK	 
REQUEST	25		rest_Api_checkEmpSalary	1546952140818	1546952142757	OK	 
REQUEST	23		rest_Api_checkEmpSalary	1546952140818	1546952142757	OK	 
REQUEST	19		rest_Api_checkEmpSalary	1546952141025	1546952142961	OK	 
REQUEST	21		rest_Api_checkEmpSalary	1546952141025	1546952142961	OK	 
REQUEST	16		rest_Api_checkEmpSalary	1546952141118	1546952143166	OK	 
REQUEST	28		rest_Api_checkEmpSalary	1546952141119	1546952143166	OK	 
REQUEST	26		rest_Api_checkEmpSalary	1546952141425	1546952143371	OK	 
REQUEST	14		rest_Api_checkEmpSalary	1546952141425	1546952143371	OK	 
REQUEST	18		rest_Api_checkEmpSalary	1546952141528	1546952143579	OK	 
REQUEST	15		rest_Api_checkEmpSalary	1546952141528	1546952143579	OK	 
REQUEST	24		rest_Api_checkEmpSalary	1546952141938	1546952143781	OK	 
REQUEST	13		rest_Api_checkEmpSalary	1546952141733	1546952143781	OK	 
USER	Loadtest	13	END	1546952022464	1546952143783
REQUEST	20		rest_Api_checkEmpSalary	1546952141938	1546952143925	OK	 
REQUEST	22		rest_Api_checkEmpSalary	1546952142142	1546952143926	OK	 
REQUEST	27		rest_Api_checkEmpSalary	1546952142347	1546952144190	OK	 
REQUEST	29		rest_Api_checkEmpSalary	1546952142142	1546952144190	OK	 
REQUEST	17		rest_Api_checkEmpSalary	1546952142557	1546952144395	OK	 
REQUEST	30		rest_Api_checkEmpSalary	1546952142557	1546952144395	OK	 
REQUEST	23		rest_Api_checkEmpSalary	1546952142757	1546952144599	OK	 
REQUEST	25		rest_Api_checkEmpSalary	1546952142757	1546952144599	OK	 
REQUEST	19		rest_Api_checkEmpSalary	1546952142961	1546952144804	OK	 
REQUEST	21		rest_Api_checkEmpSalary	1546952142961	1546952144805	OK	 
REQUEST	28		rest_Api_checkEmpSalary	1546952143166	1546952145009	OK	 
REQUEST	16		rest_Api_checkEmpSalary	1546952143166	1546952145009	OK	 
REQUEST	14		rest_Api_checkEmpSalary	1546952143371	1546952145214	OK	 
REQUEST	26		rest_Api_checkEmpSalary	1546952143371	1546952145214	OK	 
USER	Loadtest	14	END	1546952023463	1546952145215
REQUEST	15		rest_Api_checkEmpSalary	1546952143580	1546952145330	OK	 
REQUEST	18		rest_Api_checkEmpSalary	1546952143580	1546952145330	OK	 
USER	Loadtest	15	END	1546952024464	1546952145332
REQUEST	24		rest_Api_checkEmpSalary	1546952143782	1546952145624	OK	 
REQUEST	20		rest_Api_checkEmpSalary	1546952143925	1546952145624	OK	 
REQUEST	22		rest_Api_checkEmpSalary	1546952143926	1546952145732	OK	 
REQUEST	29		rest_Api_checkEmpSalary	1546952144190	1546952145732	OK	 
REQUEST	27		rest_Api_checkEmpSalary	1546952144190	1546952146033	OK	 
REQUEST	30		rest_Api_checkEmpSalary	1546952144395	1546952146033	OK	 
REQUEST	17		rest_Api_checkEmpSalary	1546952144395	1546952146135	OK	 
REQUEST	23		rest_Api_checkEmpSalary	1546952144600	1546952146135	OK	 
REQUEST	25		rest_Api_checkEmpSalary	1546952144600	1546952146443	OK	 
REQUEST	19		rest_Api_checkEmpSalary	1546952144805	1546952146443	OK	 
REQUEST	21		rest_Api_checkEmpSalary	1546952144805	1546952146534	OK	 
REQUEST	28		rest_Api_checkEmpSalary	1546952145009	1546952146534	OK	 
REQUEST	16		rest_Api_checkEmpSalary	1546952145009	1546952146743	OK	 
REQUEST	26		rest_Api_checkEmpSalary	1546952145215	1546952146743	OK	 
USER	Loadtest	16	END	1546952025464	1546952146744
REQUEST	18		rest_Api_checkEmpSalary	1546952145331	1546952146935	OK	 
REQUEST	24		rest_Api_checkEmpSalary	1546952145624	1546952146935	OK	 
REQUEST	20		rest_Api_checkEmpSalary	1546952145625	1546952147178	OK	 
REQUEST	22		rest_Api_checkEmpSalary	1546952145732	1546952147178	OK	 
REQUEST	29		rest_Api_checkEmpSalary	1546952145732	1546952147365	OK	 
REQUEST	27		rest_Api_checkEmpSalary	1546952146034	1546952147364	OK	 
REQUEST	17		rest_Api_checkEmpSalary	1546952146136	1546952147572	OK	 
REQUEST	30		rest_Api_checkEmpSalary	1546952146034	1546952147572	OK	 
USER	Loadtest	17	END	1546952026464	1546952147573
REQUEST	25		rest_Api_checkEmpSalary	1546952146444	1546952147737	OK	 
REQUEST	23		rest_Api_checkEmpSalary	1546952146136	1546952147737	OK	 
REQUEST	28		rest_Api_checkEmpSalary	1546952146534	1546952147981	OK	 
REQUEST	19		rest_Api_checkEmpSalary	1546952146444	1546952147981	OK	 
REQUEST	26		rest_Api_checkEmpSalary	1546952146744	1546952148184	OK	 
REQUEST	21		rest_Api_checkEmpSalary	1546952146534	1546952148184	OK	 
REQUEST	18		rest_Api_checkEmpSalary	1546952146936	1546952148388	OK	 
REQUEST	24		rest_Api_checkEmpSalary	1546952146936	1546952148388	OK	 
USER	Loadtest	18	END	1546952027463	1546952148390
REQUEST	20		rest_Api_checkEmpSalary	1546952147178	1546952148540	OK	 
REQUEST	22		rest_Api_checkEmpSalary	1546952147179	1546952148542	OK	 
REQUEST	29		rest_Api_checkEmpSalary	1546952147365	1546952148798	OK	 
REQUEST	27		rest_Api_checkEmpSalary	1546952147365	1546952148798	OK	 
REQUEST	30		rest_Api_checkEmpSalary	1546952147573	1546952149003	OK	 
REQUEST	23		rest_Api_checkEmpSalary	1546952147738	1546952149003	OK	 
REQUEST	25		rest_Api_checkEmpSalary	1546952147738	1546952149208	OK	 
REQUEST	28		rest_Api_checkEmpSalary	1546952147982	1546952149209	OK	 
REQUEST	26		rest_Api_checkEmpSalary	1546952148184	1546952149413	OK	 
REQUEST	19		rest_Api_checkEmpSalary	1546952147982	1546952149413	OK	 
USER	Loadtest	19	END	1546952028463	1546952149414
REQUEST	21		rest_Api_checkEmpSalary	1546952148184	1546952149547	OK	 
REQUEST	24		rest_Api_checkEmpSalary	1546952148389	1546952149547	OK	 
REQUEST	20		rest_Api_checkEmpSalary	1546952148541	1546952149822	OK	 
REQUEST	22		rest_Api_checkEmpSalary	1546952148542	1546952149823	OK	 
USER	Loadtest	20	END	1546952029464	1546952149823
REQUEST	29		rest_Api_checkEmpSalary	1546952148799	1546952149944	OK	 
REQUEST	27		rest_Api_checkEmpSalary	1546952148799	1546952149945	OK	 
REQUEST	30		rest_Api_checkEmpSalary	1546952149003	1546952150232	OK	 
REQUEST	23		rest_Api_checkEmpSalary	1546952149003	1546952150232	OK	 
REQUEST	28		rest_Api_checkEmpSalary	1546952149209	1546952150345	OK	 
REQUEST	25		rest_Api_checkEmpSalary	1546952149209	1546952150346	OK	 
REQUEST	26		rest_Api_checkEmpSalary	1546952149413	1546952150647	OK	 
REQUEST	24		rest_Api_checkEmpSalary	1546952149548	1546952150648	OK	 
REQUEST	21		rest_Api_checkEmpSalary	1546952149548	1546952150746	OK	 
REQUEST	22		rest_Api_checkEmpSalary	1546952149823	1546952150747	OK	 
USER	Loadtest	21	END	1546952030464	1546952150748
REQUEST	29		rest_Api_checkEmpSalary	1546952149944	1546952150949	OK	 
REQUEST	27		rest_Api_checkEmpSalary	1546952149946	1546952150949	OK	 
REQUEST	30		rest_Api_checkEmpSalary	1546952150232	1546952151256	OK	 
REQUEST	23		rest_Api_checkEmpSalary	1546952150232	1546952151256	OK	 
REQUEST	25		rest_Api_checkEmpSalary	1546952150346	1546952151348	OK	 
REQUEST	28		rest_Api_checkEmpSalary	1546952150346	1546952151348	OK	 
REQUEST	24		rest_Api_checkEmpSalary	1546952150648	1546952151563	OK	 
REQUEST	26		rest_Api_checkEmpSalary	1546952150648	1546952151563	OK	 
REQUEST	22		rest_Api_checkEmpSalary	1546952150844	1546952151750	OK	 
REQUEST	29		rest_Api_checkEmpSalary	1546952150950	1546952151750	OK	 
USER	Loadtest	22	END	1546952031464	1546952151752
REQUEST	27		rest_Api_checkEmpSalary	1546952150950	1546952151950	OK	 
REQUEST	30		rest_Api_checkEmpSalary	1546952151256	1546952151950	OK	 
REQUEST	28		rest_Api_checkEmpSalary	1546952151349	1546952152192	OK	 
REQUEST	23		rest_Api_checkEmpSalary	1546952151256	1546952152192	OK	 
REQUEST	25		rest_Api_checkEmpSalary	1546952151349	1546952152351	OK	 
REQUEST	24		rest_Api_checkEmpSalary	1546952151664	1546952152351	OK	 
REQUEST	27		rest_Api_checkEmpSalary	1546952151951	1546952152587	OK	 
REQUEST	26		rest_Api_checkEmpSalary	1546952151664	1546952152587	OK	 
REQUEST	29		rest_Api_checkEmpSalary	1546952151964	1546952152752	OK	 
REQUEST	23		rest_Api_checkEmpSalary	1546952152274	1546952152752	OK	 
USER	Loadtest	23	END	1546952032464	1546952152753
REQUEST	30		rest_Api_checkEmpSalary	1546952152274	1546952152977	OK	 
REQUEST	25		rest_Api_checkEmpSalary	1546952152352	1546952152977	OK	 
REQUEST	28		rest_Api_checkEmpSalary	1546952152364	1546952153201	OK	 
REQUEST	24		rest_Api_checkEmpSalary	1546952152684	1546952153201	OK	 
REQUEST	26		rest_Api_checkEmpSalary	1546952152684	1546952153354	OK	 
REQUEST	27		rest_Api_checkEmpSalary	1546952152974	1546952153354	OK	 
REQUEST	30		rest_Api_checkEmpSalary	1546952153294	1546952153611	OK	 
REQUEST	29		rest_Api_checkEmpSalary	1546952152984	1546952153611	OK	 
USER	Loadtest	24	END	1546952033464	1546952153703
REQUEST	25		rest_Api_checkEmpSalary	1546952153374	1546952153755	OK	 
REQUEST	28		rest_Api_checkEmpSalary	1546952153384	1546952153755	OK	 
REQUEST	26		rest_Api_checkEmpSalary	1546952153703	1546952153996	OK	 
REQUEST	29		rest_Api_checkEmpSalary	1546952154004	1546952154225	OK	 
REQUEST	27		rest_Api_checkEmpSalary	1546952153994	1546952154225	OK	 
REQUEST	25		rest_Api_checkEmpSalary	1546952154394	1546952154635	OK	 
REQUEST	30		rest_Api_checkEmpSalary	1546952154314	1546952154635	OK	 
USER	Loadtest	25	END	1546952034464	1546952154636
REQUEST	28		rest_Api_checkEmpSalary	1546952154404	1546952154734	OK	 
REQUEST	26		rest_Api_checkEmpSalary	1546952154724	1546952155016	OK	 
REQUEST	27		rest_Api_checkEmpSalary	1546952155014	1546952155249	OK	 
REQUEST	29		rest_Api_checkEmpSalary	1546952155024	1546952155250	OK	 
REQUEST	30		rest_Api_checkEmpSalary	1546952155334	1546952155659	OK	 
REQUEST	28		rest_Api_checkEmpSalary	1546952155424	1546952155659	OK	 
USER	Loadtest	26	END	1546952035464	1546952155744
REQUEST	27		rest_Api_checkEmpSalary	1546952156034	1546952156274	OK	 
REQUEST	29		rest_Api_checkEmpSalary	1546952156044	1546952156274	OK	 
REQUEST	30		rest_Api_checkEmpSalary	1546952156354	1546952156580	OK	 
REQUEST	28		rest_Api_checkEmpSalary	1546952156444	1546952156663	OK	 
USER	Loadtest	27	END	1546952036463	1546952157054
REQUEST	29		rest_Api_checkEmpSalary	1546952157064	1546952157297	OK	 
REQUEST	30		rest_Api_checkEmpSalary	1546952157374	1546952157605	OK	 
REQUEST	28		rest_Api_checkEmpSalary	1546952157464	1546952157682	OK	 
USER	Loadtest	28	END	1546952037464	1546952157682
REQUEST	29		rest_Api_checkEmpSalary	1546952158084	1546952158321	OK	 
REQUEST	30		rest_Api_checkEmpSalary	1546952158394	1546952158631	OK	 
USER	Loadtest	29	END	1546952038463	1546952159103
REQUEST	30		rest_Api_checkEmpSalary	1546952159414	1546952159652	OK	 
USER	Loadtest	30	END	1546952039464	1546952159654
